2023-12-14 20:45:10,688 [INFO] Activator:176 - 


2023-12-14 20:45:10,696 [INFO] Activator:177 - !SESSION log4j initialized
2023-12-14 20:45:26,272 [INFO] LogOutputStream:77 - [STDOUT_REDIRECT] 
2023-12-14 20:45:30,209 [INFO] ApplicationProperties:184 - Using Application install path: D:\STM32CubeIDE_1.13.2\STM32CubeIDE\plugins\com.st.stm32cube.common.mx_6.9.2.202309101412
2023-12-14 20:45:30,238 [INFO] DbMcusXml:78 - Set database path to: D:\STM32CubeIDE_1.13.2\STM32CubeIDE\plugins\com.st.stm32cube.common.mx_6.9.2.202309101412\\db\/mcu/
2023-12-14 20:45:30,239 [INFO] ApiDb:274 - Set plugin database path to: D:\STM32CubeIDE_1.13.2\STM32CubeIDE\plugins\com.st.stm32cube.common.mx_6.9.2.202309101412\\db\/plugins/boardmanager/
2023-12-14 20:45:30,239 [WARN] ApiDb:259 - Overriding images path with different value:  => D:\STM32CubeIDE_1.13.2\STM32CubeIDE\plugins\com.st.stm32cube.common.mx_6.9.2.202309101412\\db\/plugins/mcufinder/images/
2023-12-14 20:45:30,262 [INFO] ApiDb:250 - Set database path to: C:\Users\Toan\.stmcufinder\plugins\mcufinder//mcu/
2023-12-14 20:45:30,265 [INFO] DbMcusAds:125 - Set database path to: C:\Users\Toan\.stmcufinder\plugins\mcufinder//mcu/
2023-12-14 20:45:30,986 [INFO] CrossReferenceDbSqlite:203 - Set database path to: C:\Users\Toan\.stmcufinder\plugins\mcufinder//mcu/cs/
2023-12-14 20:45:31,308 [INFO] RulesReader:64 - Compatibility file has been processed (293 Rules)
2023-12-14 20:45:31,527 [INFO] DbMcusXml:78 - Set database path to: D:\STM32CubeIDE_1.13.2\STM32CubeIDE\plugins\com.st.stm32cube.common.mx_6.9.2.202309101412\\db\/mcu/
2023-12-14 20:45:31,528 [INFO] ApiDb:274 - Set plugin database path to: D:\STM32CubeIDE_1.13.2\STM32CubeIDE\plugins\com.st.stm32cube.common.mx_6.9.2.202309101412\\db\/plugins/boardmanager/
2023-12-14 20:45:31,528 [INFO] ApiDb:261 - Set plugin images path to: D:\STM32CubeIDE_1.13.2\STM32CubeIDE\plugins\com.st.stm32cube.common.mx_6.9.2.202309101412\\db\/plugins/mcufinder/images/
2023-12-14 20:45:31,528 [WARN] DbFile:41 - Overriding database path with different value: C:\Users\Toan\.stmcufinder\plugins\mcufinder/ => C:\Users\Toan\.stmcufinder\plugins\mcufinder
2023-12-14 20:45:31,529 [INFO] ApiDb:250 - Set database path to: C:\Users\Toan\.stmcufinder\plugins\mcufinder//mcu/
2023-12-14 20:45:31,529 [WARN] DbFile:41 - Overriding database path with different value: C:\Users\Toan\.stmcufinder\plugins\mcufinder/ => C:\Users\Toan\.stmcufinder\plugins\mcufinder
2023-12-14 20:45:31,529 [INFO] DbMcusAds:125 - Set database path to: C:\Users\Toan\.stmcufinder\plugins\mcufinder//mcu/
2023-12-14 20:45:31,529 [WARN] DbFile:41 - Overriding database path with different value: C:\Users\Toan\.stmcufinder\plugins\mcufinder/ => C:\Users\Toan\.stmcufinder\plugins\mcufinder
2023-12-14 20:45:31,529 [WARN] DbFile:41 - Overriding database path with different value: C:\Users\Toan\.stmcufinder\plugins\mcufinder/ => C:\Users\Toan\.stmcufinder\plugins\mcufinder
2023-12-14 20:45:32,484 [INFO] CrossReferenceDbSqlite:203 - Set database path to: C:\Users\Toan\.stmcufinder\plugins\mcufinder//mcu/cs/
2023-12-14 20:45:32,632 [INFO] MainPanel:262 - HeapMemory: 268435456
2023-12-14 20:45:32,801 [INFO] DbMcusXml:78 - Set database path to: D:\STM32CubeIDE_1.13.2\STM32CubeIDE\plugins\com.st.stm32cube.common.mx_6.9.2.202309101412\\db\/mcu/
2023-12-14 20:45:32,801 [INFO] ApiDb:274 - Set plugin database path to: D:\STM32CubeIDE_1.13.2\STM32CubeIDE\plugins\com.st.stm32cube.common.mx_6.9.2.202309101412\\db\/plugins/boardmanager/
2023-12-14 20:45:32,802 [INFO] ApiDb:261 - Set plugin images path to: D:\STM32CubeIDE_1.13.2\STM32CubeIDE\plugins\com.st.stm32cube.common.mx_6.9.2.202309101412\\db\/plugins/mcufinder/images/
2023-12-14 20:45:32,803 [WARN] DbFile:41 - Overriding database path with different value: C:\Users\Toan\.stmcufinder\plugins\mcufinder/ => C:\Users\Toan\.stmcufinder\plugins\mcufinder
2023-12-14 20:45:32,804 [INFO] ApiDb:250 - Set database path to: C:\Users\Toan\.stmcufinder\plugins\mcufinder//mcu/
2023-12-14 20:45:32,804 [WARN] DbFile:41 - Overriding database path with different value: C:\Users\Toan\.stmcufinder\plugins\mcufinder/ => C:\Users\Toan\.stmcufinder\plugins\mcufinder
2023-12-14 20:45:32,804 [INFO] DbMcusAds:125 - Set database path to: C:\Users\Toan\.stmcufinder\plugins\mcufinder//mcu/
2023-12-14 20:45:32,804 [WARN] DbFile:41 - Overriding database path with different value: C:\Users\Toan\.stmcufinder\plugins\mcufinder/ => C:\Users\Toan\.stmcufinder\plugins\mcufinder
2023-12-14 20:45:32,804 [WARN] DbFile:41 - Overriding database path with different value: C:\Users\Toan\.stmcufinder\plugins\mcufinder/ => C:\Users\Toan\.stmcufinder\plugins\mcufinder
2023-12-14 20:45:33,488 [INFO] CrossReferenceDbSqlite:203 - Set database path to: C:\Users\Toan\.stmcufinder\plugins\mcufinder//mcu/cs/
2023-12-14 20:45:33,532 [INFO] ApplicationProperties:184 - Using Application install path: D:\STM32CubeIDE_1.13.2\STM32CubeIDE\plugins\com.st.stm32cube.common.mx_6.9.2.202309101412
2023-12-14 20:45:33,538 [INFO] PluginManage:196 - Search for loadable plugins [exclusion list=, ]
2023-12-14 20:45:33,544 [INFO] PluginManage:310 - Check plugin analytics
2023-12-14 20:45:34,681 [INFO] AnalyticsPlugin:253 - Accepted Software Licenses: 
2023-12-14 20:45:34,681 [INFO] AnalyticsPlugin:255 - Accepted CMSIS Pack Licenses: 
2023-12-14 20:45:34,682 [INFO] AnalyticsPlugin:257 - Accepted Firmware Licenses: FW.F4.1.27.0
2023-12-14 20:45:34,688 [INFO] PluginManage:359 - Loaded plugin analytics (category:tool,tabindex:-1)
2023-12-14 20:45:34,689 [INFO] PluginManage:310 - Check plugin cadmodel
2023-12-14 20:45:34,725 [INFO] CADModel:105 - Init CAD model plugin
2023-12-14 20:45:34,725 [INFO] PluginManage:359 - Loaded plugin cadmodel (category:power,tabindex:5)
2023-12-14 20:45:34,726 [INFO] PluginManage:310 - Check plugin clock
2023-12-14 20:45:34,775 [INFO] PluginManage:359 - Loaded plugin clock (category:base,tabindex:2)
2023-12-14 20:45:34,776 [INFO] PluginManage:310 - Check plugin ddr
2023-12-14 20:45:34,782 [INFO] PluginManage:359 - Loaded plugin ddr (category:tool,tabindex:6)
2023-12-14 20:45:34,782 [INFO] PluginManage:310 - Check plugin filemanager
2023-12-14 20:45:35,155 [INFO] PluginManage:359 - Loaded plugin filemanager (category:base,tabindex:10)
2023-12-14 20:45:35,155 [INFO] PluginManage:310 - Check plugin ipmanager
2023-12-14 20:45:35,174 [INFO] PluginManage:359 - Loaded plugin ipmanager (category:base,tabindex:5)
2023-12-14 20:45:35,174 [INFO] PluginManage:310 - Check plugin lpbam
2023-12-14 20:45:35,223 [INFO] PluginManage:359 - Loaded plugin lpbam (category:base,tabindex:0)
2023-12-14 20:45:35,224 [INFO] PluginManage:310 - Check plugin memorymap
2023-12-14 20:45:35,299 [INFO] PluginManage:359 - Loaded plugin memorymap (category:base,tabindex:4)
2023-12-14 20:45:35,300 [INFO] PluginManage:310 - Check plugin pinoutandconfiguration
2023-12-14 20:45:35,357 [INFO] PluginManage:359 - Loaded plugin pinoutandconfiguration (category:base,tabindex:1)
2023-12-14 20:45:35,358 [INFO] PluginManage:310 - Check plugin pinoutconfig
2023-12-14 20:45:35,620 [WARN] SupportedApi:132 - Cannot load RTOS API schema: s4s-elt-must-match.1: The content of 'definitions' must match (annotation?, (simpleType | complexType)?, (unique | key | keyref)*)). A problem was found starting at: attribute.
2023-12-14 20:45:36,093 [INFO] PluginManage:359 - Loaded plugin pinoutconfig (category:base,tabindex:0)
2023-12-14 20:45:36,095 [INFO] PluginManage:310 - Check plugin power
2023-12-14 20:45:36,146 [INFO] PluginManage:359 - Loaded plugin power (category:power,tabindex:4)
2023-12-14 20:45:36,146 [INFO] PluginManage:310 - Check plugin projectmanager
2023-12-14 20:45:36,183 [INFO] PluginManage:359 - Loaded plugin projectmanager (category:projectmanager,tabindex:3)
2023-12-14 20:45:36,183 [INFO] PluginManage:310 - Check plugin thirdparty
2023-12-14 20:45:37,029 [WARN] IntegrityCheckThread:84 - waiting for thirdparty lock release [integrity check]
2023-12-14 20:45:37,030 [INFO] PluginManage:359 - Loaded plugin thirdparty (category:base,tabindex:-1)
2023-12-14 20:45:37,030 [INFO] IntegrityCheckThread:86 - entering critical section [integrity check]
2023-12-14 20:45:37,030 [INFO] PluginManage:310 - Check plugin tools
2023-12-14 20:45:37,031 [INFO] ThirdPartyUpdaterWithRetryManager:70 - Updater plugin not ready yet. [1/15]
2023-12-14 20:45:37,121 [INFO] PluginManage:359 - Loaded plugin tools (category:base,tabindex:7)
2023-12-14 20:45:37,122 [INFO] PluginManage:310 - Check plugin tutovideos
2023-12-14 20:45:37,776 [INFO] PluginManage:359 - Loaded plugin tutovideos (category:base,tabindex:-1)
2023-12-14 20:45:37,776 [INFO] PluginManage:310 - Check plugin updater
2023-12-14 20:45:37,806 [INFO] PluginManage:359 - Loaded plugin updater (category:base,tabindex:12)
2023-12-14 20:45:37,806 [INFO] PluginManage:310 - Check plugin userauth
2023-12-14 20:45:37,820 [INFO] UserAuth:113 - Init User Auth plugin
2023-12-14 20:45:37,822 [INFO] PluginManage:359 - Loaded plugin userauth (category:base,tabindex:14)
2023-12-14 20:45:37,824 [INFO] PluginManage:283 - PluginManage : Loaded plugins [17]
2023-12-14 20:45:38,501 [INFO] PinOutPanel:1499 - setPackage(No Configuration,No Configuration)
2023-12-14 20:45:38,791 [INFO] CADModel:165 - CPN selected for project level
2023-12-14 20:45:38,791 [INFO] CADModel:114 - Register for checkConnection events
2023-12-14 20:45:38,906 [INFO] IPUIPlugin:80 - create IPUIPlugin
2023-12-14 20:45:38,906 [INFO] PluginManager:220 - loadIPPluginJar : add adc
2023-12-14 20:45:39,008 [INFO] IPUIPlugin:80 - create IPUIPlugin
2023-12-14 20:45:39,009 [INFO] PluginManager:220 - loadIPPluginJar : add aes
2023-12-14 20:45:39,149 [INFO] IPUIPlugin:80 - create IPUIPlugin
2023-12-14 20:45:39,150 [INFO] PluginManager:220 - loadIPPluginJar : add can
2023-12-14 20:45:39,221 [INFO] IPUIPlugin:80 - create IPUIPlugin
2023-12-14 20:45:39,222 [INFO] PluginManager:220 - loadIPPluginJar : add comp
2023-12-14 20:45:39,344 [INFO] IPUIPlugin:80 - create IPUIPlugin
2023-12-14 20:45:39,345 [INFO] PluginManager:220 - loadIPPluginJar : add cryp
2023-12-14 20:45:39,452 [INFO] IPUIPlugin:80 - create IPUIPlugin
2023-12-14 20:45:39,453 [INFO] PluginManager:220 - loadIPPluginJar : add dfsdm
2023-12-14 20:45:39,496 [INFO] IPUIPlugin:80 - create IPUIPlugin
2023-12-14 20:45:39,497 [INFO] PluginManager:220 - loadIPPluginJar : add dma
2023-12-14 20:45:39,643 [INFO] IPUIPlugin:80 - create IPUIPlugin
2023-12-14 20:45:39,645 [INFO] PluginManager:220 - loadIPPluginJar : add dma3
2023-12-14 20:45:39,707 [INFO] IPUIPlugin:80 - create IPUIPlugin
2023-12-14 20:45:39,707 [INFO] PluginManager:220 - loadIPPluginJar : add fatfs
2023-12-14 20:45:39,841 [INFO] IPUIPlugin:80 - create IPUIPlugin
2023-12-14 20:45:39,841 [INFO] PluginManager:220 - loadIPPluginJar : add fmc
2023-12-14 20:45:39,901 [INFO] IPUIPlugin:80 - create IPUIPlugin
2023-12-14 20:45:39,902 [INFO] PluginManager:220 - loadIPPluginJar : add freertos
2023-12-14 20:45:39,972 [INFO] IPUIPlugin:80 - create IPUIPlugin
2023-12-14 20:45:39,973 [INFO] PluginManager:220 - loadIPPluginJar : add genericplugin
2023-12-14 20:45:40,032 [INFO] ThirdPartyUpdaterWithRetryManager:70 - Updater plugin not ready yet. [2/15]
2023-12-14 20:45:40,229 [INFO] IPUIPlugin:80 - create IPUIPlugin
2023-12-14 20:45:40,230 [INFO] PluginManager:220 - loadIPPluginJar : add gfxmmu
2023-12-14 20:45:40,694 [INFO] IPUIPlugin:80 - create IPUIPlugin
2023-12-14 20:45:40,694 [INFO] PluginManager:220 - loadIPPluginJar : add gic
2023-12-14 20:45:40,732 [INFO] IPUIPlugin:80 - create IPUIPlugin
2023-12-14 20:45:40,734 [INFO] PluginManager:220 - loadIPPluginJar : add gpio
2023-12-14 20:45:41,037 [INFO] IPUIPlugin:80 - create IPUIPlugin
2023-12-14 20:45:41,038 [INFO] PluginManager:220 - loadIPPluginJar : add gtzc
2023-12-14 20:45:41,135 [INFO] IPUIPlugin:80 - create IPUIPlugin
2023-12-14 20:45:41,135 [INFO] PluginManager:220 - loadIPPluginJar : add hash
2023-12-14 20:45:41,294 [INFO] IPUIPlugin:80 - create IPUIPlugin
2023-12-14 20:45:41,294 [INFO] PluginManager:220 - loadIPPluginJar : add i2c
2023-12-14 20:45:41,418 [INFO] IPUIPlugin:80 - create IPUIPlugin
2023-12-14 20:45:41,419 [INFO] PluginManager:220 - loadIPPluginJar : add i2s
2023-12-14 20:45:41,576 [INFO] IPUIPlugin:80 - create IPUIPlugin
2023-12-14 20:45:41,577 [INFO] PluginManager:220 - loadIPPluginJar : add i3c
2023-12-14 20:45:41,855 [INFO] IPUIPlugin:80 - create IPUIPlugin
2023-12-14 20:45:41,856 [INFO] PluginManager:220 - loadIPPluginJar : add ipddr
2023-12-14 20:45:42,163 [INFO] IPUIPlugin:80 - create IPUIPlugin
2023-12-14 20:45:42,164 [INFO] PluginManager:220 - loadIPPluginJar : add linkedlist
2023-12-14 20:45:42,273 [INFO] IPUIPlugin:80 - create IPUIPlugin
2023-12-14 20:45:42,273 [INFO] PluginManager:220 - loadIPPluginJar : add lorawan
2023-12-14 20:45:42,363 [INFO] IPUIPlugin:80 - create IPUIPlugin
2023-12-14 20:45:42,364 [INFO] PluginManager:220 - loadIPPluginJar : add ltdc
2023-12-14 20:45:42,402 [INFO] IPUIPlugin:80 - create IPUIPlugin
2023-12-14 20:45:42,403 [INFO] PluginManager:220 - loadIPPluginJar : add mdma
2023-12-14 20:45:42,436 [INFO] IPUIPlugin:80 - create IPUIPlugin
2023-12-14 20:45:42,437 [INFO] PluginManager:220 - loadIPPluginJar : add nvic
2023-12-14 20:45:42,558 [INFO] IPUIPlugin:80 - create IPUIPlugin
2023-12-14 20:45:42,559 [INFO] PluginManager:220 - loadIPPluginJar : add opamp
2023-12-14 20:45:42,765 [INFO] IPUIPlugin:80 - create IPUIPlugin
2023-12-14 20:45:42,765 [INFO] PluginManager:220 - loadIPPluginJar : add openamp
2023-12-14 20:45:42,892 [INFO] IPUIPlugin:80 - create IPUIPlugin
2023-12-14 20:45:42,893 [INFO] PluginManager:220 - loadIPPluginJar : add pdm2pcm
2023-12-14 20:45:42,943 [INFO] IPUIPlugin:80 - create IPUIPlugin
2023-12-14 20:45:42,955 [INFO] PluginManager:220 - loadIPPluginJar : add plateformsettings
2023-12-14 20:45:43,034 [INFO] ThirdPartyUpdaterWithRetryManager:70 - Updater plugin not ready yet. [3/15]
2023-12-14 20:45:43,051 [INFO] IPUIPlugin:80 - create IPUIPlugin
2023-12-14 20:45:43,052 [INFO] PluginManager:220 - loadIPPluginJar : add quadspi
2023-12-14 20:45:43,113 [INFO] IPUIPlugin:80 - create IPUIPlugin
2023-12-14 20:45:43,114 [INFO] PluginManager:220 - loadIPPluginJar : add resmgrutility
2023-12-14 20:45:43,245 [INFO] IPUIPlugin:80 - create IPUIPlugin
2023-12-14 20:45:43,246 [INFO] PluginManager:220 - loadIPPluginJar : add sai
2023-12-14 20:45:43,336 [INFO] IPUIPlugin:80 - create IPUIPlugin
2023-12-14 20:45:43,336 [INFO] PluginManager:220 - loadIPPluginJar : add spi
2023-12-14 20:45:43,476 [INFO] IPUIPlugin:80 - create IPUIPlugin
2023-12-14 20:45:43,476 [INFO] PluginManager:220 - loadIPPluginJar : add stm32_wpan
2023-12-14 20:45:43,532 [INFO] IPUIPlugin:80 - create IPUIPlugin
2023-12-14 20:45:43,532 [INFO] PluginManager:220 - loadIPPluginJar : add tim
2023-12-14 20:45:43,664 [INFO] IPUIPlugin:80 - create IPUIPlugin
2023-12-14 20:45:43,664 [INFO] PluginManager:220 - loadIPPluginJar : add touchsensing
2023-12-14 20:45:43,726 [INFO] IPUIPlugin:80 - create IPUIPlugin
2023-12-14 20:45:43,727 [INFO] PluginManager:220 - loadIPPluginJar : add tracer_emb
2023-12-14 20:45:43,791 [INFO] IPUIPlugin:80 - create IPUIPlugin
2023-12-14 20:45:43,791 [INFO] PluginManager:220 - loadIPPluginJar : add ts
2023-12-14 20:45:43,868 [INFO] IPUIPlugin:80 - create IPUIPlugin
2023-12-14 20:45:43,869 [INFO] PluginManager:220 - loadIPPluginJar : add tsc
2023-12-14 20:45:43,929 [INFO] IPUIPlugin:80 - create IPUIPlugin
2023-12-14 20:45:43,930 [INFO] PluginManager:220 - loadIPPluginJar : add ucpd
2023-12-14 20:45:44,065 [INFO] IPUIPlugin:80 - create IPUIPlugin
2023-12-14 20:45:44,065 [INFO] PluginManager:220 - loadIPPluginJar : add usart
2023-12-14 20:45:44,198 [INFO] IPUIPlugin:80 - create IPUIPlugin
2023-12-14 20:45:44,199 [INFO] PluginManager:220 - loadIPPluginJar : add usbx
2023-12-14 20:45:44,452 [INFO] CADModel:165 - CPN selected for project level
2023-12-14 20:45:44,452 [INFO] CADModel:114 - Register for checkConnection events
2023-12-14 20:45:44,453 [FATAL] Updater:308 - Updater called before beeing initialized
2023-12-14 20:45:44,453 [ERROR] CADModel:125 - Updater not yet initialized, retry later 
2023-12-14 20:45:44,952 [INFO] CADModel:165 - CPN selected for project level
2023-12-14 20:45:44,953 [INFO] CADModel:114 - Register for checkConnection events
2023-12-14 20:45:44,954 [FATAL] Updater:308 - Updater called before beeing initialized
2023-12-14 20:45:44,954 [ERROR] CADModel:125 - Updater not yet initialized, retry later 
2023-12-14 20:45:44,979 [FATAL] Updater:308 - Updater called before beeing initialized
2023-12-14 20:45:45,306 [FATAL] Updater:308 - Updater called before beeing initialized
2023-12-14 20:45:45,353 [INFO] DbMcusAds:53 - JSON generation date=Wed Nov 29 17:52:27 ICT 2023 (1701255147349)
2023-12-14 20:45:45,354 [FATAL] Updater:308 - Updater called before beeing initialized
2023-12-14 20:45:45,594 [WARN] DetailPanel:346 - Failed to get advertising image, set to default
2023-12-14 20:45:45,863 [FATAL] Updater:308 - Updater called before beeing initialized
2023-12-14 20:45:45,873 [FATAL] Updater:308 - Updater called before beeing initialized
2023-12-14 20:45:45,873 [FATAL] Updater:308 - Updater called before beeing initialized
2023-12-14 20:45:45,874 [WARN] DetailPanel:346 - Failed to get advertising image, set to default
2023-12-14 20:45:45,877 [FATAL] Updater:308 - Updater called before beeing initialized
2023-12-14 20:45:46,036 [INFO] ThirdPartyUpdaterWithRetryManager:70 - Updater plugin not ready yet. [4/15]
2023-12-14 20:45:46,100 [ERROR] Updater:1120 - MainUpdater not yet initialized. External WinMGr cannot be set.
2023-12-14 20:45:46,128 [INFO] Updater:1056 - Updater Version found : 6.9.2
2023-12-14 20:45:46,202 [INFO] ApplicationProperties:184 - Using Application install path: D:\STM32CubeIDE_1.13.2\STM32CubeIDE\plugins\com.st.stm32cube.common.mx_6.9.2.202309101412
2023-12-14 20:45:47,564 [INFO] MainUpdater:2868 - connection check result : 10
2023-12-14 20:45:47,567 [INFO] MainUpdater:285 - Updater Check For Update Now.
2023-12-14 20:45:47,567 [INFO] MicroXplorer:498 - Change Database Version : DB.6.0.92
2023-12-14 20:45:47,654 [INFO] McuFinderGlobals:63 - Set McuFinder mode to 2 (CubeIDE integrated)
2023-12-14 20:45:47,964 [INFO] CheckServerUpdateThread:120 - End of CheckServer Thread
2023-12-14 20:45:49,630 [WARN] PackLoader:240 - Cannot read IP mode file for STMicroelectronics.X-CUBE-SMBUS.2.1.0
2023-12-14 20:45:49,746 [WARN] PackLoader:240 - Cannot read IP mode file for STMicroelectronics.X-CUBE-AZRTOS-F7.1.1.0
2023-12-14 20:45:49,794 [WARN] PackLoader:240 - Cannot read IP mode file for STMicroelectronics.FP-SNS-MOTENV1.4.3.2
2023-12-14 20:45:49,831 [WARN] PackLoader:240 - Cannot read IP mode file for STMicroelectronics.FP-SNS-FLIGHT1.5.0.2
2023-12-14 20:45:49,872 [WARN] PackLoader:240 - Cannot read IP mode file for STMicroelectronics.X-CUBE-DISPLAY.3.0.0
2023-12-14 20:45:49,919 [WARN] PackLoader:240 - Cannot read IP mode file for STMicroelectronics.X-CUBE-BLE1.7.0.0
2023-12-14 20:45:49,956 [WARN] PackLoader:240 - Cannot read IP mode file for emotas.I-CUBE-CANOPEN.1.3.0
2023-12-14 20:45:50,001 [WARN] PackLoader:240 - Cannot read IP mode file for STMicroelectronics.X-CUBE-TOUCHGFX.4.22.1
2023-12-14 20:45:50,037 [WARN] PackLoader:240 - Cannot read IP mode file for STMicroelectronics.FP-SNS-SMARTAG2.1.2.0
2023-12-14 20:45:50,098 [INFO] LogOutputStream:77 - [STDOUT_REDIRECT] 1 : Invalid condition id : UX_CORESTACK_Condition cause : null
2023-12-14 20:45:50,099 [INFO] LogOutputStream:77 - [STDOUT_REDIRECT] 1 : Invalid condition id : UX_CORESTACK_Condition cause : null
2023-12-14 20:45:50,101 [INFO] LogOutputStream:77 - [STDOUT_REDIRECT] 1 : Invalid condition id : UX_CORESTACK_Condition cause : null
2023-12-14 20:45:50,103 [INFO] LogOutputStream:77 - [STDOUT_REDIRECT] 1 : Invalid condition id : UX_CORESTACK_Condition cause : null
2023-12-14 20:45:50,105 [INFO] LogOutputStream:77 - [STDOUT_REDIRECT] 1 : Invalid condition id : UX_CORESTACK_Condition cause : null
2023-12-14 20:45:50,111 [WARN] PackLoader:240 - Cannot read IP mode file for STMicroelectronics.X-CUBE-AZRTOS-WL.2.0.0
2023-12-14 20:45:50,165 [WARN] PackLoader:240 - Cannot read IP mode file for WES.I-CUBE-Cesium.1.3.0
2023-12-14 20:45:50,198 [WARN] PackLoader:240 - Cannot read IP mode file for STMicroelectronics.X-CUBE-BLE2.3.3.0
2023-12-14 20:45:50,243 [WARN] PackLoader:240 - Cannot read IP mode file for STMicroelectronics.X-CUBE-ALGOBUILD.1.3.0
2023-12-14 20:45:50,304 [WARN] PackLoader:240 - Cannot read IP mode file for STMicroelectronics.X-CUBE-AZRTOS-G0.1.1.0
2023-12-14 20:45:50,345 [WARN] PackLoader:240 - Cannot read IP mode file for STMicroelectronics.X-CUBE-NFC4.3.0.0
2023-12-14 20:45:50,389 [WARN] PackLoader:240 - Cannot read IP mode file for STMicroelectronics.X-CUBE-BLEMGR.3.0.0
2023-12-14 20:45:50,418 [WARN] PackLoader:240 - Cannot read IP mode file for STMicroelectronics.FP-ATR-SIGFOX1.3.2.0
2023-12-14 20:45:50,492 [WARN] PackLoader:240 - Cannot read IP mode file for SEGGER.I-CUBE-embOS.1.3.1
2023-12-14 20:45:50,607 [WARN] PackLoader:240 - Cannot read IP mode file for STMicroelectronics.X-CUBE-GNSS1.6.0.0
2023-12-14 20:45:50,686 [WARN] PackLoader:240 - Cannot read IP mode file for STMicroelectronics.X-CUBE-AZRTOS-F4.1.1.0
2023-12-14 20:45:50,717 [WARN] PackLoader:240 - Cannot read IP mode file for wolfSSL.I-CUBE-wolfSSL.5.6.3
2023-12-14 20:45:50,779 [WARN] PackLoader:240 - Cannot read IP mode file for STMicroelectronics.X-CUBE-AZRTOS-L5.2.0.0
2023-12-14 20:45:50,913 [WARN] PackLoader:240 - Cannot read IP mode file for STMicroelectronics.X-CUBE-MEMS1.9.6.0
2023-12-14 20:45:51,288 [WARN] PackLoader:240 - Cannot read IP mode file for STMicroelectronics.X-CUBE-EEPRMA1.4.2.0
2023-12-14 20:45:51,330 [WARN] PackLoader:240 - Cannot read IP mode file for ITTIA_DB.I-CUBE-ITTIADB.8.8.0
2023-12-14 20:45:51,364 [WARN] PackLoader:240 - Cannot read IP mode file for STMicroelectronics.X-CUBE-BLEMGR.2.0.0
2023-12-14 20:45:51,421 [WARN] ConditionMgr:438 - getConditionDescription Invalid condition id : UX DEVICE CLASS RTOS Condition cause : null
2023-12-14 20:45:51,421 [WARN] ConditionMgr:438 - getConditionDescription Invalid condition id : UX DEVICE CLASS RTOS Condition cause : null
2023-12-14 20:45:51,429 [WARN] PackLoader:240 - Cannot read IP mode file for STMicroelectronics.X-CUBE-AZRTOS-H7.3.1.0
2023-12-14 20:45:51,432 [WARN] ConditionMgr:1039 - genDependencies : Invalid condition id : UX DEVICE CLASS RTOS Condition cause : null
2023-12-14 20:45:51,432 [WARN] ConditionMgr:1039 - genDependencies : Invalid condition id : UX DEVICE CLASS RTOS Condition cause : null
2023-12-14 20:45:51,434 [WARN] ConditionMgr:1039 - genDependencies : Invalid condition id : UX DEVICE CLASS RTOS Condition cause : null
2023-12-14 20:45:51,435 [WARN] ConditionMgr:1039 - genDependencies : Invalid condition id : UX DEVICE CLASS RTOS Condition cause : null
2023-12-14 20:45:51,436 [WARN] ConditionMgr:1039 - genDependencies : Invalid condition id : UX DEVICE CLASS RTOS Condition cause : null
2023-12-14 20:45:51,473 [WARN] PackLoader:240 - Cannot read IP mode file for STMicroelectronics.X-CUBE-NFC7.1.0.1
2023-12-14 20:45:51,515 [WARN] PackLoader:240 - Cannot read IP mode file for STMicroelectronics.X-CUBE-NFC6.3.0.0
2023-12-14 20:45:51,552 [WARN] PackLoader:240 - Cannot read IP mode file for STMicroelectronics.X-CUBE-EEPRMA1.4.1.0
2023-12-14 20:45:51,583 [WARN] PackLoader:240 - Cannot read IP mode file for STMicroelectronics.X-CUBE-AI.8.1.0
2023-12-14 20:45:51,652 [WARN] ConditionMgr:438 - getConditionDescription Invalid condition id : LAN8742 Phy interface Condition cause : null
2023-12-14 20:45:51,653 [WARN] PackLoader:240 - Cannot read IP mode file for STMicroelectronics.X-CUBE-AZRTOS-L4.2.0.0
2023-12-14 20:45:51,657 [WARN] ConditionMgr:1039 - genDependencies : Invalid condition id : LAN8742 Phy interface Condition cause : null
2023-12-14 20:45:51,657 [WARN] ConditionMgr:1039 - genDependencies : Invalid condition id : LAN8742 Phy interface Condition cause : null
2023-12-14 20:45:51,659 [WARN] ConditionMgr:1039 - genDependencies : Invalid condition id : LAN8742 Phy interface Condition cause : null
2023-12-14 20:45:51,706 [WARN] PackLoader:240 - Cannot read IP mode file for STMicroelectronics.X-CUBE-SFXS2LP1.4.0.0
2023-12-14 20:45:51,747 [WARN] PackLoader:240 - Cannot read IP mode file for STMicroelectronics.X-CUBE-ISPU.1.1.0
2023-12-14 20:45:51,802 [WARN] ConditionMgr:438 - getConditionDescription Invalid condition id : UX DEVICE CLASS RTOS Condition cause : null
2023-12-14 20:45:51,802 [WARN] ConditionMgr:438 - getConditionDescription Invalid condition id : UX DEVICE CLASS RTOS Condition cause : null
2023-12-14 20:45:51,806 [WARN] PackLoader:240 - Cannot read IP mode file for STMicroelectronics.X-CUBE-AZRTOS-WB.2.0.0
2023-12-14 20:45:51,808 [WARN] ConditionMgr:1039 - genDependencies : Invalid condition id : UX DEVICE CLASS RTOS Condition cause : null
2023-12-14 20:45:51,808 [WARN] ConditionMgr:1039 - genDependencies : Invalid condition id : UX DEVICE CLASS RTOS Condition cause : null
2023-12-14 20:45:51,809 [WARN] ConditionMgr:1039 - genDependencies : Invalid condition id : UX DEVICE CLASS RTOS Condition cause : null
2023-12-14 20:45:51,810 [WARN] ConditionMgr:1039 - genDependencies : Invalid condition id : UX DEVICE CLASS RTOS Condition cause : null
2023-12-14 20:45:51,810 [WARN] ConditionMgr:1039 - genDependencies : Invalid condition id : UX DEVICE CLASS RTOS Condition cause : null
2023-12-14 20:45:51,856 [WARN] PackLoader:240 - Cannot read IP mode file for STMicroelectronics.X-CUBE-SUBG2.5.0.0
2023-12-14 20:45:51,909 [WARN] PackLoader:240 - Cannot read IP mode file for STMicroelectronics.X-CUBE-TOF1.3.3.1
2023-12-14 20:45:51,979 [WARN] PackLoader:240 - Cannot read IP mode file for STMicroelectronics.X-CUBE-AZRTOS-G4.2.0.0
2023-12-14 20:45:52,025 [WARN] PackLoader:240 - Cannot read IP mode file for Infineon.AIROC-Wi-Fi-Bluetooth-STM32.1.5.1
2023-12-14 20:45:52,066 [WARN] PackLoader:240 - Cannot read IP mode file for STMicroelectronics.FP-SNS-MOTENVWB1.1.3.0
2023-12-14 20:45:52,096 [WARN] PackLoader:240 - Cannot read IP mode file for STMicroelectronics.FP-SNS-MOTENVWB1.1.3.1
2023-12-14 20:45:52,118 [WARN] PackLoader:240 - Cannot read IP mode file for STMicroelectronics.X-CUBE-ISPU.2.0.0
2023-12-14 20:45:52,222 [WARN] PackLoader:240 - Cannot read IP mode file for STMicroelectronics.X-CUBE-MEMS1.10.0.0
2023-12-14 20:45:52,451 [WARN] PackLoader:240 - Cannot read IP mode file for STMicroelectronics.X-CUBE-FREERTOS.1.1.0
2023-12-14 20:45:52,491 [WARN] PackLoader:240 - Cannot read IP mode file for portGmbH.I-Cube-SoM-uGOAL.1.1.0
2023-12-14 20:45:52,547 [WARN] PackLoader:240 - Cannot read IP mode file for STMicroelectronics.X-CUBE-ALS.1.0.1
2023-12-14 20:45:52,586 [WARN] PackLoader:240 - Cannot read IP mode file for STMicroelectronics.FP-ATR-ASTRA1.2.0.0
2023-12-14 20:45:52,647 [WARN] PackLoader:240 - Cannot read IP mode file for STMicroelectronics.X-CUBE-TOF1.3.4.0
2023-12-14 20:45:52,724 [WARN] PackLoader:240 - Cannot read IP mode file for STMicroelectronics.X-CUBE-AZRTOS-H7.3.2.0
2023-12-14 20:45:52,730 [INFO] ThirdParty:978 - Integrity check success = true
2023-12-14 20:45:52,731 [INFO] IntegrityCheckThread:100 - exiting critical section [integrity check]
2023-12-14 20:45:52,731 [INFO] IntegrityCheckThread:103 - End integrity checks thread
2023-12-14 20:46:11,099 [ERROR] LogOutputStream:75 - [STDERR_REDIRECT] SLF4J: Failed to load class "org.slf4j.impl.StaticLoggerBinder".
2023-12-14 20:46:11,101 [ERROR] LogOutputStream:75 - [STDERR_REDIRECT] SLF4J: Defaulting to no-operation (NOP) logger implementation
2023-12-14 20:46:11,103 [ERROR] LogOutputStream:75 - [STDERR_REDIRECT] SLF4J: See http://www.slf4j.org/codes.html#StaticLoggerBinder for further details.
2023-12-14 21:10:21,682 [INFO] Activator:176 - 


2023-12-14 21:10:21,684 [INFO] Activator:177 - !SESSION log4j initialized
2023-12-14 21:10:25,803 [INFO] LogOutputStream:77 - [STDOUT_REDIRECT] 
2023-12-14 21:10:28,014 [INFO] ApplicationProperties:184 - Using Application install path: D:\STM32CubeIDE_1.13.2\STM32CubeIDE\plugins\com.st.stm32cube.common.mx_6.9.2.202309101412
2023-12-14 21:10:28,030 [INFO] DbMcusXml:78 - Set database path to: D:\STM32CubeIDE_1.13.2\STM32CubeIDE\plugins\com.st.stm32cube.common.mx_6.9.2.202309101412\\db\/mcu/
2023-12-14 21:10:28,030 [INFO] ApiDb:274 - Set plugin database path to: D:\STM32CubeIDE_1.13.2\STM32CubeIDE\plugins\com.st.stm32cube.common.mx_6.9.2.202309101412\\db\/plugins/boardmanager/
2023-12-14 21:10:28,030 [WARN] ApiDb:259 - Overriding images path with different value:  => D:\STM32CubeIDE_1.13.2\STM32CubeIDE\plugins\com.st.stm32cube.common.mx_6.9.2.202309101412\\db\/plugins/mcufinder/images/
2023-12-14 21:10:28,038 [INFO] ApiDb:250 - Set database path to: C:\Users\Toan\.stmcufinder\plugins\mcufinder//mcu/
2023-12-14 21:10:28,039 [INFO] DbMcusAds:125 - Set database path to: C:\Users\Toan\.stmcufinder\plugins\mcufinder//mcu/
2023-12-14 21:10:28,982 [INFO] CrossReferenceDbSqlite:203 - Set database path to: C:\Users\Toan\.stmcufinder\plugins\mcufinder//mcu/cs/
2023-12-14 21:10:29,093 [INFO] RulesReader:64 - Compatibility file has been processed (293 Rules)
2023-12-14 21:10:29,141 [INFO] DbMcusXml:78 - Set database path to: D:\STM32CubeIDE_1.13.2\STM32CubeIDE\plugins\com.st.stm32cube.common.mx_6.9.2.202309101412\\db\/mcu/
2023-12-14 21:10:29,141 [INFO] ApiDb:274 - Set plugin database path to: D:\STM32CubeIDE_1.13.2\STM32CubeIDE\plugins\com.st.stm32cube.common.mx_6.9.2.202309101412\\db\/plugins/boardmanager/
2023-12-14 21:10:29,141 [INFO] ApiDb:261 - Set plugin images path to: D:\STM32CubeIDE_1.13.2\STM32CubeIDE\plugins\com.st.stm32cube.common.mx_6.9.2.202309101412\\db\/plugins/mcufinder/images/
2023-12-14 21:10:29,142 [WARN] DbFile:41 - Overriding database path with different value: C:\Users\Toan\.stmcufinder\plugins\mcufinder/ => C:\Users\Toan\.stmcufinder\plugins\mcufinder
2023-12-14 21:10:29,142 [INFO] ApiDb:250 - Set database path to: C:\Users\Toan\.stmcufinder\plugins\mcufinder//mcu/
2023-12-14 21:10:29,142 [WARN] DbFile:41 - Overriding database path with different value: C:\Users\Toan\.stmcufinder\plugins\mcufinder/ => C:\Users\Toan\.stmcufinder\plugins\mcufinder
2023-12-14 21:10:29,142 [INFO] DbMcusAds:125 - Set database path to: C:\Users\Toan\.stmcufinder\plugins\mcufinder//mcu/
2023-12-14 21:10:29,142 [WARN] DbFile:41 - Overriding database path with different value: C:\Users\Toan\.stmcufinder\plugins\mcufinder/ => C:\Users\Toan\.stmcufinder\plugins\mcufinder
2023-12-14 21:10:29,142 [WARN] DbFile:41 - Overriding database path with different value: C:\Users\Toan\.stmcufinder\plugins\mcufinder/ => C:\Users\Toan\.stmcufinder\plugins\mcufinder
2023-12-14 21:10:29,996 [INFO] CrossReferenceDbSqlite:203 - Set database path to: C:\Users\Toan\.stmcufinder\plugins\mcufinder//mcu/cs/
2023-12-14 21:10:30,069 [INFO] MainPanel:262 - HeapMemory: 268435456
2023-12-14 21:10:30,124 [INFO] DbMcusXml:78 - Set database path to: D:\STM32CubeIDE_1.13.2\STM32CubeIDE\plugins\com.st.stm32cube.common.mx_6.9.2.202309101412\\db\/mcu/
2023-12-14 21:10:30,124 [INFO] ApiDb:274 - Set plugin database path to: D:\STM32CubeIDE_1.13.2\STM32CubeIDE\plugins\com.st.stm32cube.common.mx_6.9.2.202309101412\\db\/plugins/boardmanager/
2023-12-14 21:10:30,124 [INFO] ApiDb:261 - Set plugin images path to: D:\STM32CubeIDE_1.13.2\STM32CubeIDE\plugins\com.st.stm32cube.common.mx_6.9.2.202309101412\\db\/plugins/mcufinder/images/
2023-12-14 21:10:30,124 [WARN] DbFile:41 - Overriding database path with different value: C:\Users\Toan\.stmcufinder\plugins\mcufinder/ => C:\Users\Toan\.stmcufinder\plugins\mcufinder
2023-12-14 21:10:30,124 [INFO] ApiDb:250 - Set database path to: C:\Users\Toan\.stmcufinder\plugins\mcufinder//mcu/
2023-12-14 21:10:30,124 [WARN] DbFile:41 - Overriding database path with different value: C:\Users\Toan\.stmcufinder\plugins\mcufinder/ => C:\Users\Toan\.stmcufinder\plugins\mcufinder
2023-12-14 21:10:30,124 [INFO] DbMcusAds:125 - Set database path to: C:\Users\Toan\.stmcufinder\plugins\mcufinder//mcu/
2023-12-14 21:10:30,124 [WARN] DbFile:41 - Overriding database path with different value: C:\Users\Toan\.stmcufinder\plugins\mcufinder/ => C:\Users\Toan\.stmcufinder\plugins\mcufinder
2023-12-14 21:10:30,124 [WARN] DbFile:41 - Overriding database path with different value: C:\Users\Toan\.stmcufinder\plugins\mcufinder/ => C:\Users\Toan\.stmcufinder\plugins\mcufinder
2023-12-14 21:10:30,994 [INFO] CrossReferenceDbSqlite:203 - Set database path to: C:\Users\Toan\.stmcufinder\plugins\mcufinder//mcu/cs/
2023-12-14 21:10:31,023 [INFO] ApplicationProperties:184 - Using Application install path: D:\STM32CubeIDE_1.13.2\STM32CubeIDE\plugins\com.st.stm32cube.common.mx_6.9.2.202309101412
2023-12-14 21:10:31,025 [INFO] PluginManage:196 - Search for loadable plugins [exclusion list=, ]
2023-12-14 21:10:31,027 [INFO] PluginManage:310 - Check plugin analytics
2023-12-14 21:10:32,054 [INFO] AnalyticsPlugin:253 - Accepted Software Licenses: 
2023-12-14 21:10:32,054 [INFO] AnalyticsPlugin:255 - Accepted CMSIS Pack Licenses: 
2023-12-14 21:10:32,055 [INFO] AnalyticsPlugin:257 - Accepted Firmware Licenses: FW.F4.1.27.0
2023-12-14 21:10:32,057 [INFO] PluginManage:359 - Loaded plugin analytics (category:tool,tabindex:-1)
2023-12-14 21:10:32,058 [INFO] PluginManage:310 - Check plugin cadmodel
2023-12-14 21:10:32,069 [INFO] CADModel:105 - Init CAD model plugin
2023-12-14 21:10:32,069 [INFO] PluginManage:359 - Loaded plugin cadmodel (category:power,tabindex:5)
2023-12-14 21:10:32,069 [INFO] PluginManage:310 - Check plugin clock
2023-12-14 21:10:32,081 [INFO] PluginManage:359 - Loaded plugin clock (category:base,tabindex:2)
2023-12-14 21:10:32,081 [INFO] PluginManage:310 - Check plugin ddr
2023-12-14 21:10:32,083 [INFO] PluginManage:359 - Loaded plugin ddr (category:tool,tabindex:6)
2023-12-14 21:10:32,083 [INFO] PluginManage:310 - Check plugin filemanager
2023-12-14 21:10:32,175 [INFO] PluginManage:359 - Loaded plugin filemanager (category:base,tabindex:10)
2023-12-14 21:10:32,175 [INFO] PluginManage:310 - Check plugin ipmanager
2023-12-14 21:10:32,179 [INFO] PluginManage:359 - Loaded plugin ipmanager (category:base,tabindex:5)
2023-12-14 21:10:32,179 [INFO] PluginManage:310 - Check plugin lpbam
2023-12-14 21:10:32,192 [INFO] PluginManage:359 - Loaded plugin lpbam (category:base,tabindex:0)
2023-12-14 21:10:32,192 [INFO] PluginManage:310 - Check plugin memorymap
2023-12-14 21:10:32,206 [INFO] PluginManage:359 - Loaded plugin memorymap (category:base,tabindex:4)
2023-12-14 21:10:32,207 [INFO] PluginManage:310 - Check plugin pinoutandconfiguration
2023-12-14 21:10:32,220 [INFO] PluginManage:359 - Loaded plugin pinoutandconfiguration (category:base,tabindex:1)
2023-12-14 21:10:32,220 [INFO] PluginManage:310 - Check plugin pinoutconfig
2023-12-14 21:10:32,296 [WARN] SupportedApi:132 - Cannot load RTOS API schema: s4s-elt-must-match.1: The content of 'definitions' must match (annotation?, (simpleType | complexType)?, (unique | key | keyref)*)). A problem was found starting at: attribute.
2023-12-14 21:10:32,379 [INFO] PluginManage:359 - Loaded plugin pinoutconfig (category:base,tabindex:0)
2023-12-14 21:10:32,379 [INFO] PluginManage:310 - Check plugin power
2023-12-14 21:10:32,391 [INFO] PluginManage:359 - Loaded plugin power (category:power,tabindex:4)
2023-12-14 21:10:32,391 [INFO] PluginManage:310 - Check plugin projectmanager
2023-12-14 21:10:32,400 [INFO] PluginManage:359 - Loaded plugin projectmanager (category:projectmanager,tabindex:3)
2023-12-14 21:10:32,400 [INFO] PluginManage:310 - Check plugin thirdparty
2023-12-14 21:10:32,569 [INFO] PluginManage:359 - Loaded plugin thirdparty (category:base,tabindex:-1)
2023-12-14 21:10:32,569 [INFO] PluginManage:310 - Check plugin tools
2023-12-14 21:10:32,569 [WARN] IntegrityCheckThread:84 - waiting for thirdparty lock release [integrity check]
2023-12-14 21:10:32,569 [INFO] IntegrityCheckThread:86 - entering critical section [integrity check]
2023-12-14 21:10:32,570 [INFO] ThirdPartyUpdaterWithRetryManager:70 - Updater plugin not ready yet. [1/15]
2023-12-14 21:10:32,572 [INFO] PluginManage:359 - Loaded plugin tools (category:base,tabindex:7)
2023-12-14 21:10:32,572 [INFO] PluginManage:310 - Check plugin tutovideos
2023-12-14 21:10:32,700 [INFO] PluginManage:359 - Loaded plugin tutovideos (category:base,tabindex:-1)
2023-12-14 21:10:32,701 [INFO] PluginManage:310 - Check plugin updater
2023-12-14 21:10:32,710 [INFO] PluginManage:359 - Loaded plugin updater (category:base,tabindex:12)
2023-12-14 21:10:32,710 [INFO] PluginManage:310 - Check plugin userauth
2023-12-14 21:10:32,714 [INFO] UserAuth:113 - Init User Auth plugin
2023-12-14 21:10:32,714 [INFO] PluginManage:359 - Loaded plugin userauth (category:base,tabindex:14)
2023-12-14 21:10:32,714 [INFO] PluginManage:283 - PluginManage : Loaded plugins [17]
2023-12-14 21:10:32,855 [INFO] PinOutPanel:1499 - setPackage(No Configuration,No Configuration)
2023-12-14 21:10:32,923 [INFO] CADModel:165 - CPN selected for project level
2023-12-14 21:10:32,923 [INFO] CADModel:114 - Register for checkConnection events
2023-12-14 21:10:32,943 [INFO] IPUIPlugin:80 - create IPUIPlugin
2023-12-14 21:10:32,944 [INFO] PluginManager:220 - loadIPPluginJar : add adc
2023-12-14 21:10:32,968 [INFO] IPUIPlugin:80 - create IPUIPlugin
2023-12-14 21:10:32,968 [INFO] PluginManager:220 - loadIPPluginJar : add aes
2023-12-14 21:10:32,995 [INFO] IPUIPlugin:80 - create IPUIPlugin
2023-12-14 21:10:32,995 [INFO] PluginManager:220 - loadIPPluginJar : add can
2023-12-14 21:10:33,013 [INFO] IPUIPlugin:80 - create IPUIPlugin
2023-12-14 21:10:33,013 [INFO] PluginManager:220 - loadIPPluginJar : add comp
2023-12-14 21:10:33,036 [INFO] IPUIPlugin:80 - create IPUIPlugin
2023-12-14 21:10:33,036 [INFO] PluginManager:220 - loadIPPluginJar : add cryp
2023-12-14 21:10:33,057 [INFO] IPUIPlugin:80 - create IPUIPlugin
2023-12-14 21:10:33,057 [INFO] PluginManager:220 - loadIPPluginJar : add dfsdm
2023-12-14 21:10:33,072 [INFO] IPUIPlugin:80 - create IPUIPlugin
2023-12-14 21:10:33,073 [INFO] PluginManager:220 - loadIPPluginJar : add dma
2023-12-14 21:10:33,103 [INFO] IPUIPlugin:80 - create IPUIPlugin
2023-12-14 21:10:33,104 [INFO] PluginManager:220 - loadIPPluginJar : add dma3
2023-12-14 21:10:33,119 [INFO] IPUIPlugin:80 - create IPUIPlugin
2023-12-14 21:10:33,119 [INFO] PluginManager:220 - loadIPPluginJar : add fatfs
2023-12-14 21:10:33,159 [INFO] IPUIPlugin:80 - create IPUIPlugin
2023-12-14 21:10:33,159 [INFO] PluginManager:220 - loadIPPluginJar : add fmc
2023-12-14 21:10:33,173 [INFO] IPUIPlugin:80 - create IPUIPlugin
2023-12-14 21:10:33,174 [INFO] PluginManager:220 - loadIPPluginJar : add freertos
2023-12-14 21:10:33,190 [INFO] IPUIPlugin:80 - create IPUIPlugin
2023-12-14 21:10:33,191 [INFO] PluginManager:220 - loadIPPluginJar : add genericplugin
2023-12-14 21:10:33,257 [INFO] IPUIPlugin:80 - create IPUIPlugin
2023-12-14 21:10:33,257 [INFO] PluginManager:220 - loadIPPluginJar : add gfxmmu
2023-12-14 21:10:33,343 [INFO] IPUIPlugin:80 - create IPUIPlugin
2023-12-14 21:10:33,343 [INFO] PluginManager:220 - loadIPPluginJar : add gic
2023-12-14 21:10:33,353 [INFO] IPUIPlugin:80 - create IPUIPlugin
2023-12-14 21:10:33,353 [INFO] PluginManager:220 - loadIPPluginJar : add gpio
2023-12-14 21:10:33,415 [INFO] IPUIPlugin:80 - create IPUIPlugin
2023-12-14 21:10:33,415 [INFO] PluginManager:220 - loadIPPluginJar : add gtzc
2023-12-14 21:10:33,417 [INFO] IPUIPlugin:80 - create IPUIPlugin
2023-12-14 21:10:33,417 [INFO] PluginManager:220 - loadIPPluginJar : add hash
2023-12-14 21:10:33,454 [INFO] IPUIPlugin:80 - create IPUIPlugin
2023-12-14 21:10:33,454 [INFO] PluginManager:220 - loadIPPluginJar : add i2c
2023-12-14 21:10:33,480 [INFO] IPUIPlugin:80 - create IPUIPlugin
2023-12-14 21:10:33,480 [INFO] PluginManager:220 - loadIPPluginJar : add i2s
2023-12-14 21:10:33,507 [INFO] IPUIPlugin:80 - create IPUIPlugin
2023-12-14 21:10:33,507 [INFO] PluginManager:220 - loadIPPluginJar : add i3c
2023-12-14 21:10:33,572 [INFO] IPUIPlugin:80 - create IPUIPlugin
2023-12-14 21:10:33,572 [INFO] PluginManager:220 - loadIPPluginJar : add ipddr
2023-12-14 21:10:33,636 [INFO] IPUIPlugin:80 - create IPUIPlugin
2023-12-14 21:10:33,636 [INFO] PluginManager:220 - loadIPPluginJar : add linkedlist
2023-12-14 21:10:33,660 [INFO] IPUIPlugin:80 - create IPUIPlugin
2023-12-14 21:10:33,660 [INFO] PluginManager:220 - loadIPPluginJar : add lorawan
2023-12-14 21:10:33,691 [INFO] IPUIPlugin:80 - create IPUIPlugin
2023-12-14 21:10:33,691 [INFO] PluginManager:220 - loadIPPluginJar : add ltdc
2023-12-14 21:10:33,702 [INFO] IPUIPlugin:80 - create IPUIPlugin
2023-12-14 21:10:33,702 [INFO] PluginManager:220 - loadIPPluginJar : add mdma
2023-12-14 21:10:33,716 [INFO] IPUIPlugin:80 - create IPUIPlugin
2023-12-14 21:10:33,716 [INFO] PluginManager:220 - loadIPPluginJar : add nvic
2023-12-14 21:10:33,743 [INFO] IPUIPlugin:80 - create IPUIPlugin
2023-12-14 21:10:33,743 [INFO] PluginManager:220 - loadIPPluginJar : add opamp
2023-12-14 21:10:33,784 [INFO] IPUIPlugin:80 - create IPUIPlugin
2023-12-14 21:10:33,784 [INFO] PluginManager:220 - loadIPPluginJar : add openamp
2023-12-14 21:10:33,814 [INFO] IPUIPlugin:80 - create IPUIPlugin
2023-12-14 21:10:33,814 [INFO] PluginManager:220 - loadIPPluginJar : add pdm2pcm
2023-12-14 21:10:33,826 [INFO] IPUIPlugin:80 - create IPUIPlugin
2023-12-14 21:10:33,827 [INFO] PluginManager:220 - loadIPPluginJar : add plateformsettings
2023-12-14 21:10:33,829 [INFO] IPUIPlugin:80 - create IPUIPlugin
2023-12-14 21:10:33,829 [INFO] PluginManager:220 - loadIPPluginJar : add quadspi
2023-12-14 21:10:33,841 [INFO] IPUIPlugin:80 - create IPUIPlugin
2023-12-14 21:10:33,841 [INFO] PluginManager:220 - loadIPPluginJar : add resmgrutility
2023-12-14 21:10:33,876 [INFO] IPUIPlugin:80 - create IPUIPlugin
2023-12-14 21:10:33,876 [INFO] PluginManager:220 - loadIPPluginJar : add sai
2023-12-14 21:10:33,905 [INFO] IPUIPlugin:80 - create IPUIPlugin
2023-12-14 21:10:33,905 [INFO] PluginManager:220 - loadIPPluginJar : add spi
2023-12-14 21:10:33,945 [INFO] IPUIPlugin:80 - create IPUIPlugin
2023-12-14 21:10:33,945 [INFO] PluginManager:220 - loadIPPluginJar : add stm32_wpan
2023-12-14 21:10:33,962 [INFO] IPUIPlugin:80 - create IPUIPlugin
2023-12-14 21:10:33,963 [INFO] PluginManager:220 - loadIPPluginJar : add tim
2023-12-14 21:10:34,002 [INFO] IPUIPlugin:80 - create IPUIPlugin
2023-12-14 21:10:34,002 [INFO] PluginManager:220 - loadIPPluginJar : add touchsensing
2023-12-14 21:10:34,003 [INFO] IPUIPlugin:80 - create IPUIPlugin
2023-12-14 21:10:34,004 [INFO] PluginManager:220 - loadIPPluginJar : add tracer_emb
2023-12-14 21:10:34,021 [INFO] IPUIPlugin:80 - create IPUIPlugin
2023-12-14 21:10:34,021 [INFO] PluginManager:220 - loadIPPluginJar : add ts
2023-12-14 21:10:34,023 [INFO] IPUIPlugin:80 - create IPUIPlugin
2023-12-14 21:10:34,023 [INFO] PluginManager:220 - loadIPPluginJar : add tsc
2023-12-14 21:10:34,025 [INFO] IPUIPlugin:80 - create IPUIPlugin
2023-12-14 21:10:34,025 [INFO] PluginManager:220 - loadIPPluginJar : add ucpd
2023-12-14 21:10:34,055 [INFO] IPUIPlugin:80 - create IPUIPlugin
2023-12-14 21:10:34,055 [INFO] PluginManager:220 - loadIPPluginJar : add usart
2023-12-14 21:10:34,086 [INFO] IPUIPlugin:80 - create IPUIPlugin
2023-12-14 21:10:34,086 [INFO] PluginManager:220 - loadIPPluginJar : add usbx
2023-12-14 21:10:34,193 [INFO] CADModel:165 - CPN selected for project level
2023-12-14 21:10:34,193 [INFO] CADModel:114 - Register for checkConnection events
2023-12-14 21:10:34,194 [FATAL] Updater:308 - Updater called before beeing initialized
2023-12-14 21:10:34,194 [ERROR] CADModel:125 - Updater not yet initialized, retry later 
2023-12-14 21:10:34,306 [INFO] CADModel:165 - CPN selected for project level
2023-12-14 21:10:34,306 [INFO] CADModel:114 - Register for checkConnection events
2023-12-14 21:10:34,306 [FATAL] Updater:308 - Updater called before beeing initialized
2023-12-14 21:10:34,306 [ERROR] CADModel:125 - Updater not yet initialized, retry later 
2023-12-14 21:10:34,308 [FATAL] Updater:308 - Updater called before beeing initialized
2023-12-14 21:10:34,393 [FATAL] Updater:308 - Updater called before beeing initialized
2023-12-14 21:10:34,397 [INFO] DbMcusAds:53 - JSON generation date=Wed Nov 29 17:52:27 ICT 2023 (1701255147349)
2023-12-14 21:10:34,398 [FATAL] Updater:308 - Updater called before beeing initialized
2023-12-14 21:10:34,454 [WARN] DetailPanel:346 - Failed to get advertising image, set to default
2023-12-14 21:10:34,551 [FATAL] Updater:308 - Updater called before beeing initialized
2023-12-14 21:10:34,552 [FATAL] Updater:308 - Updater called before beeing initialized
2023-12-14 21:10:34,553 [FATAL] Updater:308 - Updater called before beeing initialized
2023-12-14 21:10:34,553 [WARN] DetailPanel:346 - Failed to get advertising image, set to default
2023-12-14 21:10:34,554 [FATAL] Updater:308 - Updater called before beeing initialized
2023-12-14 21:10:34,596 [ERROR] Updater:1120 - MainUpdater not yet initialized. External WinMGr cannot be set.
2023-12-14 21:10:34,599 [INFO] Updater:1056 - Updater Version found : 6.9.2
2023-12-14 21:10:34,615 [INFO] ApplicationProperties:184 - Using Application install path: D:\STM32CubeIDE_1.13.2\STM32CubeIDE\plugins\com.st.stm32cube.common.mx_6.9.2.202309101412
2023-12-14 21:10:35,483 [INFO] MainUpdater:2868 - connection check result : 10
2023-12-14 21:10:35,485 [INFO] MainUpdater:285 - Updater Check For Update Now.
2023-12-14 21:10:35,485 [INFO] MicroXplorer:498 - Change Database Version : DB.6.0.92
2023-12-14 21:10:35,506 [INFO] McuFinderGlobals:63 - Set McuFinder mode to 2 (CubeIDE integrated)
2023-12-14 21:10:35,571 [WARN] MainUpdater:1189 - Updater busy. Cannot search thirdparties
2023-12-14 21:10:35,571 [INFO] ThirdPartyUpdaterWithRetryManager:96 - Updater plugin is busy. [1/15]
2023-12-14 21:10:35,685 [INFO] CheckServerUpdateThread:120 - End of CheckServer Thread
2023-12-14 21:10:38,690 [WARN] PackLoader:240 - Cannot read IP mode file for STMicroelectronics.X-CUBE-SMBUS.2.1.0
2023-12-14 21:10:38,729 [WARN] PackLoader:240 - Cannot read IP mode file for STMicroelectronics.X-CUBE-AZRTOS-F7.1.1.0
2023-12-14 21:10:38,744 [WARN] PackLoader:240 - Cannot read IP mode file for STMicroelectronics.FP-SNS-MOTENV1.4.3.2
2023-12-14 21:10:38,757 [WARN] PackLoader:240 - Cannot read IP mode file for STMicroelectronics.FP-SNS-FLIGHT1.5.0.2
2023-12-14 21:10:38,770 [WARN] PackLoader:240 - Cannot read IP mode file for STMicroelectronics.X-CUBE-DISPLAY.3.0.0
2023-12-14 21:10:38,783 [WARN] PackLoader:240 - Cannot read IP mode file for STMicroelectronics.X-CUBE-BLE1.7.0.0
2023-12-14 21:10:38,794 [WARN] PackLoader:240 - Cannot read IP mode file for emotas.I-CUBE-CANOPEN.1.3.0
2023-12-14 21:10:38,805 [WARN] PackLoader:240 - Cannot read IP mode file for STMicroelectronics.X-CUBE-TOUCHGFX.4.22.1
2023-12-14 21:10:38,813 [WARN] PackLoader:240 - Cannot read IP mode file for STMicroelectronics.FP-SNS-SMARTAG2.1.2.0
2023-12-14 21:10:38,829 [INFO] LogOutputStream:77 - [STDOUT_REDIRECT] 1 : Invalid condition id : UX_CORESTACK_Condition cause : null
2023-12-14 21:10:38,829 [INFO] LogOutputStream:77 - [STDOUT_REDIRECT] 1 : Invalid condition id : UX_CORESTACK_Condition cause : null
2023-12-14 21:10:38,830 [INFO] LogOutputStream:77 - [STDOUT_REDIRECT] 1 : Invalid condition id : UX_CORESTACK_Condition cause : null
2023-12-14 21:10:38,831 [INFO] LogOutputStream:77 - [STDOUT_REDIRECT] 1 : Invalid condition id : UX_CORESTACK_Condition cause : null
2023-12-14 21:10:38,831 [INFO] LogOutputStream:77 - [STDOUT_REDIRECT] 1 : Invalid condition id : UX_CORESTACK_Condition cause : null
2023-12-14 21:10:38,834 [WARN] PackLoader:240 - Cannot read IP mode file for STMicroelectronics.X-CUBE-AZRTOS-WL.2.0.0
2023-12-14 21:10:38,848 [WARN] PackLoader:240 - Cannot read IP mode file for WES.I-CUBE-Cesium.1.3.0
2023-12-14 21:10:38,858 [WARN] PackLoader:240 - Cannot read IP mode file for STMicroelectronics.X-CUBE-BLE2.3.3.0
2023-12-14 21:10:38,868 [WARN] PackLoader:240 - Cannot read IP mode file for STMicroelectronics.X-CUBE-ALGOBUILD.1.3.0
2023-12-14 21:10:38,888 [WARN] PackLoader:240 - Cannot read IP mode file for STMicroelectronics.X-CUBE-AZRTOS-G0.1.1.0
2023-12-14 21:10:38,899 [WARN] PackLoader:240 - Cannot read IP mode file for STMicroelectronics.X-CUBE-NFC4.3.0.0
2023-12-14 21:10:38,909 [WARN] PackLoader:240 - Cannot read IP mode file for STMicroelectronics.X-CUBE-BLEMGR.3.0.0
2023-12-14 21:10:38,919 [WARN] PackLoader:240 - Cannot read IP mode file for STMicroelectronics.FP-ATR-SIGFOX1.3.2.0
2023-12-14 21:10:38,944 [WARN] PackLoader:240 - Cannot read IP mode file for SEGGER.I-CUBE-embOS.1.3.1
2023-12-14 21:10:38,983 [WARN] PackLoader:240 - Cannot read IP mode file for STMicroelectronics.X-CUBE-GNSS1.6.0.0
2023-12-14 21:10:39,002 [WARN] PackLoader:240 - Cannot read IP mode file for STMicroelectronics.X-CUBE-AZRTOS-F4.1.1.0
2023-12-14 21:10:39,014 [WARN] PackLoader:240 - Cannot read IP mode file for wolfSSL.I-CUBE-wolfSSL.5.6.3
2023-12-14 21:10:39,033 [WARN] PackLoader:240 - Cannot read IP mode file for STMicroelectronics.X-CUBE-AZRTOS-L5.2.0.0
2023-12-14 21:10:39,062 [WARN] PackLoader:240 - Cannot read IP mode file for STMicroelectronics.X-CUBE-MEMS1.9.6.0
2023-12-14 21:10:39,158 [WARN] PackLoader:240 - Cannot read IP mode file for STMicroelectronics.X-CUBE-EEPRMA1.4.2.0
2023-12-14 21:10:39,173 [WARN] PackLoader:240 - Cannot read IP mode file for ITTIA_DB.I-CUBE-ITTIADB.8.8.0
2023-12-14 21:10:39,188 [WARN] PackLoader:240 - Cannot read IP mode file for STMicroelectronics.X-CUBE-BLEMGR.2.0.0
2023-12-14 21:10:39,207 [WARN] ConditionMgr:438 - getConditionDescription Invalid condition id : UX DEVICE CLASS RTOS Condition cause : null
2023-12-14 21:10:39,207 [WARN] ConditionMgr:438 - getConditionDescription Invalid condition id : UX DEVICE CLASS RTOS Condition cause : null
2023-12-14 21:10:39,209 [WARN] PackLoader:240 - Cannot read IP mode file for STMicroelectronics.X-CUBE-AZRTOS-H7.3.1.0
2023-12-14 21:10:39,210 [WARN] ConditionMgr:1039 - genDependencies : Invalid condition id : UX DEVICE CLASS RTOS Condition cause : null
2023-12-14 21:10:39,210 [WARN] ConditionMgr:1039 - genDependencies : Invalid condition id : UX DEVICE CLASS RTOS Condition cause : null
2023-12-14 21:10:39,210 [WARN] ConditionMgr:1039 - genDependencies : Invalid condition id : UX DEVICE CLASS RTOS Condition cause : null
2023-12-14 21:10:39,211 [WARN] ConditionMgr:1039 - genDependencies : Invalid condition id : UX DEVICE CLASS RTOS Condition cause : null
2023-12-14 21:10:39,211 [WARN] ConditionMgr:1039 - genDependencies : Invalid condition id : UX DEVICE CLASS RTOS Condition cause : null
2023-12-14 21:10:39,222 [WARN] PackLoader:240 - Cannot read IP mode file for STMicroelectronics.X-CUBE-NFC7.1.0.1
2023-12-14 21:10:39,232 [WARN] PackLoader:240 - Cannot read IP mode file for STMicroelectronics.X-CUBE-NFC6.3.0.0
2023-12-14 21:10:39,242 [WARN] PackLoader:240 - Cannot read IP mode file for STMicroelectronics.X-CUBE-EEPRMA1.4.1.0
2023-12-14 21:10:39,252 [WARN] PackLoader:240 - Cannot read IP mode file for STMicroelectronics.X-CUBE-AI.8.1.0
2023-12-14 21:10:39,274 [WARN] ConditionMgr:438 - getConditionDescription Invalid condition id : LAN8742 Phy interface Condition cause : null
2023-12-14 21:10:39,275 [WARN] PackLoader:240 - Cannot read IP mode file for STMicroelectronics.X-CUBE-AZRTOS-L4.2.0.0
2023-12-14 21:10:39,276 [WARN] ConditionMgr:1039 - genDependencies : Invalid condition id : LAN8742 Phy interface Condition cause : null
2023-12-14 21:10:39,276 [WARN] ConditionMgr:1039 - genDependencies : Invalid condition id : LAN8742 Phy interface Condition cause : null
2023-12-14 21:10:39,276 [WARN] ConditionMgr:1039 - genDependencies : Invalid condition id : LAN8742 Phy interface Condition cause : null
2023-12-14 21:10:39,289 [WARN] PackLoader:240 - Cannot read IP mode file for STMicroelectronics.X-CUBE-SFXS2LP1.4.0.0
2023-12-14 21:10:39,298 [WARN] PackLoader:240 - Cannot read IP mode file for STMicroelectronics.X-CUBE-ISPU.1.1.0
2023-12-14 21:10:39,315 [WARN] ConditionMgr:438 - getConditionDescription Invalid condition id : UX DEVICE CLASS RTOS Condition cause : null
2023-12-14 21:10:39,316 [WARN] ConditionMgr:438 - getConditionDescription Invalid condition id : UX DEVICE CLASS RTOS Condition cause : null
2023-12-14 21:10:39,316 [WARN] PackLoader:240 - Cannot read IP mode file for STMicroelectronics.X-CUBE-AZRTOS-WB.2.0.0
2023-12-14 21:10:39,316 [WARN] ConditionMgr:1039 - genDependencies : Invalid condition id : UX DEVICE CLASS RTOS Condition cause : null
2023-12-14 21:10:39,316 [WARN] ConditionMgr:1039 - genDependencies : Invalid condition id : UX DEVICE CLASS RTOS Condition cause : null
2023-12-14 21:10:39,317 [WARN] ConditionMgr:1039 - genDependencies : Invalid condition id : UX DEVICE CLASS RTOS Condition cause : null
2023-12-14 21:10:39,317 [WARN] ConditionMgr:1039 - genDependencies : Invalid condition id : UX DEVICE CLASS RTOS Condition cause : null
2023-12-14 21:10:39,317 [WARN] ConditionMgr:1039 - genDependencies : Invalid condition id : UX DEVICE CLASS RTOS Condition cause : null
2023-12-14 21:10:39,331 [WARN] PackLoader:240 - Cannot read IP mode file for STMicroelectronics.X-CUBE-SUBG2.5.0.0
2023-12-14 21:10:39,350 [WARN] PackLoader:240 - Cannot read IP mode file for STMicroelectronics.X-CUBE-TOF1.3.3.1
2023-12-14 21:10:39,373 [WARN] PackLoader:240 - Cannot read IP mode file for STMicroelectronics.X-CUBE-AZRTOS-G4.2.0.0
2023-12-14 21:10:39,393 [WARN] PackLoader:240 - Cannot read IP mode file for Infineon.AIROC-Wi-Fi-Bluetooth-STM32.1.5.1
2023-12-14 21:10:39,406 [WARN] PackLoader:240 - Cannot read IP mode file for STMicroelectronics.FP-SNS-MOTENVWB1.1.3.0
2023-12-14 21:10:39,409 [WARN] PackLoader:240 - Cannot read IP mode file for STMicroelectronics.FP-SNS-MOTENVWB1.1.3.1
2023-12-14 21:10:39,417 [WARN] PackLoader:240 - Cannot read IP mode file for STMicroelectronics.X-CUBE-ISPU.2.0.0
2023-12-14 21:10:39,443 [WARN] PackLoader:240 - Cannot read IP mode file for STMicroelectronics.X-CUBE-MEMS1.10.0.0
2023-12-14 21:10:39,498 [WARN] PackLoader:240 - Cannot read IP mode file for STMicroelectronics.X-CUBE-FREERTOS.1.1.0
2023-12-14 21:10:39,511 [WARN] PackLoader:240 - Cannot read IP mode file for portGmbH.I-Cube-SoM-uGOAL.1.1.0
2023-12-14 21:10:39,524 [WARN] PackLoader:240 - Cannot read IP mode file for STMicroelectronics.X-CUBE-ALS.1.0.1
2023-12-14 21:10:39,531 [WARN] PackLoader:240 - Cannot read IP mode file for STMicroelectronics.FP-ATR-ASTRA1.2.0.0
2023-12-14 21:10:39,550 [WARN] PackLoader:240 - Cannot read IP mode file for STMicroelectronics.X-CUBE-TOF1.3.4.0
2023-12-14 21:10:39,618 [WARN] PackLoader:240 - Cannot read IP mode file for STMicroelectronics.X-CUBE-AZRTOS-H7.3.2.0
2023-12-14 21:10:39,621 [INFO] ThirdParty:978 - Integrity check success = true
2023-12-14 21:10:39,622 [INFO] IntegrityCheckThread:100 - exiting critical section [integrity check]
2023-12-14 21:10:39,622 [INFO] IntegrityCheckThread:103 - End integrity checks thread
2023-12-14 21:10:56,422 [ERROR] LogOutputStream:75 - [STDERR_REDIRECT] SLF4J: Failed to load class "org.slf4j.impl.StaticLoggerBinder".
2023-12-14 21:10:56,424 [ERROR] LogOutputStream:75 - [STDERR_REDIRECT] SLF4J: Defaulting to no-operation (NOP) logger implementation
2023-12-14 21:10:56,424 [ERROR] LogOutputStream:75 - [STDERR_REDIRECT] SLF4J: See http://www.slf4j.org/codes.html#StaticLoggerBinder for further details.
2023-12-14 21:11:14,085 [INFO] McuFinderGlobals:63 - Set McuFinder mode to 2 (CubeIDE integrated)
2023-12-14 21:11:14,113 [INFO] MainUpdater:2868 - connection check result : 10
2023-12-14 21:11:14,123 [INFO] MainUpdater:2868 - connection check result : 10
2023-12-14 21:11:14,346 [INFO] MicroXplorer:468 - Change Database Path : 
2023-12-14 21:11:14,346 [INFO] MicroXplorer:498 - Change Database Version : DB.6.0.92
2023-12-14 21:11:14,350 [WARN] ThirdParty:871 - waiting for thirdparty lock release [close project]
2023-12-14 21:11:14,350 [INFO] ThirdParty:873 - entering critical section [close project]
2023-12-14 21:11:14,351 [INFO] ThirdParty:883 - exiting critical section [close project]
2023-12-14 21:11:14,353 [INFO] PinOutPanel:1499 - setPackage(No Configuration,No Configuration)
2023-12-14 21:11:14,358 [INFO] UtilMem:75 - Begin LoadConfig() Used Memory: 156240456 Bytes (268435456)
2023-12-14 21:11:14,359 [INFO] MicroXplorer:468 - Change Database Path : 
2023-12-14 21:11:14,359 [INFO] MicroXplorer:498 - Change Database Version : DB.6.0.92
2023-12-14 21:11:14,360 [INFO] OpenFileManager:308 - Change cursor
2023-12-14 21:11:14,403 [INFO] Mcu:1946 - Initializing MCU STM32F411V(C-E)Tx STM32F411VETx STM32F411VET6
2023-12-14 21:11:15,551 [INFO] Context:659 - Trying to add GPIOservice into a context  which must be forbidden
2023-12-14 21:11:15,969 [INFO] RtosManager:555 - Registered RTOS mode: class=CMSIS, group=RTOS, mode=CMSIS_V1, owner=FREERTOS
2023-12-14 21:11:15,969 [INFO] RtosManager:555 - Registered RTOS mode: class=CMSIS, group=RTOS2, mode=CMSIS_V2, owner=FREERTOS
2023-12-14 21:11:15,969 [INFO] RtosManager:555 - Registered RTOS mode: class=RTOS, group=Core, mode=CMSIS_V1, owner=FREERTOS
2023-12-14 21:11:15,969 [INFO] RtosManager:555 - Registered RTOS mode: class=RTOS, group=Core, mode=CMSIS_V2, owner=FREERTOS
2023-12-14 21:11:15,970 [WARN] ModelIntegratedComponent:184 - Missing modes for component STMicroelectronics:FreeRTOS:0.0.1:STMicroelectronics:RTOS:FreeRTOS:Core:::10.2.0:
2023-12-14 21:11:15,973 [WARN] ModelIntegratedComponent:182 - Modes not found for component STMicroelectronics:USB_HOST:1.0.0:STMicroelectronics:USB::USB Host:Audio HS::1.0:USB_HOST_1_0_RESTRICTED_HS
2023-12-14 21:11:15,973 [WARN] ModelIntegratedComponent:188 - Modes not found for component STMicroelectronics:USB_HOST:1.0.0:STMicroelectronics:USB::USB Host:Audio HS::1.0:USB_HOST_1_0_RESTRICTED_HS
2023-12-14 21:11:15,973 [WARN] ModelIntegratedComponent:182 - Modes not found for component STMicroelectronics:USB_HOST:1.0.0:STMicroelectronics:USB::USB Host:CDC HS::1.0:USB_HOST_1_0_RESTRICTED_HS
2023-12-14 21:11:15,973 [WARN] ModelIntegratedComponent:188 - Modes not found for component STMicroelectronics:USB_HOST:1.0.0:STMicroelectronics:USB::USB Host:CDC HS::1.0:USB_HOST_1_0_RESTRICTED_HS
2023-12-14 21:11:15,973 [WARN] ModelIntegratedComponent:182 - Modes not found for component STMicroelectronics:USB_HOST:1.0.0:STMicroelectronics:USB::USB Host:MSC HS::1.0:USB_HOST_1_0_RESTRICTED_HS
2023-12-14 21:11:15,973 [WARN] ModelIntegratedComponent:188 - Modes not found for component STMicroelectronics:USB_HOST:1.0.0:STMicroelectronics:USB::USB Host:MSC HS::1.0:USB_HOST_1_0_RESTRICTED_HS
2023-12-14 21:11:15,973 [WARN] ModelIntegratedComponent:182 - Modes not found for component STMicroelectronics:USB_HOST:1.0.0:STMicroelectronics:USB::USB Host:HID HS::1.0:USB_HOST_1_0_RESTRICTED_HS
2023-12-14 21:11:15,973 [WARN] ModelIntegratedComponent:188 - Modes not found for component STMicroelectronics:USB_HOST:1.0.0:STMicroelectronics:USB::USB Host:HID HS::1.0:USB_HOST_1_0_RESTRICTED_HS
2023-12-14 21:11:15,973 [WARN] ModelIntegratedComponent:182 - Modes not found for component STMicroelectronics:USB_HOST:1.0.0:STMicroelectronics:USB::USB Host:MTP HS::1.0:USB_HOST_1_0_RESTRICTED_HS
2023-12-14 21:11:15,973 [WARN] ModelIntegratedComponent:188 - Modes not found for component STMicroelectronics:USB_HOST:1.0.0:STMicroelectronics:USB::USB Host:MTP HS::1.0:USB_HOST_1_0_RESTRICTED_HS
2023-12-14 21:11:15,982 [WARN] ModelIntegratedComponent:63 - No mode defined for component null
2023-12-14 21:11:15,982 [WARN] ModelIntegratedComponent:63 - No mode defined for component null
2023-12-14 21:11:15,982 [WARN] ModelIntegratedComponent:63 - No mode defined for component null
2023-12-14 21:11:15,982 [WARN] ModelIntegratedComponent:63 - No mode defined for component null
2023-12-14 21:11:15,983 [WARN] ModelIntegratedComponent:63 - No mode defined for component null
2023-12-14 21:11:15,983 [WARN] ModelIntegratedComponent:63 - No mode defined for component null
2023-12-14 21:11:15,983 [WARN] ModelIntegratedComponent:63 - No mode defined for component null
2023-12-14 21:11:15,983 [WARN] ModelIntegratedComponent:63 - No mode defined for component null
2023-12-14 21:11:15,983 [WARN] ModelIntegratedComponent:63 - No mode defined for component null
2023-12-14 21:11:15,983 [WARN] ModelIntegratedComponent:63 - No mode defined for component null
2023-12-14 21:11:15,983 [WARN] ModelIntegratedComponent:63 - No mode defined for component null
2023-12-14 21:11:15,983 [WARN] ModelIntegratedComponent:63 - No mode defined for component null
2023-12-14 21:11:15,983 [WARN] ModelIntegratedComponent:63 - No mode defined for component null
2023-12-14 21:11:15,983 [WARN] ModelIntegratedComponent:63 - No mode defined for component null
2023-12-14 21:11:15,983 [WARN] ModelIntegratedComponent:63 - No mode defined for component null
2023-12-14 21:11:15,983 [WARN] ModelIntegratedComponent:63 - No mode defined for component null
2023-12-14 21:11:15,983 [WARN] ModelIntegratedComponent:63 - No mode defined for component null
2023-12-14 21:11:15,983 [WARN] ModelIntegratedComponent:63 - No mode defined for component null
2023-12-14 21:11:15,983 [WARN] ModelIntegratedComponent:63 - No mode defined for component null
2023-12-14 21:11:15,983 [WARN] ModelIntegratedComponent:63 - No mode defined for component null
2023-12-14 21:11:15,983 [WARN] ModelIntegratedComponent:63 - No mode defined for component null
2023-12-14 21:11:15,983 [WARN] ModelIntegratedComponent:63 - No mode defined for component null
2023-12-14 21:11:15,983 [WARN] ModelIntegratedComponent:63 - No mode defined for component null
2023-12-14 21:11:15,983 [WARN] ModelIntegratedComponent:63 - No mode defined for component null
2023-12-14 21:11:15,983 [WARN] ModelIntegratedComponent:63 - No mode defined for component null
2023-12-14 21:11:15,983 [WARN] ModelIntegratedComponent:63 - No mode defined for component null
2023-12-14 21:11:15,984 [WARN] ModelIntegratedComponent:63 - No mode defined for component null
2023-12-14 21:11:15,984 [WARN] ModelIntegratedComponent:63 - No mode defined for component null
2023-12-14 21:11:15,984 [WARN] ModelIntegratedComponent:63 - No mode defined for component null
2023-12-14 21:11:15,984 [WARN] ModelIntegratedComponent:63 - No mode defined for component null
2023-12-14 21:11:15,984 [WARN] ModelIntegratedComponent:63 - No mode defined for component null
2023-12-14 21:11:15,984 [WARN] ModelIntegratedComponent:63 - No mode defined for component null
2023-12-14 21:11:15,984 [WARN] ModelIntegratedComponent:63 - No mode defined for component null
2023-12-14 21:11:16,038 [WARN] ModelIntegratedComponent:182 - Modes not found for component STMicroelectronics:USB_DEVICE:1.0.0:STMicroelectronics:USB::USB Device:Audio HS::1.0:USB_DEVICE_1_0_RESTRICTED_HS
2023-12-14 21:11:16,038 [WARN] ModelIntegratedComponent:188 - Modes not found for component STMicroelectronics:USB_DEVICE:1.0.0:STMicroelectronics:USB::USB Device:Audio HS::1.0:USB_DEVICE_1_0_RESTRICTED_HS
2023-12-14 21:11:16,038 [WARN] ModelIntegratedComponent:182 - Modes not found for component STMicroelectronics:USB_DEVICE:1.0.0:STMicroelectronics:USB::USB Device:CDC HS::1.0:USB_DEVICE_1_0_RESTRICTED_HS
2023-12-14 21:11:16,039 [WARN] ModelIntegratedComponent:188 - Modes not found for component STMicroelectronics:USB_DEVICE:1.0.0:STMicroelectronics:USB::USB Device:CDC HS::1.0:USB_DEVICE_1_0_RESTRICTED_HS
2023-12-14 21:11:16,039 [WARN] ModelIntegratedComponent:182 - Modes not found for component STMicroelectronics:USB_DEVICE:1.0.0:STMicroelectronics:USB::USB Device:DFU HS::1.0:USB_DEVICE_1_0_RESTRICTED_HS
2023-12-14 21:11:16,039 [WARN] ModelIntegratedComponent:188 - Modes not found for component STMicroelectronics:USB_DEVICE:1.0.0:STMicroelectronics:USB::USB Device:DFU HS::1.0:USB_DEVICE_1_0_RESTRICTED_HS
2023-12-14 21:11:16,039 [WARN] ModelIntegratedComponent:182 - Modes not found for component STMicroelectronics:USB_DEVICE:1.0.0:STMicroelectronics:USB::USB Device:HID HS::1.0:USB_DEVICE_1_0_RESTRICTED_HS
2023-12-14 21:11:16,039 [WARN] ModelIntegratedComponent:188 - Modes not found for component STMicroelectronics:USB_DEVICE:1.0.0:STMicroelectronics:USB::USB Device:HID HS::1.0:USB_DEVICE_1_0_RESTRICTED_HS
2023-12-14 21:11:16,039 [WARN] ModelIntegratedComponent:182 - Modes not found for component STMicroelectronics:USB_DEVICE:1.0.0:STMicroelectronics:USB::USB Device:Custom HID HS::1.0:USB_DEVICE_1_0_RESTRICTED_HS
2023-12-14 21:11:16,039 [WARN] ModelIntegratedComponent:188 - Modes not found for component STMicroelectronics:USB_DEVICE:1.0.0:STMicroelectronics:USB::USB Device:Custom HID HS::1.0:USB_DEVICE_1_0_RESTRICTED_HS
2023-12-14 21:11:16,039 [WARN] ModelIntegratedComponent:182 - Modes not found for component STMicroelectronics:USB_DEVICE:1.0.0:STMicroelectronics:USB::USB Device:MSC HS::1.0:USB_DEVICE_1_0_RESTRICTED_HS
2023-12-14 21:11:16,039 [WARN] ModelIntegratedComponent:188 - Modes not found for component STMicroelectronics:USB_DEVICE:1.0.0:STMicroelectronics:USB::USB Device:MSC HS::1.0:USB_DEVICE_1_0_RESTRICTED_HS
2023-12-14 21:11:16,060 [INFO] ThirdPartyModel:298 - Start build external matchings
2023-12-14 21:11:16,403 [INFO] ThirdPartyModel:316 - End build external matchings
2023-12-14 21:11:16,416 [INFO] ImportTextPane:194 - (OptionalMessage_ERROR) IP (RCC) : Parameter (RTCHSEDivFreq_Value) has invalid value (4000000)
2023-12-14 21:11:16,418 [WARN] IP:2114 - DEVICE_SERIAL0_CDC_FS not found: check if there is a RefParameter without a condition.
2023-12-14 21:11:16,418 [WARN] IP:2114 - DEVICE_SERIAL1_CDC_FS not found: check if there is a RefParameter without a condition.
2023-12-14 21:11:16,418 [WARN] IP:2114 - DEVICE_SERIAL2_CDC_FS not found: check if there is a RefParameter without a condition.
2023-12-14 21:11:16,671 [INFO] UtilMem:75 - End LoadConfig() Used Memory: 237874656 Bytes (429916160)
2023-12-14 21:11:16,803 [INFO] ApiDb:581 - Connected to CubeFinder SQLite database (C:\Users\Toan\.stmcufinder\plugins\mcufinder\mcu\cube-finder-db.db)
2023-12-14 21:11:16,850 [INFO] ApiDb:668 - CubeFinder database Data Model version=2.1
2023-12-14 21:11:16,850 [INFO] ApiDb:669 - CubeFinder database Configuration version=3.0.39
2023-12-14 21:11:16,850 [INFO] ApiDb:670 - CubeFinder database generation date=2023-11-06 (1699269565)
2023-12-14 21:11:16,851 [INFO] ApiDb:671 - CubeFinder database FW Pack versions=[FP-ATR-ASTRA1_V2.0.0, FP-SNS-FLIGHT1_V5.0.1, FP-SNS-FLIGHT1_V5.0.2, FP-SNS-MOTENV1_V4.3.1, FP-SNS-MOTENV1_V4.3.2, FP-SNS-MOTENVWB1_V1.3.0, FP-SNS-SMARTAG2_V1.2.0, STM32Cube_FW_C0_V1.1.0, STM32Cube_FW_F4_V1.28.0, STM32Cube_FW_F7_V1.17.0, STM32Cube_FW_G0_V1.6.1, STM32Cube_FW_G4_V1.5.1, STM32Cube_FW_H5_V0.5.1, STM32Cube_FW_H5_V1.1.1, STM32Cube_FW_H5_V1.2.0RC2, STM32Cube_FW_H7_V1.11.0, STM32Cube_FW_L0_V1.12.2, STM32Cube_FW_L5_V1.5.0, STM32Cube_FW_U5_V1.3.0RC4, STM32Cube_FW_U5_V1.4.0, STM32Cube_FW_WBA_V1.0.0RC1, STM32Cube_FW_WBA_V1.1.0RC1, STM32Cube_FW_WBA_V1.2.0, STM32Cube_FW_WBA_V1.2.0RC2, STM32Cube_FW_WB_V1.15.0RC1, STM32Cube_FW_WB_V1.16.0, STM32Cube_FW_WB_V1.16.0RC2, STM32Cube_FW_WB_V1.18.0, STM32Cube_FW_WL_V1.3.0, X-CUBE-ALGOBUILD_V1.3.0, X-CUBE-ALS_V1.0.1, X-CUBE-AZRTOS-F4_V1.1.0, X-CUBE-AZRTOS-F7_V1.1.0, X-CUBE-AZRTOS-G0_V1.1.0, X-CUBE-AZRTOS-G4_V2.0.0, X-CUBE-AZRTOS-H7_V3.1.0, X-CUBE-AZRTOS-L4_V1.0.0, X-CUBE-AZRTOS-L4_V2.0.0, X-CUBE-AZRTOS-L5_V1.1.0, X-CUBE-AZRTOS-WB_V2.0.0, X-CUBE-AZRTOS-WL_V2.0.0, X-CUBE-BLE1_V7.0.0, X-CUBE-BLE2_V3.3.0, X-CUBE-BLEMGR_V2.0.0, X-CUBE-EEPRMA1_V4.1.0, X-CUBE-EEPRMA1_V4.2.0, X-CUBE-FREERTOS_V1.1.0, X-CUBE-GNSS1_V6.0.0, X-CUBE-MEMS1_V10.0.0, X-CUBE-MEMS1_V9.1.0, X-CUBE-MEMS1_V9.4.0, X-CUBE-MEMS1_V9.6.0, X-CUBE-NFC4_V3.0.0, X-CUBE-NFC7_V1.0.1, X-CUBE-SFXS2LP1_V4.0.0, X-CUBE-SUBG2_V5.0.0, X-CUBE-TOF1_V3.3.1]
2023-12-14 21:11:18,255 [INFO] ApiDb:240 - Found 323 in-development CPN: [B-G473E-ZEST1S, B-WB1M-WPAN1, B-WL5M-SUBG1, NUCLEO-C031C6, NUCLEO-H503RB, NUCLEO-H563ZI, NUCLEO-U545RE-Q, NUCLEO-U5A5ZJ-Q, NUCLEO-WBA52CG, STEVAL-PROTEUS1, STEVAL-SMARTAG2, STEVAL-STWINBX1, STM320518-EVAL, STM32C0116-DK, STM32C011D6Y3TR, STM32C011D6Y6TR, STM32C011F4P3, STM32C011F4P6, STM32C011F4U3, STM32C011F4U6TR, STM32C011F6P3, STM32C011F6P6, STM32C011F6U3, STM32C011F6U6TR, STM32C011J4M3, STM32C011J4M6, STM32C011J6M3, STM32C011J6M6, STM32C0316-DK, STM32C031C4T3, STM32C031C4T6, STM32C031C4U3, STM32C031C4U6, STM32C031C6T3, STM32C031C6T6, STM32C031C6U3, STM32C031C6U6, STM32C031F4P3, STM32C031F4P6, STM32C031F6P3, STM32C031F6P6, STM32C031G4U3, STM32C031G4U6, STM32C031G6U3, STM32C031G6U6, STM32C031K4T3, STM32C031K4T6, STM32C031K4U3, STM32C031K4U6, STM32C031K6T3, STM32C031K6T6, STM32C031K6U3, STM32C031K6U6, STM32G071K8TXN, STM32G071K8UXN, STM32G081GBU6N, STM32G081KBT6N, STM32G081KBUXN, STM32G0B1CCT6N, STM32G0B1KCT6, STM32G0B1NEY6TR, STM32G0B1RCT6N, STM32G0C1CCT6, STM32G0C1CCT6N, STM32G0C1CCU6N, STM32G0C1CET6N, STM32G0C1CEU6N, STM32G0C1KCT6, STM32G0C1NEY6TR, STM32G0C1RCI6N, STM32G0C1RCT6N, STM32G0C1REI6N, STM32G0C1RET6N, STM32G0C1VCI6, STM32G0C1VEI6, STM32G471CCT6, STM32G471CCU6, STM32G471CET3, STM32G471CET6, STM32G471CEU3, STM32G471CEU6, STM32G471MCT6, STM32G471MET3, STM32G471MET6, STM32G471MEY6TR, STM32G471QCT6, STM32G471QET3, STM32G471RCT6, STM32G471RET3, STM32G471RET6, STM32G471VCH6, STM32G471VCI6, STM32G471VCT6, STM32G471VEH3, STM32G471VEH6, STM32G471VEI3, STM32G471VEI6, STM32G471VET3, STM32G471VET6, STM32G474CCT6, STM32H503CBT6, STM32H503CBU6, STM32H503EBY6TR, STM32H503KBU6, STM32H503RBT6, STM32H562AGI6, STM32H562AII6, STM32H562IGK6, STM32H562IGT6, STM32H562IIK6, STM32H562IIT6, STM32H562RGT6, STM32H562RGV6, STM32H562RIT6, STM32H562RIV6, STM32H562VGT6, STM32H562VIT6, STM32H562ZGT6, STM32H562ZIT6, STM32H563AGI6, STM32H563AII3Q, STM32H563AII6, STM32H563IGK6, STM32H563IGT6, STM32H563IIK3Q, STM32H563IIK6, STM32H563IIT3Q, STM32H563IIT6, STM32H563MIY3QTR, STM32H563RGT6, STM32H563RGV6, STM32H563RIT6, STM32H563RIV6, STM32H563VGT6, STM32H563VIT3Q, STM32H563VIT6, STM32H563ZGT6, STM32H563ZIT3Q, STM32H563ZIT6, STM32H573AII3Q, STM32H573AII6, STM32H573I-DK, STM32H573IIK3Q, STM32H573IIK6, STM32H573IIT3Q, STM32H573IIT6, STM32H573MIY3QTR, STM32H573RIT6, STM32H573RIV6, STM32H573VIT3Q, STM32H573VIT6, STM32H573ZIT3Q, STM32H573ZIT6, STM32L4R5QGI6STR, STM32MP131AAE3, STM32MP131AAF3, STM32MP131AAG3, STM32MP131CAE3, STM32MP131CAF3, STM32MP131CAG3, STM32MP131DAE7, STM32MP131DAF7, STM32MP131DAG7, STM32MP131FAE7, STM32MP131FAF7, STM32MP131FAG7, STM32MP133AAE3, STM32MP133AAF3, STM32MP133AAG3, STM32MP133CAE3, STM32MP133CAF3, STM32MP133CAG3, STM32MP133DAE7, STM32MP133DAF7, STM32MP133DAG7, STM32MP133FAE7, STM32MP133FAF7, STM32MP133FAG7, STM32MP135AAE3, STM32MP135AAF3, STM32MP135AAG3, STM32MP135CAE3, STM32MP135CAF3, STM32MP135CAG3, STM32MP135DAE7, STM32MP135DAF7, STM32MP135DAG7, STM32MP135F-DK, STM32MP135FAE7, STM32MP135FAF7, STM32MP135FAF7T, STM32MP135FAF7U, STM32MP135FAG7, STM32U535CBT6, STM32U535CBT6Q, STM32U535CBU6, STM32U535CBU6Q, STM32U535CCT6, STM32U535CCT6Q, STM32U535CCU6, STM32U535CCU6Q, STM32U535CET6, STM32U535CET6Q, STM32U535CEU6, STM32U535CEU6Q, STM32U535JEY6QTR, STM32U535NCY6QTR, STM32U535NEY6QTR, STM32U535RBI6, STM32U535RBI6Q, STM32U535RBT6, STM32U535RBT6Q, STM32U535RCI6, STM32U535RCI6Q, STM32U535RCT6, STM32U535RCT6Q, STM32U535REI6, STM32U535REI6Q, STM32U535RET6, STM32U535RET6Q, STM32U535VCI6, STM32U535VCI6Q, STM32U535VCT6, STM32U535VCT6Q, STM32U535VEI6, STM32U535VEI6Q, STM32U535VET6, STM32U535VET6Q, STM32U545CET6, STM32U545CET6Q, STM32U545CEU6, STM32U545CEU6Q, STM32U545JEY6QTR, STM32U545NEY6QTR, STM32U545REI6, STM32U545REI6Q, STM32U545RET6, STM32U545RET6Q, STM32U545VEI6, STM32U545VEI6Q, STM32U545VET6, STM32U545VET6Q, STM32U595AIH6, STM32U595AIH6Q, STM32U595AJH6, STM32U595AJH6Q, STM32U595QII6, STM32U595QII6Q, STM32U595QJI6, STM32U595QJI6Q, STM32U595RIT6, STM32U595RIT6Q, STM32U595RJT6, STM32U595RJT6Q, STM32U595VIT6, STM32U595VIT6Q, STM32U595VJT6, STM32U595VJT6Q, STM32U595ZIT6, STM32U595ZIT6Q, STM32U595ZIY6QTR, STM32U595ZJT6, STM32U595ZJT6Q, STM32U595ZJY6QTR, STM32U599BJY6QTR, STM32U599NIH6Q, STM32U599NJH6Q, STM32U599VIT6Q, STM32U599VJT6, STM32U599VJT6Q, STM32U599ZIT6Q, STM32U599ZIY6QTR, STM32U599ZJT6Q, STM32U599ZJY6QTR, STM32U5A5AJH6, STM32U5A5AJH6Q, STM32U5A5QJI6, STM32U5A5QJI6Q, STM32U5A5RJT6, STM32U5A5RJT6Q, STM32U5A5VJT6, STM32U5A5VJT6Q, STM32U5A5ZJT6, STM32U5A5ZJT6Q, STM32U5A5ZJY6QTR, STM32U5A9BJY6QTR, STM32U5A9J-DK, STM32U5A9NJH6Q, STM32U5A9VJT6Q, STM32U5A9ZJT6Q, STM32U5A9ZJY6QTR, STM32U5F7VIT6, STM32U5F7VIT6Q, STM32U5F7VJT6, STM32U5F7VJT6Q, STM32U5F9BJY6QTR, STM32U5F9NJH6Q, STM32U5F9VIT6Q, STM32U5F9VJT6Q, STM32U5F9ZIJ6QTR, STM32U5F9ZIT6Q, STM32U5F9ZJJ6QTR, STM32U5F9ZJT6Q, STM32U5G7VJT6, STM32U5G7VJT6Q, STM32U5G9BJY6QTR, STM32U5G9J-DK1, STM32U5G9J-DK2, STM32U5G9NJH6Q, STM32U5G9VJT6Q, STM32U5G9ZJJ6QTR, STM32U5G9ZJT6Q, STM32WB1MMCH6, STM32WBA52CEU6, STM32WBA52CEU6T, STM32WBA52CGU6, STM32WBA52CGU6T, STM32WBA52KEU6, STM32WBA52KEU6T, STM32WBA52KGU6, STM32WBA52KGU6T, STM32WL5MOCH6, STM32WL5MOCH6TR]
2023-12-14 21:11:18,259 [INFO] DbMcus:217 - Found 3882 MCUs, 3882 are supported
2023-12-14 21:11:18,259 [INFO] ApiDb:423 - Load user favorites file C:\Users\Toan/.stm32cubeide/favorites.mcus.txt: 0 item(s)
2023-12-14 21:11:18,259 [INFO] ApiDb:427 - User favorites MCUs=[]
2023-12-14 21:11:18,259 [INFO] DbMcus:223 - Set 0 / 0 favorites MCUs
2023-12-14 21:11:18,471 [WARN] ThirdParty:833 - waiting for thirdparty lock release [change project]
2023-12-14 21:11:18,471 [INFO] ThirdParty:835 - entering critical section [change project]
2023-12-14 21:11:18,471 [INFO] ThirdParty:1030 - CMSIS Pack Vendor :STMicroelectronics X-CUBE-ISPU 1.1.0
2023-12-14 21:11:18,471 [INFO] ThirdParty:1030 - CMSIS Pack Vendor :STMicroelectronics USBPD 4.1
2023-12-14 21:11:18,471 [INFO] ThirdParty:1030 - CMSIS Pack Vendor :STMicroelectronics X-CUBE-GNSS1 6.0.0
2023-12-14 21:11:18,471 [INFO] ThirdParty:1030 - CMSIS Pack Vendor :STMicroelectronics USB_HOST 2.0.0
2023-12-14 21:11:18,471 [INFO] ThirdParty:1030 - CMSIS Pack Vendor :STMicroelectronics X-CUBE-AZRTOS-F4 1.1.0
2023-12-14 21:11:18,471 [INFO] ThirdParty:1030 - CMSIS Pack Vendor :STMicroelectronics LIBJPEG 8.0.0
2023-12-14 21:11:18,472 [INFO] ThirdParty:1030 - CMSIS Pack Vendor :wolfSSL I-CUBE-wolfSSL 5.6.3
2023-12-14 21:11:18,472 [INFO] ThirdParty:1030 - CMSIS Pack Vendor :STMicroelectronics X-CUBE-SMBUS 2.1.0
2023-12-14 21:11:18,472 [INFO] ThirdParty:1030 - CMSIS Pack Vendor :STMicroelectronics USB_DEVICE 3.0.0
2023-12-14 21:11:18,472 [INFO] ThirdParty:1030 - CMSIS Pack Vendor :STMicroelectronics X-CUBE-AZRTOS-WB 2.0.0
2023-12-14 21:11:18,472 [INFO] ThirdParty:1030 - CMSIS Pack Vendor :STMicroelectronics X-CUBE-AZRTOS-F7 1.1.0
2023-12-14 21:11:18,472 [INFO] ThirdParty:1030 - CMSIS Pack Vendor :STMicroelectronics X-CUBE-AZRTOS-L5 2.0.0
2023-12-14 21:11:18,472 [INFO] ThirdParty:1030 - CMSIS Pack Vendor :STMicroelectronics USB_DEVICE 2.0.0
2023-12-14 21:11:18,472 [INFO] ThirdParty:1030 - CMSIS Pack Vendor :STMicroelectronics X-CUBE-MEMS1 9.6.0
2023-12-14 21:11:18,472 [INFO] ThirdParty:1030 - CMSIS Pack Vendor :STMicroelectronics X-CUBE-EEPRMA1 4.2.0
2023-12-14 21:11:18,472 [INFO] ThirdParty:1030 - CMSIS Pack Vendor :ITTIA_DB I-CUBE-ITTIADB 8.8.0
2023-12-14 21:11:18,472 [INFO] ThirdParty:1030 - CMSIS Pack Vendor :STMicroelectronics FP-SNS-MOTENV1 4.3.2
2023-12-14 21:11:18,472 [INFO] ThirdParty:1030 - CMSIS Pack Vendor :STMicroelectronics X-CUBE-ALGOBUILD 1.3.0
2023-12-14 21:11:18,472 [INFO] ThirdParty:1030 - CMSIS Pack Vendor :STMicroelectronics FreeRTOS 0.0.1
2023-12-14 21:11:18,472 [INFO] ThirdParty:1030 - CMSIS Pack Vendor :STMicroelectronics X-CUBE-AZRTOS-G0 1.1.0
2023-12-14 21:11:18,472 [INFO] ThirdParty:1030 - CMSIS Pack Vendor :STMicroelectronics X-CUBE-BLEMGR 2.0.0
2023-12-14 21:11:18,472 [INFO] ThirdParty:1030 - CMSIS Pack Vendor :STMicroelectronics X-CUBE-NFC4 3.0.0
2023-12-14 21:11:18,472 [INFO] ThirdParty:1030 - CMSIS Pack Vendor :STMicroelectronics X-CUBE-SUBG2 5.0.0
2023-12-14 21:11:18,472 [INFO] ThirdParty:1030 - CMSIS Pack Vendor :STMicroelectronics STM32_WPAN 1.0.0
2023-12-14 21:11:18,472 [INFO] ThirdParty:1030 - CMSIS Pack Vendor :STMicroelectronics lwIP 2.0.3
2023-12-14 21:11:18,472 [INFO] ThirdParty:1030 - CMSIS Pack Vendor :STMicroelectronics FP-SNS-FLIGHT1 5.0.2
2023-12-14 21:11:18,472 [INFO] ThirdParty:1030 - CMSIS Pack Vendor :STMicroelectronics USB_HOST 1.0.0
2023-12-14 21:11:18,472 [INFO] ThirdParty:1030 - CMSIS Pack Vendor :STMicroelectronics X-CUBE-TOF1 3.3.1
2023-12-14 21:11:18,472 [INFO] ThirdParty:1030 - CMSIS Pack Vendor :STMicroelectronics X-CUBE-AZRTOS-G4 2.0.0
2023-12-14 21:11:18,472 [INFO] ThirdParty:1030 - CMSIS Pack Vendor :STMicroelectronics PDM2PCM 3.1.0
2023-12-14 21:11:18,472 [INFO] ThirdParty:1030 - CMSIS Pack Vendor :STMicroelectronics X-CUBE-AZRTOS-H7 3.1.0
2023-12-14 21:11:18,472 [INFO] ThirdParty:1030 - CMSIS Pack Vendor :Infineon AIROC-Wi-Fi-Bluetooth-STM32 1.5.1
2023-12-14 21:11:18,472 [INFO] ThirdParty:1030 - CMSIS Pack Vendor :STMicroelectronics X-CUBE-BLEMGR 3.0.0
2023-12-14 21:11:18,472 [INFO] ThirdParty:1030 - CMSIS Pack Vendor :STMicroelectronics PDM2PCM 3.3.0
2023-12-14 21:11:18,472 [INFO] ThirdParty:1030 - CMSIS Pack Vendor :STMicroelectronics X-CUBE-DISPLAY 3.0.0
2023-12-14 21:11:18,472 [INFO] ThirdParty:1030 - CMSIS Pack Vendor :STMicroelectronics FP-SNS-MOTENVWB1 1.3.0
2023-12-14 21:11:18,472 [INFO] ThirdParty:1030 - CMSIS Pack Vendor :STMicroelectronics FP-SNS-MOTENVWB1 1.3.1
2023-12-14 21:11:18,472 [INFO] ThirdParty:1030 - CMSIS Pack Vendor :STMicroelectronics X-CUBE-BLE1 7.0.0
2023-12-14 21:11:18,472 [INFO] ThirdParty:1030 - CMSIS Pack Vendor :STMicroelectronics FP-ATR-SIGFOX1 3.2.0
2023-12-14 21:11:18,472 [INFO] ThirdParty:1030 - CMSIS Pack Vendor :STMicroelectronics X-CUBE-ISPU 2.0.0
2023-12-14 21:11:18,472 [INFO] ThirdParty:1030 - CMSIS Pack Vendor :STMicroelectronics HAL Drivers 0.0.0
2023-12-14 21:11:18,472 [INFO] ThirdParty:1030 - CMSIS Pack Vendor :STMicroelectronics MBEDTLS 2.16.2
2023-12-14 21:11:18,472 [INFO] ThirdParty:1030 - CMSIS Pack Vendor :emotas I-CUBE-CANOPEN 1.3.0
2023-12-14 21:11:18,472 [INFO] ThirdParty:1030 - CMSIS Pack Vendor :STMicroelectronics X-CUBE-MEMS1 10.0.0
2023-12-14 21:11:18,472 [INFO] ThirdParty:1030 - CMSIS Pack Vendor :STMicroelectronics X-CUBE-FREERTOS 1.1.0
2023-12-14 21:11:18,473 [INFO] ThirdParty:1030 - CMSIS Pack Vendor :STMicroelectronics X-CUBE-NFC7 1.0.1
2023-12-14 21:11:18,473 [INFO] ThirdParty:1030 - CMSIS Pack Vendor :STMicroelectronics MBEDTLS 2.14.1
2023-12-14 21:11:18,473 [INFO] ThirdParty:1030 - CMSIS Pack Vendor :STMicroelectronics X-CUBE-TOUCHGFX 4.22.1
2023-12-14 21:11:18,473 [INFO] ThirdParty:1030 - CMSIS Pack Vendor :STMicroelectronics X-CUBE-NFC6 3.0.0
2023-12-14 21:11:18,473 [INFO] ThirdParty:1030 - CMSIS Pack Vendor :STMicroelectronics X-CUBE-EEPRMA1 4.1.0
2023-12-14 21:11:18,473 [INFO] ThirdParty:1030 - CMSIS Pack Vendor :portGmbH I-Cube-SoM-uGOAL 1.1.0
2023-12-14 21:11:18,473 [INFO] ThirdParty:1030 - CMSIS Pack Vendor :STMicroelectronics X-CUBE-ALS 1.0.1
2023-12-14 21:11:18,473 [INFO] ThirdParty:1030 - CMSIS Pack Vendor :STMicroelectronics ThreadX 1.0.0
2023-12-14 21:11:18,473 [INFO] ThirdParty:1030 - CMSIS Pack Vendor :STMicroelectronics FP-SNS-SMARTAG2 1.2.0
2023-12-14 21:11:18,473 [INFO] ThirdParty:1030 - CMSIS Pack Vendor :STMicroelectronics X-CUBE-AZRTOS-WL 2.0.0
2023-12-14 21:11:18,473 [INFO] ThirdParty:1030 - CMSIS Pack Vendor :SEGGER I-CUBE-embOS 1.3.1
2023-12-14 21:11:18,473 [INFO] ThirdParty:1030 - CMSIS Pack Vendor :STMicroelectronics USB_DEVICE 1.0.0
2023-12-14 21:11:18,473 [INFO] ThirdParty:1030 - CMSIS Pack Vendor :STMicroelectronics X-CUBE-AI 8.1.0
2023-12-14 21:11:18,473 [INFO] ThirdParty:1030 - CMSIS Pack Vendor :STMicroelectronics X-CUBE-AZRTOS-L4 2.0.0
2023-12-14 21:11:18,473 [INFO] ThirdParty:1030 - CMSIS Pack Vendor :STMicroelectronics ThreadX 0.0.2
2023-12-14 21:11:18,473 [INFO] ThirdParty:1030 - CMSIS Pack Vendor :WES I-CUBE-Cesium 1.3.0
2023-12-14 21:11:18,473 [INFO] ThirdParty:1030 - CMSIS Pack Vendor :STMicroelectronics FP-ATR-ASTRA1 2.0.0
2023-12-14 21:11:18,473 [INFO] ThirdParty:1030 - CMSIS Pack Vendor :STMicroelectronics lwIP 2.1.2
2023-12-14 21:11:18,473 [INFO] ThirdParty:1030 - CMSIS Pack Vendor :STMicroelectronics X-CUBE-SFXS2LP1 4.0.0
2023-12-14 21:11:18,473 [INFO] ThirdParty:1030 - CMSIS Pack Vendor :STMicroelectronics X-CUBE-BLE2 3.3.0
2023-12-14 21:11:18,473 [INFO] ThirdParty:1030 - CMSIS Pack Vendor :STMicroelectronics X-CUBE-TOF1 3.4.0
2023-12-14 21:11:18,473 [INFO] ThirdParty:1030 - CMSIS Pack Vendor :STMicroelectronics X-CUBE-AZRTOS-H7 3.2.0
2023-12-14 21:11:18,473 [INFO] ThirdParty:1030 - CMSIS Pack Vendor :STMicroelectronics PDM2PCM 3.2.0
2023-12-14 21:11:18,473 [INFO] ThirdParty:841 - exiting critical section [change project]
2023-12-14 21:11:18,729 [INFO] PinOutPanel:1499 - setPackage(No Configuration,No Configuration)
2023-12-14 21:11:18,730 [INFO] PinOutPanel:1499 - setPackage(STM32F411VETx,LQFP100)
2023-12-14 21:11:19,090 [INFO] UtilMem:75 - Before build in PCC Used Memory: 195852800 Bytes (429916160)
2023-12-14 21:11:19,786 [INFO] UtilMem:75 - After build in PCC Used Memory: 265071848 Bytes (429916160)
2023-12-14 21:11:19,899 [INFO] ApiDbMcu:507 - Load IP Config File for USB_DEVICE
2023-12-14 21:11:19,914 [INFO] IPUIPlugin:80 - create IPUIPlugin
2023-12-14 21:11:19,914 [INFO] IPUIPlugin:80 - create IPUIPlugin
2023-12-14 21:11:19,914 [INFO] IPUIPlugin:80 - create IPUIPlugin
2023-12-14 21:11:19,914 [INFO] IPUIPlugin:80 - create IPUIPlugin
2023-12-14 21:11:19,914 [INFO] IPUIPlugin:80 - create IPUIPlugin
2023-12-14 21:11:19,914 [INFO] IPUIPlugin:80 - create IPUIPlugin
2023-12-14 21:11:19,914 [INFO] IPUIPlugin:80 - create IPUIPlugin
2023-12-14 21:11:19,914 [INFO] IPUIPlugin:80 - create IPUIPlugin
2023-12-14 21:11:19,914 [INFO] IPUIPlugin:80 - create IPUIPlugin
2023-12-14 21:11:19,914 [INFO] IPUIPlugin:80 - create IPUIPlugin
2023-12-14 21:11:19,914 [INFO] IPUIPlugin:80 - create IPUIPlugin
2023-12-14 21:11:19,914 [INFO] IPUIPlugin:80 - create IPUIPlugin
2023-12-14 21:11:19,915 [INFO] IPUIPlugin:80 - create IPUIPlugin
2023-12-14 21:11:19,915 [INFO] IPUIPlugin:80 - create IPUIPlugin
2023-12-14 21:11:19,915 [INFO] IPUIPlugin:80 - create IPUIPlugin
2023-12-14 21:11:19,915 [INFO] IPUIPlugin:80 - create IPUIPlugin
2023-12-14 21:11:19,915 [INFO] IPUIPlugin:80 - create IPUIPlugin
2023-12-14 21:11:19,915 [INFO] IPUIPlugin:80 - create IPUIPlugin
2023-12-14 21:11:19,915 [INFO] IPUIPlugin:80 - create IPUIPlugin
2023-12-14 21:11:19,915 [INFO] IPUIPlugin:80 - create IPUIPlugin
2023-12-14 21:11:19,915 [INFO] IPUIPlugin:80 - create IPUIPlugin
2023-12-14 21:11:19,915 [INFO] IPUIPlugin:80 - create IPUIPlugin
2023-12-14 21:11:19,915 [INFO] IPUIPlugin:80 - create IPUIPlugin
2023-12-14 21:11:19,915 [INFO] IPUIPlugin:80 - create IPUIPlugin
2023-12-14 21:11:19,915 [INFO] IPUIPlugin:80 - create IPUIPlugin
2023-12-14 21:11:19,916 [INFO] IPUIPlugin:80 - create IPUIPlugin
2023-12-14 21:11:19,916 [INFO] IPUIPlugin:80 - create IPUIPlugin
2023-12-14 21:11:19,916 [INFO] IPUIPlugin:80 - create IPUIPlugin
2023-12-14 21:11:19,916 [INFO] IPUIPlugin:80 - create IPUIPlugin
2023-12-14 21:11:19,916 [INFO] IPUIPlugin:80 - create IPUIPlugin
2023-12-14 21:11:19,916 [INFO] IPUIPlugin:80 - create IPUIPlugin
2023-12-14 21:11:19,916 [INFO] IPUIPlugin:80 - create IPUIPlugin
2023-12-14 21:11:19,916 [INFO] IPUIPlugin:80 - create IPUIPlugin
2023-12-14 21:11:19,916 [INFO] IPUIPlugin:80 - create IPUIPlugin
2023-12-14 21:11:19,916 [INFO] IPUIPlugin:80 - create IPUIPlugin
2023-12-14 21:11:19,916 [INFO] IPUIPlugin:80 - create IPUIPlugin
2023-12-14 21:11:19,917 [INFO] IPUIPlugin:80 - create IPUIPlugin
2023-12-14 21:11:19,917 [INFO] IPUIPlugin:80 - create IPUIPlugin
2023-12-14 21:11:19,917 [INFO] IPUIPlugin:80 - create IPUIPlugin
2023-12-14 21:11:19,917 [INFO] IPUIPlugin:80 - create IPUIPlugin
2023-12-14 21:11:19,918 [INFO] IPUIPlugin:80 - create IPUIPlugin
2023-12-14 21:11:19,918 [INFO] IPUIPlugin:80 - create IPUIPlugin
2023-12-14 21:11:19,918 [INFO] IPUIPlugin:80 - create IPUIPlugin
2023-12-14 21:11:19,936 [INFO] ApiDbMcu:507 - Load IP Config File for PDM2PCM
2023-12-14 21:11:19,950 [WARN] IP:2114 - I2C_Coeff_DF not found: check if there is a RefParameter without a condition.
2023-12-14 21:11:19,951 [WARN] IP:2114 - Analog_Filter not found: check if there is a RefParameter without a condition.
2023-12-14 21:11:20,102 [INFO] CADModel:165 - CPN selected for project levelSTM32F411VET6
2023-12-14 21:11:20,102 [INFO] CADModel:114 - Register for checkConnection events
2023-12-14 21:11:20,156 [INFO] OpenFileManager:328 - Restore cursor
2023-12-14 21:11:20,271 [WARN] IP:2114 - DEVICE_SERIAL0_CDC_FS not found: check if there is a RefParameter without a condition.
2023-12-14 21:11:20,271 [WARN] IP:2114 - DEVICE_SERIAL1_CDC_FS not found: check if there is a RefParameter without a condition.
2023-12-14 21:11:20,271 [WARN] IP:2114 - DEVICE_SERIAL2_CDC_FS not found: check if there is a RefParameter without a condition.
2023-12-14 21:11:20,272 [WARN] IP:2114 - DEVICE_SERIAL0_CDC_FS not found: check if there is a RefParameter without a condition.
2023-12-14 21:11:20,272 [WARN] IP:2114 - DEVICE_SERIAL1_CDC_FS not found: check if there is a RefParameter without a condition.
2023-12-14 21:11:20,272 [WARN] IP:2114 - DEVICE_SERIAL2_CDC_FS not found: check if there is a RefParameter without a condition.
2023-12-14 21:11:20,292 [WARN] IP:2114 - I2C_Coeff_DF not found: check if there is a RefParameter without a condition.
2023-12-14 21:11:20,292 [WARN] IP:2114 - Analog_Filter not found: check if there is a RefParameter without a condition.
2023-12-14 21:11:20,293 [WARN] IP:2114 - I2C_Coeff_DF not found: check if there is a RefParameter without a condition.
2023-12-14 21:11:20,293 [WARN] IP:2114 - Analog_Filter not found: check if there is a RefParameter without a condition.
