2023-12-13 22:05:24,873 [INFO] Activator:176 - 


2023-12-13 22:05:24,874 [INFO] Activator:177 - !SESSION log4j initialized
2023-12-13 22:05:27,228 [INFO] LogOutputStream:77 - [STDOUT_REDIRECT] 
2023-12-13 22:05:29,585 [INFO] ApplicationProperties:184 - Using Application install path: D:\STM32CubeIDE_1.13.2\STM32CubeIDE\plugins\com.st.stm32cube.common.mx_6.9.2.202309101412
2023-12-13 22:05:29,602 [INFO] DbMcusXml:78 - Set database path to: D:\STM32CubeIDE_1.13.2\STM32CubeIDE\plugins\com.st.stm32cube.common.mx_6.9.2.202309101412\\db\/mcu/
2023-12-13 22:05:29,602 [INFO] ApiDb:274 - Set plugin database path to: D:\STM32CubeIDE_1.13.2\STM32CubeIDE\plugins\com.st.stm32cube.common.mx_6.9.2.202309101412\\db\/plugins/boardmanager/
2023-12-13 22:05:29,607 [WARN] ApiDb:259 - Overriding images path with different value:  => D:\STM32CubeIDE_1.13.2\STM32CubeIDE\plugins\com.st.stm32cube.common.mx_6.9.2.202309101412\\db\/plugins/mcufinder/images/
2023-12-13 22:05:29,616 [INFO] ApiDb:250 - Set database path to: C:\Users\Toan\.stmcufinder\plugins\mcufinder//mcu/
2023-12-13 22:05:29,618 [INFO] DbMcusAds:125 - Set database path to: C:\Users\Toan\.stmcufinder\plugins\mcufinder//mcu/
2023-12-13 22:05:30,477 [INFO] CrossReferenceDbSqlite:203 - Set database path to: C:\Users\Toan\.stmcufinder\plugins\mcufinder//mcu/cs/
2023-12-13 22:05:30,587 [INFO] RulesReader:64 - Compatibility file has been processed (293 Rules)
2023-12-13 22:05:30,655 [INFO] DbMcusXml:78 - Set database path to: D:\STM32CubeIDE_1.13.2\STM32CubeIDE\plugins\com.st.stm32cube.common.mx_6.9.2.202309101412\\db\/mcu/
2023-12-13 22:05:30,655 [INFO] ApiDb:274 - Set plugin database path to: D:\STM32CubeIDE_1.13.2\STM32CubeIDE\plugins\com.st.stm32cube.common.mx_6.9.2.202309101412\\db\/plugins/boardmanager/
2023-12-13 22:05:30,655 [INFO] ApiDb:261 - Set plugin images path to: D:\STM32CubeIDE_1.13.2\STM32CubeIDE\plugins\com.st.stm32cube.common.mx_6.9.2.202309101412\\db\/plugins/mcufinder/images/
2023-12-13 22:05:30,656 [WARN] DbFile:41 - Overriding database path with different value: C:\Users\Toan\.stmcufinder\plugins\mcufinder/ => C:\Users\Toan\.stmcufinder\plugins\mcufinder
2023-12-13 22:05:30,656 [INFO] ApiDb:250 - Set database path to: C:\Users\Toan\.stmcufinder\plugins\mcufinder//mcu/
2023-12-13 22:05:30,656 [WARN] DbFile:41 - Overriding database path with different value: C:\Users\Toan\.stmcufinder\plugins\mcufinder/ => C:\Users\Toan\.stmcufinder\plugins\mcufinder
2023-12-13 22:05:30,656 [INFO] DbMcusAds:125 - Set database path to: C:\Users\Toan\.stmcufinder\plugins\mcufinder//mcu/
2023-12-13 22:05:30,656 [WARN] DbFile:41 - Overriding database path with different value: C:\Users\Toan\.stmcufinder\plugins\mcufinder/ => C:\Users\Toan\.stmcufinder\plugins\mcufinder
2023-12-13 22:05:30,656 [WARN] DbFile:41 - Overriding database path with different value: C:\Users\Toan\.stmcufinder\plugins\mcufinder/ => C:\Users\Toan\.stmcufinder\plugins\mcufinder
2023-12-13 22:05:31,479 [INFO] CrossReferenceDbSqlite:203 - Set database path to: C:\Users\Toan\.stmcufinder\plugins\mcufinder//mcu/cs/
2023-12-13 22:05:31,549 [INFO] MainPanel:262 - HeapMemory: 268435456
2023-12-13 22:05:31,574 [INFO] McuFinderGlobals:63 - Set McuFinder mode to 2 (CubeIDE integrated)
2023-12-13 22:05:31,617 [INFO] DbMcusXml:78 - Set database path to: D:\STM32CubeIDE_1.13.2\STM32CubeIDE\plugins\com.st.stm32cube.common.mx_6.9.2.202309101412\\db\/mcu/
2023-12-13 22:05:31,617 [INFO] ApiDb:274 - Set plugin database path to: D:\STM32CubeIDE_1.13.2\STM32CubeIDE\plugins\com.st.stm32cube.common.mx_6.9.2.202309101412\\db\/plugins/boardmanager/
2023-12-13 22:05:31,617 [INFO] ApiDb:261 - Set plugin images path to: D:\STM32CubeIDE_1.13.2\STM32CubeIDE\plugins\com.st.stm32cube.common.mx_6.9.2.202309101412\\db\/plugins/mcufinder/images/
2023-12-13 22:05:31,617 [WARN] DbFile:41 - Overriding database path with different value: C:\Users\Toan\.stmcufinder\plugins\mcufinder/ => C:\Users\Toan\.stmcufinder\plugins\mcufinder
2023-12-13 22:05:31,617 [INFO] ApiDb:250 - Set database path to: C:\Users\Toan\.stmcufinder\plugins\mcufinder//mcu/
2023-12-13 22:05:31,618 [WARN] DbFile:41 - Overriding database path with different value: C:\Users\Toan\.stmcufinder\plugins\mcufinder/ => C:\Users\Toan\.stmcufinder\plugins\mcufinder
2023-12-13 22:05:31,618 [INFO] DbMcusAds:125 - Set database path to: C:\Users\Toan\.stmcufinder\plugins\mcufinder//mcu/
2023-12-13 22:05:31,618 [WARN] DbFile:41 - Overriding database path with different value: C:\Users\Toan\.stmcufinder\plugins\mcufinder/ => C:\Users\Toan\.stmcufinder\plugins\mcufinder
2023-12-13 22:05:31,618 [WARN] DbFile:41 - Overriding database path with different value: C:\Users\Toan\.stmcufinder\plugins\mcufinder/ => C:\Users\Toan\.stmcufinder\plugins\mcufinder
2023-12-13 22:05:32,478 [INFO] CrossReferenceDbSqlite:203 - Set database path to: C:\Users\Toan\.stmcufinder\plugins\mcufinder//mcu/cs/
2023-12-13 22:05:32,514 [INFO] ApplicationProperties:184 - Using Application install path: D:\STM32CubeIDE_1.13.2\STM32CubeIDE\plugins\com.st.stm32cube.common.mx_6.9.2.202309101412
2023-12-13 22:05:32,515 [INFO] PluginManage:196 - Search for loadable plugins [exclusion list=, ]
2023-12-13 22:05:32,517 [INFO] PluginManage:310 - Check plugin analytics
2023-12-13 22:05:33,567 [INFO] AnalyticsPlugin:253 - Accepted Software Licenses: 
2023-12-13 22:05:33,567 [INFO] AnalyticsPlugin:255 - Accepted CMSIS Pack Licenses: 
2023-12-13 22:05:33,567 [INFO] AnalyticsPlugin:257 - Accepted Firmware Licenses: FW.F4.1.27.0
2023-12-13 22:05:33,571 [INFO] PluginManage:359 - Loaded plugin analytics (category:tool,tabindex:-1)
2023-12-13 22:05:33,572 [INFO] PluginManage:310 - Check plugin cadmodel
2023-12-13 22:05:33,575 [INFO] CADModel:105 - Init CAD model plugin
2023-12-13 22:05:33,576 [INFO] PluginManage:359 - Loaded plugin cadmodel (category:power,tabindex:5)
2023-12-13 22:05:33,576 [INFO] PluginManage:310 - Check plugin clock
2023-12-13 22:05:33,582 [INFO] PluginManage:359 - Loaded plugin clock (category:base,tabindex:2)
2023-12-13 22:05:33,582 [INFO] PluginManage:310 - Check plugin ddr
2023-12-13 22:05:33,583 [INFO] PluginManage:359 - Loaded plugin ddr (category:tool,tabindex:6)
2023-12-13 22:05:33,583 [INFO] PluginManage:310 - Check plugin filemanager
2023-12-13 22:05:33,681 [INFO] PluginManage:359 - Loaded plugin filemanager (category:base,tabindex:10)
2023-12-13 22:05:33,681 [INFO] PluginManage:310 - Check plugin ipmanager
2023-12-13 22:05:33,686 [INFO] PluginManage:359 - Loaded plugin ipmanager (category:base,tabindex:5)
2023-12-13 22:05:33,686 [INFO] PluginManage:310 - Check plugin lpbam
2023-12-13 22:05:33,692 [INFO] PluginManage:359 - Loaded plugin lpbam (category:base,tabindex:0)
2023-12-13 22:05:33,692 [INFO] PluginManage:310 - Check plugin memorymap
2023-12-13 22:05:33,699 [INFO] PluginManage:359 - Loaded plugin memorymap (category:base,tabindex:4)
2023-12-13 22:05:33,699 [INFO] PluginManage:310 - Check plugin pinoutandconfiguration
2023-12-13 22:05:33,705 [INFO] PluginManage:359 - Loaded plugin pinoutandconfiguration (category:base,tabindex:1)
2023-12-13 22:05:33,706 [INFO] PluginManage:310 - Check plugin pinoutconfig
2023-12-13 22:05:33,807 [WARN] SupportedApi:132 - Cannot load RTOS API schema: s4s-elt-must-match.1: The content of 'definitions' must match (annotation?, (simpleType | complexType)?, (unique | key | keyref)*)). A problem was found starting at: attribute.
2023-12-13 22:05:33,893 [INFO] PluginManage:359 - Loaded plugin pinoutconfig (category:base,tabindex:0)
2023-12-13 22:05:33,893 [INFO] PluginManage:310 - Check plugin power
2023-12-13 22:05:33,902 [INFO] PluginManage:359 - Loaded plugin power (category:power,tabindex:4)
2023-12-13 22:05:33,903 [INFO] PluginManage:310 - Check plugin projectmanager
2023-12-13 22:05:33,912 [INFO] PluginManage:359 - Loaded plugin projectmanager (category:projectmanager,tabindex:3)
2023-12-13 22:05:33,913 [INFO] PluginManage:310 - Check plugin thirdparty
2023-12-13 22:05:34,007 [INFO] PluginManage:359 - Loaded plugin thirdparty (category:base,tabindex:-1)
2023-12-13 22:05:34,007 [WARN] IntegrityCheckThread:84 - waiting for thirdparty lock release [integrity check]
2023-12-13 22:05:34,007 [INFO] PluginManage:310 - Check plugin tools
2023-12-13 22:05:34,007 [INFO] IntegrityCheckThread:86 - entering critical section [integrity check]
2023-12-13 22:05:34,008 [INFO] ThirdPartyUpdaterWithRetryManager:70 - Updater plugin not ready yet. [1/15]
2023-12-13 22:05:34,010 [INFO] PluginManage:359 - Loaded plugin tools (category:base,tabindex:7)
2023-12-13 22:05:34,011 [INFO] PluginManage:310 - Check plugin tutovideos
2023-12-13 22:05:34,117 [INFO] PluginManage:359 - Loaded plugin tutovideos (category:base,tabindex:-1)
2023-12-13 22:05:34,118 [INFO] PluginManage:310 - Check plugin updater
2023-12-13 22:05:34,127 [INFO] PluginManage:359 - Loaded plugin updater (category:base,tabindex:12)
2023-12-13 22:05:34,127 [INFO] PluginManage:310 - Check plugin userauth
2023-12-13 22:05:34,131 [INFO] UserAuth:113 - Init User Auth plugin
2023-12-13 22:05:34,131 [INFO] PluginManage:359 - Loaded plugin userauth (category:base,tabindex:14)
2023-12-13 22:05:34,131 [INFO] PluginManage:283 - PluginManage : Loaded plugins [17]
2023-12-13 22:05:34,279 [INFO] PinOutPanel:1499 - setPackage(No Configuration,No Configuration)
2023-12-13 22:05:34,353 [INFO] CADModel:165 - CPN selected for project level
2023-12-13 22:05:34,354 [INFO] CADModel:114 - Register for checkConnection events
2023-12-13 22:05:34,364 [INFO] IPUIPlugin:80 - create IPUIPlugin
2023-12-13 22:05:34,364 [INFO] PluginManager:220 - loadIPPluginJar : add adc
2023-12-13 22:05:34,366 [INFO] IPUIPlugin:80 - create IPUIPlugin
2023-12-13 22:05:34,366 [INFO] PluginManager:220 - loadIPPluginJar : add aes
2023-12-13 22:05:34,368 [INFO] IPUIPlugin:80 - create IPUIPlugin
2023-12-13 22:05:34,368 [INFO] PluginManager:220 - loadIPPluginJar : add can
2023-12-13 22:05:34,369 [INFO] IPUIPlugin:80 - create IPUIPlugin
2023-12-13 22:05:34,369 [INFO] PluginManager:220 - loadIPPluginJar : add comp
2023-12-13 22:05:34,370 [INFO] IPUIPlugin:80 - create IPUIPlugin
2023-12-13 22:05:34,370 [INFO] PluginManager:220 - loadIPPluginJar : add cryp
2023-12-13 22:05:34,371 [INFO] IPUIPlugin:80 - create IPUIPlugin
2023-12-13 22:05:34,371 [INFO] PluginManager:220 - loadIPPluginJar : add dfsdm
2023-12-13 22:05:34,375 [INFO] IPUIPlugin:80 - create IPUIPlugin
2023-12-13 22:05:34,375 [INFO] PluginManager:220 - loadIPPluginJar : add dma
2023-12-13 22:05:34,376 [INFO] IPUIPlugin:80 - create IPUIPlugin
2023-12-13 22:05:34,376 [INFO] PluginManager:220 - loadIPPluginJar : add dma3
2023-12-13 22:05:34,377 [INFO] IPUIPlugin:80 - create IPUIPlugin
2023-12-13 22:05:34,377 [INFO] PluginManager:220 - loadIPPluginJar : add fatfs
2023-12-13 22:05:34,380 [INFO] IPUIPlugin:80 - create IPUIPlugin
2023-12-13 22:05:34,380 [INFO] PluginManager:220 - loadIPPluginJar : add fmc
2023-12-13 22:05:34,383 [INFO] IPUIPlugin:80 - create IPUIPlugin
2023-12-13 22:05:34,383 [INFO] PluginManager:220 - loadIPPluginJar : add freertos
2023-12-13 22:05:34,384 [INFO] IPUIPlugin:80 - create IPUIPlugin
2023-12-13 22:05:34,384 [INFO] PluginManager:220 - loadIPPluginJar : add genericplugin
2023-12-13 22:05:34,385 [INFO] IPUIPlugin:80 - create IPUIPlugin
2023-12-13 22:05:34,385 [INFO] PluginManager:220 - loadIPPluginJar : add gfxmmu
2023-12-13 22:05:34,388 [INFO] IPUIPlugin:80 - create IPUIPlugin
2023-12-13 22:05:34,388 [INFO] PluginManager:220 - loadIPPluginJar : add gic
2023-12-13 22:05:34,389 [INFO] IPUIPlugin:80 - create IPUIPlugin
2023-12-13 22:05:34,390 [INFO] PluginManager:220 - loadIPPluginJar : add gpio
2023-12-13 22:05:34,391 [INFO] IPUIPlugin:80 - create IPUIPlugin
2023-12-13 22:05:34,391 [INFO] PluginManager:220 - loadIPPluginJar : add gtzc
2023-12-13 22:05:34,392 [INFO] IPUIPlugin:80 - create IPUIPlugin
2023-12-13 22:05:34,392 [INFO] PluginManager:220 - loadIPPluginJar : add hash
2023-12-13 22:05:34,394 [INFO] IPUIPlugin:80 - create IPUIPlugin
2023-12-13 22:05:34,394 [INFO] PluginManager:220 - loadIPPluginJar : add i2c
2023-12-13 22:05:34,395 [INFO] IPUIPlugin:80 - create IPUIPlugin
2023-12-13 22:05:34,395 [INFO] PluginManager:220 - loadIPPluginJar : add i2s
2023-12-13 22:05:34,397 [INFO] IPUIPlugin:80 - create IPUIPlugin
2023-12-13 22:05:34,397 [INFO] PluginManager:220 - loadIPPluginJar : add i3c
2023-12-13 22:05:34,398 [INFO] IPUIPlugin:80 - create IPUIPlugin
2023-12-13 22:05:34,398 [INFO] PluginManager:220 - loadIPPluginJar : add ipddr
2023-12-13 22:05:34,402 [INFO] IPUIPlugin:80 - create IPUIPlugin
2023-12-13 22:05:34,403 [INFO] PluginManager:220 - loadIPPluginJar : add linkedlist
2023-12-13 22:05:34,404 [INFO] IPUIPlugin:80 - create IPUIPlugin
2023-12-13 22:05:34,404 [INFO] PluginManager:220 - loadIPPluginJar : add lorawan
2023-12-13 22:05:34,405 [INFO] IPUIPlugin:80 - create IPUIPlugin
2023-12-13 22:05:34,405 [INFO] PluginManager:220 - loadIPPluginJar : add ltdc
2023-12-13 22:05:34,408 [INFO] IPUIPlugin:80 - create IPUIPlugin
2023-12-13 22:05:34,408 [INFO] PluginManager:220 - loadIPPluginJar : add mdma
2023-12-13 22:05:34,410 [INFO] IPUIPlugin:80 - create IPUIPlugin
2023-12-13 22:05:34,410 [INFO] PluginManager:220 - loadIPPluginJar : add nvic
2023-12-13 22:05:34,412 [INFO] IPUIPlugin:80 - create IPUIPlugin
2023-12-13 22:05:34,412 [INFO] PluginManager:220 - loadIPPluginJar : add opamp
2023-12-13 22:05:34,414 [INFO] IPUIPlugin:80 - create IPUIPlugin
2023-12-13 22:05:34,414 [INFO] PluginManager:220 - loadIPPluginJar : add openamp
2023-12-13 22:05:34,416 [INFO] IPUIPlugin:80 - create IPUIPlugin
2023-12-13 22:05:34,416 [INFO] PluginManager:220 - loadIPPluginJar : add pdm2pcm
2023-12-13 22:05:34,419 [INFO] IPUIPlugin:80 - create IPUIPlugin
2023-12-13 22:05:34,423 [INFO] PluginManager:220 - loadIPPluginJar : add plateformsettings
2023-12-13 22:05:34,424 [INFO] IPUIPlugin:80 - create IPUIPlugin
2023-12-13 22:05:34,424 [INFO] PluginManager:220 - loadIPPluginJar : add quadspi
2023-12-13 22:05:34,426 [INFO] IPUIPlugin:80 - create IPUIPlugin
2023-12-13 22:05:34,426 [INFO] PluginManager:220 - loadIPPluginJar : add resmgrutility
2023-12-13 22:05:34,428 [INFO] IPUIPlugin:80 - create IPUIPlugin
2023-12-13 22:05:34,428 [INFO] PluginManager:220 - loadIPPluginJar : add sai
2023-12-13 22:05:34,431 [INFO] IPUIPlugin:80 - create IPUIPlugin
2023-12-13 22:05:34,431 [INFO] PluginManager:220 - loadIPPluginJar : add spi
2023-12-13 22:05:34,436 [INFO] IPUIPlugin:80 - create IPUIPlugin
2023-12-13 22:05:34,436 [INFO] PluginManager:220 - loadIPPluginJar : add stm32_wpan
2023-12-13 22:05:34,438 [INFO] IPUIPlugin:80 - create IPUIPlugin
2023-12-13 22:05:34,438 [INFO] PluginManager:220 - loadIPPluginJar : add tim
2023-12-13 22:05:34,439 [INFO] IPUIPlugin:80 - create IPUIPlugin
2023-12-13 22:05:34,439 [INFO] PluginManager:220 - loadIPPluginJar : add touchsensing
2023-12-13 22:05:34,441 [INFO] IPUIPlugin:80 - create IPUIPlugin
2023-12-13 22:05:34,441 [INFO] PluginManager:220 - loadIPPluginJar : add tracer_emb
2023-12-13 22:05:34,442 [INFO] IPUIPlugin:80 - create IPUIPlugin
2023-12-13 22:05:34,442 [INFO] PluginManager:220 - loadIPPluginJar : add ts
2023-12-13 22:05:34,443 [INFO] IPUIPlugin:80 - create IPUIPlugin
2023-12-13 22:05:34,443 [INFO] PluginManager:220 - loadIPPluginJar : add tsc
2023-12-13 22:05:34,444 [INFO] IPUIPlugin:80 - create IPUIPlugin
2023-12-13 22:05:34,445 [INFO] PluginManager:220 - loadIPPluginJar : add ucpd
2023-12-13 22:05:34,446 [INFO] IPUIPlugin:80 - create IPUIPlugin
2023-12-13 22:05:34,446 [INFO] PluginManager:220 - loadIPPluginJar : add usart
2023-12-13 22:05:34,448 [INFO] IPUIPlugin:80 - create IPUIPlugin
2023-12-13 22:05:34,448 [INFO] PluginManager:220 - loadIPPluginJar : add usbx
2023-12-13 22:05:34,557 [INFO] CADModel:165 - CPN selected for project level
2023-12-13 22:05:34,557 [INFO] CADModel:114 - Register for checkConnection events
2023-12-13 22:05:34,557 [FATAL] Updater:308 - Updater called before beeing initialized
2023-12-13 22:05:34,558 [ERROR] CADModel:125 - Updater not yet initialized, retry later 
2023-12-13 22:05:34,693 [INFO] CADModel:165 - CPN selected for project level
2023-12-13 22:05:34,693 [INFO] CADModel:114 - Register for checkConnection events
2023-12-13 22:05:34,693 [FATAL] Updater:308 - Updater called before beeing initialized
2023-12-13 22:05:34,693 [ERROR] CADModel:125 - Updater not yet initialized, retry later 
2023-12-13 22:05:34,695 [FATAL] Updater:308 - Updater called before beeing initialized
2023-12-13 22:05:34,771 [FATAL] Updater:308 - Updater called before beeing initialized
2023-12-13 22:05:34,776 [INFO] DbMcusAds:53 - JSON generation date=Wed Nov 29 17:52:27 ICT 2023 (1701255147349)
2023-12-13 22:05:34,776 [FATAL] Updater:308 - Updater called before beeing initialized
2023-12-13 22:05:34,799 [WARN] DetailPanel:346 - Failed to get advertising image, set to default
2023-12-13 22:05:34,865 [FATAL] Updater:308 - Updater called before beeing initialized
2023-12-13 22:05:34,867 [FATAL] Updater:308 - Updater called before beeing initialized
2023-12-13 22:05:34,867 [FATAL] Updater:308 - Updater called before beeing initialized
2023-12-13 22:05:34,867 [WARN] DetailPanel:346 - Failed to get advertising image, set to default
2023-12-13 22:05:34,868 [FATAL] Updater:308 - Updater called before beeing initialized
2023-12-13 22:05:34,905 [ERROR] Updater:1120 - MainUpdater not yet initialized. External WinMGr cannot be set.
2023-12-13 22:05:34,909 [INFO] Updater:1056 - Updater Version found : 6.9.2
2023-12-13 22:05:34,922 [INFO] ApplicationProperties:184 - Using Application install path: D:\STM32CubeIDE_1.13.2\STM32CubeIDE\plugins\com.st.stm32cube.common.mx_6.9.2.202309101412
2023-12-13 22:05:35,111 [INFO] MainUpdater:2868 - connection check result : 10
2023-12-13 22:05:35,113 [INFO] MainUpdater:285 - Updater Check For Update Now.
2023-12-13 22:05:35,113 [INFO] MicroXplorer:498 - Change Database Version : DB.6.0.92
2023-12-13 22:05:35,122 [INFO] McuFinderGlobals:63 - Set McuFinder mode to 2 (CubeIDE integrated)
2023-12-13 22:05:35,297 [INFO] CheckServerUpdateThread:120 - End of CheckServer Thread
2023-12-13 22:05:35,326 [INFO] MainUpdater:2868 - connection check result : 10
2023-12-13 22:05:35,753 [INFO] ApiDb:581 - Connected to CubeFinder SQLite database (C:\Users\Toan\.stmcufinder\plugins\mcufinder\mcu\cube-finder-db.db)
2023-12-13 22:05:35,806 [INFO] ApiDb:668 - CubeFinder database Data Model version=2.1
2023-12-13 22:05:35,806 [INFO] ApiDb:669 - CubeFinder database Configuration version=3.0.39
2023-12-13 22:05:35,806 [INFO] ApiDb:670 - CubeFinder database generation date=2023-11-06 (1699269565)
2023-12-13 22:05:35,806 [INFO] ApiDb:671 - CubeFinder database FW Pack versions=[FP-ATR-ASTRA1_V2.0.0, FP-SNS-FLIGHT1_V5.0.1, FP-SNS-FLIGHT1_V5.0.2, FP-SNS-MOTENV1_V4.3.1, FP-SNS-MOTENV1_V4.3.2, FP-SNS-MOTENVWB1_V1.3.0, FP-SNS-SMARTAG2_V1.2.0, STM32Cube_FW_C0_V1.1.0, STM32Cube_FW_F4_V1.28.0, STM32Cube_FW_F7_V1.17.0, STM32Cube_FW_G0_V1.6.1, STM32Cube_FW_G4_V1.5.1, STM32Cube_FW_H5_V0.5.1, STM32Cube_FW_H5_V1.1.1, STM32Cube_FW_H5_V1.2.0RC2, STM32Cube_FW_H7_V1.11.0, STM32Cube_FW_L0_V1.12.2, STM32Cube_FW_L5_V1.5.0, STM32Cube_FW_U5_V1.3.0RC4, STM32Cube_FW_U5_V1.4.0, STM32Cube_FW_WBA_V1.0.0RC1, STM32Cube_FW_WBA_V1.1.0RC1, STM32Cube_FW_WBA_V1.2.0, STM32Cube_FW_WBA_V1.2.0RC2, STM32Cube_FW_WB_V1.15.0RC1, STM32Cube_FW_WB_V1.16.0, STM32Cube_FW_WB_V1.16.0RC2, STM32Cube_FW_WB_V1.18.0, STM32Cube_FW_WL_V1.3.0, X-CUBE-ALGOBUILD_V1.3.0, X-CUBE-ALS_V1.0.1, X-CUBE-AZRTOS-F4_V1.1.0, X-CUBE-AZRTOS-F7_V1.1.0, X-CUBE-AZRTOS-G0_V1.1.0, X-CUBE-AZRTOS-G4_V2.0.0, X-CUBE-AZRTOS-H7_V3.1.0, X-CUBE-AZRTOS-L4_V1.0.0, X-CUBE-AZRTOS-L4_V2.0.0, X-CUBE-AZRTOS-L5_V1.1.0, X-CUBE-AZRTOS-WB_V2.0.0, X-CUBE-AZRTOS-WL_V2.0.0, X-CUBE-BLE1_V7.0.0, X-CUBE-BLE2_V3.3.0, X-CUBE-BLEMGR_V2.0.0, X-CUBE-EEPRMA1_V4.1.0, X-CUBE-EEPRMA1_V4.2.0, X-CUBE-FREERTOS_V1.1.0, X-CUBE-GNSS1_V6.0.0, X-CUBE-MEMS1_V10.0.0, X-CUBE-MEMS1_V9.1.0, X-CUBE-MEMS1_V9.4.0, X-CUBE-MEMS1_V9.6.0, X-CUBE-NFC4_V3.0.0, X-CUBE-NFC7_V1.0.1, X-CUBE-SFXS2LP1_V4.0.0, X-CUBE-SUBG2_V5.0.0, X-CUBE-TOF1_V3.3.1]
2023-12-13 22:05:35,866 [INFO] DbBoardsSqlite:226 - include board P-NUCLEO-WB55-NUCLEO as a kit item of type 'Nucleo-64'
2023-12-13 22:05:35,867 [INFO] DbBoardsSqlite:226 - include board P-NUCLEO-WB55-USBDONGLE as a kit item of type 'Nucleo USB Dongle'
2023-12-13 22:05:35,867 [INFO] DbBoardsSqlite:226 - include board STEVAL-IDP005V1 as a kit item of type 'Evaluation Board'
2023-12-13 22:05:35,867 [INFO] DbBoardsSqlite:226 - include board STEVAL-IDP005V2 as a kit item of type 'Evaluation Board'
2023-12-13 22:05:35,904 [INFO] ApiDb:240 - Found 323 in-development CPN: [B-G473E-ZEST1S, B-WB1M-WPAN1, B-WL5M-SUBG1, NUCLEO-C031C6, NUCLEO-H503RB, NUCLEO-H563ZI, NUCLEO-U545RE-Q, NUCLEO-U5A5ZJ-Q, NUCLEO-WBA52CG, STEVAL-PROTEUS1, STEVAL-SMARTAG2, STEVAL-STWINBX1, STM320518-EVAL, STM32C0116-DK, STM32C011D6Y3TR, STM32C011D6Y6TR, STM32C011F4P3, STM32C011F4P6, STM32C011F4U3, STM32C011F4U6TR, STM32C011F6P3, STM32C011F6P6, STM32C011F6U3, STM32C011F6U6TR, STM32C011J4M3, STM32C011J4M6, STM32C011J6M3, STM32C011J6M6, STM32C0316-DK, STM32C031C4T3, STM32C031C4T6, STM32C031C4U3, STM32C031C4U6, STM32C031C6T3, STM32C031C6T6, STM32C031C6U3, STM32C031C6U6, STM32C031F4P3, STM32C031F4P6, STM32C031F6P3, STM32C031F6P6, STM32C031G4U3, STM32C031G4U6, STM32C031G6U3, STM32C031G6U6, STM32C031K4T3, STM32C031K4T6, STM32C031K4U3, STM32C031K4U6, STM32C031K6T3, STM32C031K6T6, STM32C031K6U3, STM32C031K6U6, STM32G071K8TXN, STM32G071K8UXN, STM32G081GBU6N, STM32G081KBT6N, STM32G081KBUXN, STM32G0B1CCT6N, STM32G0B1KCT6, STM32G0B1NEY6TR, STM32G0B1RCT6N, STM32G0C1CCT6, STM32G0C1CCT6N, STM32G0C1CCU6N, STM32G0C1CET6N, STM32G0C1CEU6N, STM32G0C1KCT6, STM32G0C1NEY6TR, STM32G0C1RCI6N, STM32G0C1RCT6N, STM32G0C1REI6N, STM32G0C1RET6N, STM32G0C1VCI6, STM32G0C1VEI6, STM32G471CCT6, STM32G471CCU6, STM32G471CET3, STM32G471CET6, STM32G471CEU3, STM32G471CEU6, STM32G471MCT6, STM32G471MET3, STM32G471MET6, STM32G471MEY6TR, STM32G471QCT6, STM32G471QET3, STM32G471RCT6, STM32G471RET3, STM32G471RET6, STM32G471VCH6, STM32G471VCI6, STM32G471VCT6, STM32G471VEH3, STM32G471VEH6, STM32G471VEI3, STM32G471VEI6, STM32G471VET3, STM32G471VET6, STM32G474CCT6, STM32H503CBT6, STM32H503CBU6, STM32H503EBY6TR, STM32H503KBU6, STM32H503RBT6, STM32H562AGI6, STM32H562AII6, STM32H562IGK6, STM32H562IGT6, STM32H562IIK6, STM32H562IIT6, STM32H562RGT6, STM32H562RGV6, STM32H562RIT6, STM32H562RIV6, STM32H562VGT6, STM32H562VIT6, STM32H562ZGT6, STM32H562ZIT6, STM32H563AGI6, STM32H563AII3Q, STM32H563AII6, STM32H563IGK6, STM32H563IGT6, STM32H563IIK3Q, STM32H563IIK6, STM32H563IIT3Q, STM32H563IIT6, STM32H563MIY3QTR, STM32H563RGT6, STM32H563RGV6, STM32H563RIT6, STM32H563RIV6, STM32H563VGT6, STM32H563VIT3Q, STM32H563VIT6, STM32H563ZGT6, STM32H563ZIT3Q, STM32H563ZIT6, STM32H573AII3Q, STM32H573AII6, STM32H573I-DK, STM32H573IIK3Q, STM32H573IIK6, STM32H573IIT3Q, STM32H573IIT6, STM32H573MIY3QTR, STM32H573RIT6, STM32H573RIV6, STM32H573VIT3Q, STM32H573VIT6, STM32H573ZIT3Q, STM32H573ZIT6, STM32L4R5QGI6STR, STM32MP131AAE3, STM32MP131AAF3, STM32MP131AAG3, STM32MP131CAE3, STM32MP131CAF3, STM32MP131CAG3, STM32MP131DAE7, STM32MP131DAF7, STM32MP131DAG7, STM32MP131FAE7, STM32MP131FAF7, STM32MP131FAG7, STM32MP133AAE3, STM32MP133AAF3, STM32MP133AAG3, STM32MP133CAE3, STM32MP133CAF3, STM32MP133CAG3, STM32MP133DAE7, STM32MP133DAF7, STM32MP133DAG7, STM32MP133FAE7, STM32MP133FAF7, STM32MP133FAG7, STM32MP135AAE3, STM32MP135AAF3, STM32MP135AAG3, STM32MP135CAE3, STM32MP135CAF3, STM32MP135CAG3, STM32MP135DAE7, STM32MP135DAF7, STM32MP135DAG7, STM32MP135F-DK, STM32MP135FAE7, STM32MP135FAF7, STM32MP135FAF7T, STM32MP135FAF7U, STM32MP135FAG7, STM32U535CBT6, STM32U535CBT6Q, STM32U535CBU6, STM32U535CBU6Q, STM32U535CCT6, STM32U535CCT6Q, STM32U535CCU6, STM32U535CCU6Q, STM32U535CET6, STM32U535CET6Q, STM32U535CEU6, STM32U535CEU6Q, STM32U535JEY6QTR, STM32U535NCY6QTR, STM32U535NEY6QTR, STM32U535RBI6, STM32U535RBI6Q, STM32U535RBT6, STM32U535RBT6Q, STM32U535RCI6, STM32U535RCI6Q, STM32U535RCT6, STM32U535RCT6Q, STM32U535REI6, STM32U535REI6Q, STM32U535RET6, STM32U535RET6Q, STM32U535VCI6, STM32U535VCI6Q, STM32U535VCT6, STM32U535VCT6Q, STM32U535VEI6, STM32U535VEI6Q, STM32U535VET6, STM32U535VET6Q, STM32U545CET6, STM32U545CET6Q, STM32U545CEU6, STM32U545CEU6Q, STM32U545JEY6QTR, STM32U545NEY6QTR, STM32U545REI6, STM32U545REI6Q, STM32U545RET6, STM32U545RET6Q, STM32U545VEI6, STM32U545VEI6Q, STM32U545VET6, STM32U545VET6Q, STM32U595AIH6, STM32U595AIH6Q, STM32U595AJH6, STM32U595AJH6Q, STM32U595QII6, STM32U595QII6Q, STM32U595QJI6, STM32U595QJI6Q, STM32U595RIT6, STM32U595RIT6Q, STM32U595RJT6, STM32U595RJT6Q, STM32U595VIT6, STM32U595VIT6Q, STM32U595VJT6, STM32U595VJT6Q, STM32U595ZIT6, STM32U595ZIT6Q, STM32U595ZIY6QTR, STM32U595ZJT6, STM32U595ZJT6Q, STM32U595ZJY6QTR, STM32U599BJY6QTR, STM32U599NIH6Q, STM32U599NJH6Q, STM32U599VIT6Q, STM32U599VJT6, STM32U599VJT6Q, STM32U599ZIT6Q, STM32U599ZIY6QTR, STM32U599ZJT6Q, STM32U599ZJY6QTR, STM32U5A5AJH6, STM32U5A5AJH6Q, STM32U5A5QJI6, STM32U5A5QJI6Q, STM32U5A5RJT6, STM32U5A5RJT6Q, STM32U5A5VJT6, STM32U5A5VJT6Q, STM32U5A5ZJT6, STM32U5A5ZJT6Q, STM32U5A5ZJY6QTR, STM32U5A9BJY6QTR, STM32U5A9J-DK, STM32U5A9NJH6Q, STM32U5A9VJT6Q, STM32U5A9ZJT6Q, STM32U5A9ZJY6QTR, STM32U5F7VIT6, STM32U5F7VIT6Q, STM32U5F7VJT6, STM32U5F7VJT6Q, STM32U5F9BJY6QTR, STM32U5F9NJH6Q, STM32U5F9VIT6Q, STM32U5F9VJT6Q, STM32U5F9ZIJ6QTR, STM32U5F9ZIT6Q, STM32U5F9ZJJ6QTR, STM32U5F9ZJT6Q, STM32U5G7VJT6, STM32U5G7VJT6Q, STM32U5G9BJY6QTR, STM32U5G9J-DK1, STM32U5G9J-DK2, STM32U5G9NJH6Q, STM32U5G9VJT6Q, STM32U5G9ZJJ6QTR, STM32U5G9ZJT6Q, STM32WB1MMCH6, STM32WBA52CEU6, STM32WBA52CEU6T, STM32WBA52CGU6, STM32WBA52CGU6T, STM32WBA52KEU6, STM32WBA52KEU6T, STM32WBA52KGU6, STM32WBA52KGU6T, STM32WL5MOCH6, STM32WL5MOCH6TR]
2023-12-13 22:05:35,907 [INFO] ApiDb:668 - CubeFinder database Data Model version=2.1
2023-12-13 22:05:35,907 [INFO] ApiDb:669 - CubeFinder database Configuration version=3.0.39
2023-12-13 22:05:35,907 [INFO] ApiDb:670 - CubeFinder database generation date=2023-11-06 (1699269565)
2023-12-13 22:05:35,908 [INFO] ApiDb:671 - CubeFinder database FW Pack versions=[FP-ATR-ASTRA1_V2.0.0, FP-SNS-FLIGHT1_V5.0.1, FP-SNS-FLIGHT1_V5.0.2, FP-SNS-MOTENV1_V4.3.1, FP-SNS-MOTENV1_V4.3.2, FP-SNS-MOTENVWB1_V1.3.0, FP-SNS-SMARTAG2_V1.2.0, STM32Cube_FW_C0_V1.1.0, STM32Cube_FW_F4_V1.28.0, STM32Cube_FW_F7_V1.17.0, STM32Cube_FW_G0_V1.6.1, STM32Cube_FW_G4_V1.5.1, STM32Cube_FW_H5_V0.5.1, STM32Cube_FW_H5_V1.1.1, STM32Cube_FW_H5_V1.2.0RC2, STM32Cube_FW_H7_V1.11.0, STM32Cube_FW_L0_V1.12.2, STM32Cube_FW_L5_V1.5.0, STM32Cube_FW_U5_V1.3.0RC4, STM32Cube_FW_U5_V1.4.0, STM32Cube_FW_WBA_V1.0.0RC1, STM32Cube_FW_WBA_V1.1.0RC1, STM32Cube_FW_WBA_V1.2.0, STM32Cube_FW_WBA_V1.2.0RC2, STM32Cube_FW_WB_V1.15.0RC1, STM32Cube_FW_WB_V1.16.0, STM32Cube_FW_WB_V1.16.0RC2, STM32Cube_FW_WB_V1.18.0, STM32Cube_FW_WL_V1.3.0, X-CUBE-ALGOBUILD_V1.3.0, X-CUBE-ALS_V1.0.1, X-CUBE-AZRTOS-F4_V1.1.0, X-CUBE-AZRTOS-F7_V1.1.0, X-CUBE-AZRTOS-G0_V1.1.0, X-CUBE-AZRTOS-G4_V2.0.0, X-CUBE-AZRTOS-H7_V3.1.0, X-CUBE-AZRTOS-L4_V1.0.0, X-CUBE-AZRTOS-L4_V2.0.0, X-CUBE-AZRTOS-L5_V1.1.0, X-CUBE-AZRTOS-WB_V2.0.0, X-CUBE-AZRTOS-WL_V2.0.0, X-CUBE-BLE1_V7.0.0, X-CUBE-BLE2_V3.3.0, X-CUBE-BLEMGR_V2.0.0, X-CUBE-EEPRMA1_V4.1.0, X-CUBE-EEPRMA1_V4.2.0, X-CUBE-FREERTOS_V1.1.0, X-CUBE-GNSS1_V6.0.0, X-CUBE-MEMS1_V10.0.0, X-CUBE-MEMS1_V9.1.0, X-CUBE-MEMS1_V9.4.0, X-CUBE-MEMS1_V9.6.0, X-CUBE-NFC4_V3.0.0, X-CUBE-NFC7_V1.0.1, X-CUBE-SFXS2LP1_V4.0.0, X-CUBE-SUBG2_V5.0.0, X-CUBE-TOF1_V3.3.1]
2023-12-13 22:05:37,146 [WARN] PackLoader:240 - Cannot read IP mode file for STMicroelectronics.X-CUBE-SMBUS.2.1.0
2023-12-13 22:05:37,179 [WARN] PackLoader:240 - Cannot read IP mode file for STMicroelectronics.X-CUBE-AZRTOS-F7.1.1.0
2023-12-13 22:05:37,188 [WARN] PackLoader:240 - Cannot read IP mode file for STMicroelectronics.FP-SNS-MOTENV1.4.3.2
2023-12-13 22:05:37,193 [WARN] PackLoader:240 - Cannot read IP mode file for STMicroelectronics.FP-SNS-FLIGHT1.5.0.2
2023-12-13 22:05:37,203 [WARN] PackLoader:240 - Cannot read IP mode file for STMicroelectronics.X-CUBE-DISPLAY.3.0.0
2023-12-13 22:05:37,214 [WARN] PackLoader:240 - Cannot read IP mode file for STMicroelectronics.X-CUBE-BLE1.7.0.0
2023-12-13 22:05:37,219 [WARN] PackLoader:240 - Cannot read IP mode file for emotas.I-CUBE-CANOPEN.1.3.0
2023-12-13 22:05:37,224 [INFO] ApiDb:240 - Found 323 in-development CPN: [B-G473E-ZEST1S, B-WB1M-WPAN1, B-WL5M-SUBG1, NUCLEO-C031C6, NUCLEO-H503RB, NUCLEO-H563ZI, NUCLEO-U545RE-Q, NUCLEO-U5A5ZJ-Q, NUCLEO-WBA52CG, STEVAL-PROTEUS1, STEVAL-SMARTAG2, STEVAL-STWINBX1, STM320518-EVAL, STM32C0116-DK, STM32C011D6Y3TR, STM32C011D6Y6TR, STM32C011F4P3, STM32C011F4P6, STM32C011F4U3, STM32C011F4U6TR, STM32C011F6P3, STM32C011F6P6, STM32C011F6U3, STM32C011F6U6TR, STM32C011J4M3, STM32C011J4M6, STM32C011J6M3, STM32C011J6M6, STM32C0316-DK, STM32C031C4T3, STM32C031C4T6, STM32C031C4U3, STM32C031C4U6, STM32C031C6T3, STM32C031C6T6, STM32C031C6U3, STM32C031C6U6, STM32C031F4P3, STM32C031F4P6, STM32C031F6P3, STM32C031F6P6, STM32C031G4U3, STM32C031G4U6, STM32C031G6U3, STM32C031G6U6, STM32C031K4T3, STM32C031K4T6, STM32C031K4U3, STM32C031K4U6, STM32C031K6T3, STM32C031K6T6, STM32C031K6U3, STM32C031K6U6, STM32G071K8TXN, STM32G071K8UXN, STM32G081GBU6N, STM32G081KBT6N, STM32G081KBUXN, STM32G0B1CCT6N, STM32G0B1KCT6, STM32G0B1NEY6TR, STM32G0B1RCT6N, STM32G0C1CCT6, STM32G0C1CCT6N, STM32G0C1CCU6N, STM32G0C1CET6N, STM32G0C1CEU6N, STM32G0C1KCT6, STM32G0C1NEY6TR, STM32G0C1RCI6N, STM32G0C1RCT6N, STM32G0C1REI6N, STM32G0C1RET6N, STM32G0C1VCI6, STM32G0C1VEI6, STM32G471CCT6, STM32G471CCU6, STM32G471CET3, STM32G471CET6, STM32G471CEU3, STM32G471CEU6, STM32G471MCT6, STM32G471MET3, STM32G471MET6, STM32G471MEY6TR, STM32G471QCT6, STM32G471QET3, STM32G471RCT6, STM32G471RET3, STM32G471RET6, STM32G471VCH6, STM32G471VCI6, STM32G471VCT6, STM32G471VEH3, STM32G471VEH6, STM32G471VEI3, STM32G471VEI6, STM32G471VET3, STM32G471VET6, STM32G474CCT6, STM32H503CBT6, STM32H503CBU6, STM32H503EBY6TR, STM32H503KBU6, STM32H503RBT6, STM32H562AGI6, STM32H562AII6, STM32H562IGK6, STM32H562IGT6, STM32H562IIK6, STM32H562IIT6, STM32H562RGT6, STM32H562RGV6, STM32H562RIT6, STM32H562RIV6, STM32H562VGT6, STM32H562VIT6, STM32H562ZGT6, STM32H562ZIT6, STM32H563AGI6, STM32H563AII3Q, STM32H563AII6, STM32H563IGK6, STM32H563IGT6, STM32H563IIK3Q, STM32H563IIK6, STM32H563IIT3Q, STM32H563IIT6, STM32H563MIY3QTR, STM32H563RGT6, STM32H563RGV6, STM32H563RIT6, STM32H563RIV6, STM32H563VGT6, STM32H563VIT3Q, STM32H563VIT6, STM32H563ZGT6, STM32H563ZIT3Q, STM32H563ZIT6, STM32H573AII3Q, STM32H573AII6, STM32H573I-DK, STM32H573IIK3Q, STM32H573IIK6, STM32H573IIT3Q, STM32H573IIT6, STM32H573MIY3QTR, STM32H573RIT6, STM32H573RIV6, STM32H573VIT3Q, STM32H573VIT6, STM32H573ZIT3Q, STM32H573ZIT6, STM32L4R5QGI6STR, STM32MP131AAE3, STM32MP131AAF3, STM32MP131AAG3, STM32MP131CAE3, STM32MP131CAF3, STM32MP131CAG3, STM32MP131DAE7, STM32MP131DAF7, STM32MP131DAG7, STM32MP131FAE7, STM32MP131FAF7, STM32MP131FAG7, STM32MP133AAE3, STM32MP133AAF3, STM32MP133AAG3, STM32MP133CAE3, STM32MP133CAF3, STM32MP133CAG3, STM32MP133DAE7, STM32MP133DAF7, STM32MP133DAG7, STM32MP133FAE7, STM32MP133FAF7, STM32MP133FAG7, STM32MP135AAE3, STM32MP135AAF3, STM32MP135AAG3, STM32MP135CAE3, STM32MP135CAF3, STM32MP135CAG3, STM32MP135DAE7, STM32MP135DAF7, STM32MP135DAG7, STM32MP135F-DK, STM32MP135FAE7, STM32MP135FAF7, STM32MP135FAF7T, STM32MP135FAF7U, STM32MP135FAG7, STM32U535CBT6, STM32U535CBT6Q, STM32U535CBU6, STM32U535CBU6Q, STM32U535CCT6, STM32U535CCT6Q, STM32U535CCU6, STM32U535CCU6Q, STM32U535CET6, STM32U535CET6Q, STM32U535CEU6, STM32U535CEU6Q, STM32U535JEY6QTR, STM32U535NCY6QTR, STM32U535NEY6QTR, STM32U535RBI6, STM32U535RBI6Q, STM32U535RBT6, STM32U535RBT6Q, STM32U535RCI6, STM32U535RCI6Q, STM32U535RCT6, STM32U535RCT6Q, STM32U535REI6, STM32U535REI6Q, STM32U535RET6, STM32U535RET6Q, STM32U535VCI6, STM32U535VCI6Q, STM32U535VCT6, STM32U535VCT6Q, STM32U535VEI6, STM32U535VEI6Q, STM32U535VET6, STM32U535VET6Q, STM32U545CET6, STM32U545CET6Q, STM32U545CEU6, STM32U545CEU6Q, STM32U545JEY6QTR, STM32U545NEY6QTR, STM32U545REI6, STM32U545REI6Q, STM32U545RET6, STM32U545RET6Q, STM32U545VEI6, STM32U545VEI6Q, STM32U545VET6, STM32U545VET6Q, STM32U595AIH6, STM32U595AIH6Q, STM32U595AJH6, STM32U595AJH6Q, STM32U595QII6, STM32U595QII6Q, STM32U595QJI6, STM32U595QJI6Q, STM32U595RIT6, STM32U595RIT6Q, STM32U595RJT6, STM32U595RJT6Q, STM32U595VIT6, STM32U595VIT6Q, STM32U595VJT6, STM32U595VJT6Q, STM32U595ZIT6, STM32U595ZIT6Q, STM32U595ZIY6QTR, STM32U595ZJT6, STM32U595ZJT6Q, STM32U595ZJY6QTR, STM32U599BJY6QTR, STM32U599NIH6Q, STM32U599NJH6Q, STM32U599VIT6Q, STM32U599VJT6, STM32U599VJT6Q, STM32U599ZIT6Q, STM32U599ZIY6QTR, STM32U599ZJT6Q, STM32U599ZJY6QTR, STM32U5A5AJH6, STM32U5A5AJH6Q, STM32U5A5QJI6, STM32U5A5QJI6Q, STM32U5A5RJT6, STM32U5A5RJT6Q, STM32U5A5VJT6, STM32U5A5VJT6Q, STM32U5A5ZJT6, STM32U5A5ZJT6Q, STM32U5A5ZJY6QTR, STM32U5A9BJY6QTR, STM32U5A9J-DK, STM32U5A9NJH6Q, STM32U5A9VJT6Q, STM32U5A9ZJT6Q, STM32U5A9ZJY6QTR, STM32U5F7VIT6, STM32U5F7VIT6Q, STM32U5F7VJT6, STM32U5F7VJT6Q, STM32U5F9BJY6QTR, STM32U5F9NJH6Q, STM32U5F9VIT6Q, STM32U5F9VJT6Q, STM32U5F9ZIJ6QTR, STM32U5F9ZIT6Q, STM32U5F9ZJJ6QTR, STM32U5F9ZJT6Q, STM32U5G7VJT6, STM32U5G7VJT6Q, STM32U5G9BJY6QTR, STM32U5G9J-DK1, STM32U5G9J-DK2, STM32U5G9NJH6Q, STM32U5G9VJT6Q, STM32U5G9ZJJ6QTR, STM32U5G9ZJT6Q, STM32WB1MMCH6, STM32WBA52CEU6, STM32WBA52CEU6T, STM32WBA52CGU6, STM32WBA52CGU6T, STM32WBA52KEU6, STM32WBA52KEU6T, STM32WBA52KGU6, STM32WBA52KGU6T, STM32WL5MOCH6, STM32WL5MOCH6TR]
2023-12-13 22:05:37,225 [WARN] PackLoader:240 - Cannot read IP mode file for STMicroelectronics.X-CUBE-TOUCHGFX.4.22.1
2023-12-13 22:05:37,231 [WARN] PackLoader:240 - Cannot read IP mode file for STMicroelectronics.FP-SNS-SMARTAG2.1.2.0
2023-12-13 22:05:37,231 [INFO] DbMcus:217 - Found 3882 MCUs, 3882 are supported
2023-12-13 22:05:37,232 [INFO] ApiDb:423 - Load user favorites file C:\Users\Toan/.stm32cubeide/favorites.mcus.txt: 0 item(s)
2023-12-13 22:05:37,232 [INFO] ApiDb:427 - User favorites MCUs=[]
2023-12-13 22:05:37,232 [INFO] DbMcus:223 - Set 0 / 0 favorites MCUs
2023-12-13 22:05:37,252 [INFO] LogOutputStream:77 - [STDOUT_REDIRECT] 1 : Invalid condition id : UX_CORESTACK_Condition cause : null
2023-12-13 22:05:37,253 [INFO] LogOutputStream:77 - [STDOUT_REDIRECT] 1 : Invalid condition id : UX_CORESTACK_Condition cause : null
2023-12-13 22:05:37,254 [INFO] LogOutputStream:77 - [STDOUT_REDIRECT] 1 : Invalid condition id : UX_CORESTACK_Condition cause : null
2023-12-13 22:05:37,258 [INFO] LogOutputStream:77 - [STDOUT_REDIRECT] 1 : Invalid condition id : UX_CORESTACK_Condition cause : null
2023-12-13 22:05:37,259 [INFO] LogOutputStream:77 - [STDOUT_REDIRECT] 1 : Invalid condition id : UX_CORESTACK_Condition cause : null
2023-12-13 22:05:37,265 [WARN] PackLoader:240 - Cannot read IP mode file for STMicroelectronics.X-CUBE-AZRTOS-WL.2.0.0
2023-12-13 22:05:37,299 [WARN] PackLoader:240 - Cannot read IP mode file for WES.I-CUBE-Cesium.1.3.0
2023-12-13 22:05:37,306 [WARN] PackLoader:240 - Cannot read IP mode file for STMicroelectronics.X-CUBE-BLE2.3.3.0
2023-12-13 22:05:37,332 [WARN] PackLoader:240 - Cannot read IP mode file for STMicroelectronics.X-CUBE-ALGOBUILD.1.3.0
2023-12-13 22:05:37,349 [WARN] PackLoader:240 - Cannot read IP mode file for STMicroelectronics.X-CUBE-AZRTOS-G0.1.1.0
2023-12-13 22:05:37,356 [WARN] PackLoader:240 - Cannot read IP mode file for STMicroelectronics.X-CUBE-NFC4.3.0.0
2023-12-13 22:05:37,364 [WARN] PackLoader:240 - Cannot read IP mode file for STMicroelectronics.X-CUBE-BLEMGR.3.0.0
2023-12-13 22:05:37,369 [WARN] PackLoader:240 - Cannot read IP mode file for STMicroelectronics.FP-ATR-SIGFOX1.3.2.0
2023-12-13 22:05:37,393 [WARN] PackLoader:240 - Cannot read IP mode file for SEGGER.I-CUBE-embOS.1.3.1
2023-12-13 22:05:37,427 [WARN] PackLoader:240 - Cannot read IP mode file for STMicroelectronics.X-CUBE-GNSS1.6.0.0
2023-12-13 22:05:37,456 [WARN] PackLoader:240 - Cannot read IP mode file for STMicroelectronics.X-CUBE-AZRTOS-F4.1.1.0
2023-12-13 22:05:37,464 [WARN] PackLoader:240 - Cannot read IP mode file for wolfSSL.I-CUBE-wolfSSL.5.6.3
2023-12-13 22:05:37,485 [WARN] PackLoader:240 - Cannot read IP mode file for STMicroelectronics.X-CUBE-AZRTOS-L5.2.0.0
2023-12-13 22:05:37,531 [WARN] PackLoader:240 - Cannot read IP mode file for STMicroelectronics.X-CUBE-MEMS1.9.6.0
2023-12-13 22:05:37,625 [WARN] PackLoader:240 - Cannot read IP mode file for STMicroelectronics.X-CUBE-EEPRMA1.4.2.0
2023-12-13 22:05:37,632 [WARN] PackLoader:240 - Cannot read IP mode file for ITTIA_DB.I-CUBE-ITTIADB.8.8.0
2023-12-13 22:05:37,638 [WARN] PackLoader:240 - Cannot read IP mode file for STMicroelectronics.X-CUBE-BLEMGR.2.0.0
2023-12-13 22:05:37,654 [WARN] ConditionMgr:438 - getConditionDescription Invalid condition id : UX DEVICE CLASS RTOS Condition cause : null
2023-12-13 22:05:37,654 [WARN] ConditionMgr:438 - getConditionDescription Invalid condition id : UX DEVICE CLASS RTOS Condition cause : null
2023-12-13 22:05:37,657 [WARN] PackLoader:240 - Cannot read IP mode file for STMicroelectronics.X-CUBE-AZRTOS-H7.3.1.0
2023-12-13 22:05:37,659 [WARN] ConditionMgr:1039 - genDependencies : Invalid condition id : UX DEVICE CLASS RTOS Condition cause : null
2023-12-13 22:05:37,659 [WARN] ConditionMgr:1039 - genDependencies : Invalid condition id : UX DEVICE CLASS RTOS Condition cause : null
2023-12-13 22:05:37,660 [WARN] ConditionMgr:1039 - genDependencies : Invalid condition id : UX DEVICE CLASS RTOS Condition cause : null
2023-12-13 22:05:37,661 [WARN] ConditionMgr:1039 - genDependencies : Invalid condition id : UX DEVICE CLASS RTOS Condition cause : null
2023-12-13 22:05:37,662 [WARN] ConditionMgr:1039 - genDependencies : Invalid condition id : UX DEVICE CLASS RTOS Condition cause : null
2023-12-13 22:05:37,666 [WARN] PackLoader:240 - Cannot read IP mode file for STMicroelectronics.X-CUBE-NFC7.1.0.1
2023-12-13 22:05:37,671 [WARN] PackLoader:240 - Cannot read IP mode file for STMicroelectronics.X-CUBE-NFC6.3.0.0
2023-12-13 22:05:37,678 [WARN] PackLoader:240 - Cannot read IP mode file for STMicroelectronics.X-CUBE-EEPRMA1.4.1.0
2023-12-13 22:05:37,683 [WARN] PackLoader:240 - Cannot read IP mode file for STMicroelectronics.X-CUBE-AI.8.1.0
2023-12-13 22:05:37,696 [WARN] ConditionMgr:438 - getConditionDescription Invalid condition id : LAN8742 Phy interface Condition cause : null
2023-12-13 22:05:37,697 [WARN] PackLoader:240 - Cannot read IP mode file for STMicroelectronics.X-CUBE-AZRTOS-L4.2.0.0
2023-12-13 22:05:37,697 [INFO] BoardInfo:880 - No configuration file found for board P-NUCLEO-WB55
2023-12-13 22:05:37,697 [INFO] DbBoards:157 - Kit is not supported: P-NUCLEO-WB55
2023-12-13 22:05:37,698 [WARN] ConditionMgr:1039 - genDependencies : Invalid condition id : LAN8742 Phy interface Condition cause : null
2023-12-13 22:05:37,698 [WARN] ConditionMgr:1039 - genDependencies : Invalid condition id : LAN8742 Phy interface Condition cause : null
2023-12-13 22:05:37,699 [WARN] ConditionMgr:1039 - genDependencies : Invalid condition id : LAN8742 Phy interface Condition cause : null
2023-12-13 22:05:37,702 [INFO] BoardInfo:880 - No configuration file found for board STEVAL-BFA001V1B
2023-12-13 22:05:37,702 [INFO] DbBoards:157 - Kit is not supported: STEVAL-BFA001V1B
2023-12-13 22:05:37,702 [INFO] BoardInfo:880 - No configuration file found for board STEVAL-BFA001V2B
2023-12-13 22:05:37,702 [INFO] DbBoards:157 - Kit is not supported: STEVAL-BFA001V2B
2023-12-13 22:05:37,703 [WARN] PackLoader:240 - Cannot read IP mode file for STMicroelectronics.X-CUBE-SFXS2LP1.4.0.0
2023-12-13 22:05:37,704 [INFO] BoardInfo:880 - No configuration file found for board STEVAL-MKBOXPRO
2023-12-13 22:05:37,704 [INFO] DbBoards:157 - Board is not supported: STEVAL-MKBOXPRO
2023-12-13 22:05:37,706 [WARN] PackLoader:240 - Cannot read IP mode file for STMicroelectronics.X-CUBE-ISPU.1.1.0
2023-12-13 22:05:37,716 [WARN] ConditionMgr:438 - getConditionDescription Invalid condition id : UX DEVICE CLASS RTOS Condition cause : null
2023-12-13 22:05:37,717 [WARN] ConditionMgr:438 - getConditionDescription Invalid condition id : UX DEVICE CLASS RTOS Condition cause : null
2023-12-13 22:05:37,718 [WARN] PackLoader:240 - Cannot read IP mode file for STMicroelectronics.X-CUBE-AZRTOS-WB.2.0.0
2023-12-13 22:05:37,719 [WARN] ConditionMgr:1039 - genDependencies : Invalid condition id : UX DEVICE CLASS RTOS Condition cause : null
2023-12-13 22:05:37,719 [WARN] ConditionMgr:1039 - genDependencies : Invalid condition id : UX DEVICE CLASS RTOS Condition cause : null
2023-12-13 22:05:37,719 [WARN] ConditionMgr:1039 - genDependencies : Invalid condition id : UX DEVICE CLASS RTOS Condition cause : null
2023-12-13 22:05:37,719 [WARN] ConditionMgr:1039 - genDependencies : Invalid condition id : UX DEVICE CLASS RTOS Condition cause : null
2023-12-13 22:05:37,719 [WARN] ConditionMgr:1039 - genDependencies : Invalid condition id : UX DEVICE CLASS RTOS Condition cause : null
2023-12-13 22:05:37,728 [WARN] PackLoader:240 - Cannot read IP mode file for STMicroelectronics.X-CUBE-SUBG2.5.0.0
2023-12-13 22:05:37,738 [WARN] PackLoader:240 - Cannot read IP mode file for STMicroelectronics.X-CUBE-TOF1.3.3.1
2023-12-13 22:05:37,750 [WARN] PackLoader:240 - Cannot read IP mode file for STMicroelectronics.X-CUBE-AZRTOS-G4.2.0.0
2023-12-13 22:05:37,757 [WARN] PackLoader:240 - Cannot read IP mode file for Infineon.AIROC-Wi-Fi-Bluetooth-STM32.1.5.1
2023-12-13 22:05:37,764 [WARN] PackLoader:240 - Cannot read IP mode file for STMicroelectronics.FP-SNS-MOTENVWB1.1.3.0
2023-12-13 22:05:37,766 [WARN] PackLoader:240 - Cannot read IP mode file for STMicroelectronics.FP-SNS-MOTENVWB1.1.3.1
2023-12-13 22:05:37,769 [WARN] PackLoader:240 - Cannot read IP mode file for STMicroelectronics.X-CUBE-ISPU.2.0.0
2023-12-13 22:05:37,777 [INFO] DbBoards:161 - Found 191 boards, 187 are supported
2023-12-13 22:05:37,779 [INFO] ApiDb:423 - Load user favorites file C:\Users\Toan/.stm32cubeide/favorites.boards.txt: 0 item(s)
2023-12-13 22:05:37,780 [INFO] ApiDb:427 - User favorites Boards=[]
2023-12-13 22:05:37,780 [INFO] DbBoards:190 - Set 0 / 0 favorites Boards
2023-12-13 22:05:37,781 [INFO] McuFinderGlobals:76 - Set McuFinderConnectedMode to true
2023-12-13 22:05:37,787 [WARN] PackLoader:240 - Cannot read IP mode file for STMicroelectronics.X-CUBE-MEMS1.10.0.0
2023-12-13 22:05:37,787 [INFO] MultiScanPanel:200 - Auto-refresh data requested => check proxy status ongoing
2023-12-13 22:05:37,796 [INFO] FinderPluginLoader:95 - Searching for filters in installed packs
2023-12-13 22:05:37,852 [WARN] PackLoader:240 - Cannot read IP mode file for STMicroelectronics.X-CUBE-FREERTOS.1.1.0
2023-12-13 22:05:37,855 [WARN] PackLoader:240 - Cannot read IP mode file for portGmbH.I-Cube-SoM-uGOAL.1.1.0
2023-12-13 22:05:37,858 [WARN] PackLoader:240 - Cannot read IP mode file for STMicroelectronics.X-CUBE-ALS.1.0.1
2023-12-13 22:05:37,861 [WARN] PackLoader:240 - Cannot read IP mode file for STMicroelectronics.FP-ATR-ASTRA1.2.0.0
2023-12-13 22:05:37,868 [WARN] PackLoader:240 - Cannot read IP mode file for STMicroelectronics.X-CUBE-TOF1.3.4.0
2023-12-13 22:05:37,881 [WARN] PackLoader:240 - Cannot read IP mode file for STMicroelectronics.X-CUBE-AZRTOS-H7.3.2.0
2023-12-13 22:05:37,883 [INFO] ThirdParty:978 - Integrity check success = true
2023-12-13 22:05:37,883 [INFO] IntegrityCheckThread:100 - exiting critical section [integrity check]
2023-12-13 22:05:37,883 [INFO] IntegrityCheckThread:103 - End integrity checks thread
2023-12-13 22:05:38,766 [INFO] LoadUrlFilesThread:185 - End of LoadServerUrlFiles without Thread
2023-12-13 22:05:38,775 [INFO] DetailPanel:341 - Set advertising image to C:/Users/Toan/STM32Cube/Repository/\en.prom-stm32wl3-mcu-finder.jpg
2023-12-13 22:05:56,149 [ERROR] LogOutputStream:75 - [STDERR_REDIRECT] SLF4J: Failed to load class "org.slf4j.impl.StaticLoggerBinder".
2023-12-13 22:05:56,149 [ERROR] LogOutputStream:75 - [STDERR_REDIRECT] SLF4J: Defaulting to no-operation (NOP) logger implementation
2023-12-13 22:05:56,151 [ERROR] LogOutputStream:75 - [STDERR_REDIRECT] SLF4J: See http://www.slf4j.org/codes.html#StaticLoggerBinder for further details.
2023-12-13 22:07:05,849 [INFO] MainUpdater:2868 - connection check result : 10
2023-12-13 22:07:05,849 [INFO] MainUpdater:2868 - connection check result : 10
2023-12-13 22:07:05,882 [INFO] MicroXplorer:468 - Change Database Path : 
2023-12-13 22:07:05,882 [INFO] MicroXplorer:498 - Change Database Version : DB.6.0.92
2023-12-13 22:07:05,886 [WARN] ThirdParty:871 - waiting for thirdparty lock release [close project]
2023-12-13 22:07:05,887 [INFO] ThirdParty:873 - entering critical section [close project]
2023-12-13 22:07:05,888 [INFO] ThirdParty:883 - exiting critical section [close project]
2023-12-13 22:07:05,890 [INFO] PinOutPanel:1499 - setPackage(No Configuration,No Configuration)
2023-12-13 22:07:05,895 [INFO] UtilMem:75 - Begin LoadConfig() Used Memory: 575921688 Bytes (775946240)
2023-12-13 22:07:05,896 [INFO] MicroXplorer:468 - Change Database Path : 
2023-12-13 22:07:05,896 [INFO] MicroXplorer:498 - Change Database Version : DB.6.0.92
2023-12-13 22:07:05,896 [INFO] OpenFileManager:308 - Change cursor
2023-12-13 22:07:05,928 [INFO] Mcu:1946 - Initializing MCU STM32F411VETx STM32F411VETx STM32F411VET6
2023-12-13 22:07:07,157 [INFO] Context:659 - Trying to add GPIOservice into a context  which must be forbidden
2023-12-13 22:07:07,575 [INFO] ImportTextPane:194 - (OptionalMessage_ERROR) Unable to find key (Mcu.ThirdPartyNb) in loaded IOC file
2023-12-13 22:07:07,575 [INFO] ImportTextPane:194 - (OptionalMessage_ERROR) Unable to find key (Mcu.PinsNb) in loaded IOC file
2023-12-13 22:07:07,575 [INFO] ImportTextPane:194 - (OptionalMessage_ERROR) Unable to find key (Mcu.IPNb) in loaded IOC file
2023-12-13 22:07:07,678 [INFO] RtosManager:555 - Registered RTOS mode: class=CMSIS, group=RTOS, mode=CMSIS_V1, owner=FREERTOS
2023-12-13 22:07:07,679 [INFO] RtosManager:555 - Registered RTOS mode: class=CMSIS, group=RTOS2, mode=CMSIS_V2, owner=FREERTOS
2023-12-13 22:07:07,679 [INFO] RtosManager:555 - Registered RTOS mode: class=RTOS, group=Core, mode=CMSIS_V1, owner=FREERTOS
2023-12-13 22:07:07,679 [INFO] RtosManager:555 - Registered RTOS mode: class=RTOS, group=Core, mode=CMSIS_V2, owner=FREERTOS
2023-12-13 22:07:07,679 [WARN] ModelIntegratedComponent:184 - Missing modes for component STMicroelectronics:FreeRTOS:0.0.1:STMicroelectronics:RTOS:FreeRTOS:Core:::10.2.0:
2023-12-13 22:07:07,682 [WARN] ModelIntegratedComponent:182 - Modes not found for component STMicroelectronics:USB_HOST:1.0.0:STMicroelectronics:USB::USB Host:Audio HS::1.0:USB_HOST_1_0_RESTRICTED_HS
2023-12-13 22:07:07,682 [WARN] ModelIntegratedComponent:188 - Modes not found for component STMicroelectronics:USB_HOST:1.0.0:STMicroelectronics:USB::USB Host:Audio HS::1.0:USB_HOST_1_0_RESTRICTED_HS
2023-12-13 22:07:07,682 [WARN] ModelIntegratedComponent:182 - Modes not found for component STMicroelectronics:USB_HOST:1.0.0:STMicroelectronics:USB::USB Host:CDC HS::1.0:USB_HOST_1_0_RESTRICTED_HS
2023-12-13 22:07:07,682 [WARN] ModelIntegratedComponent:188 - Modes not found for component STMicroelectronics:USB_HOST:1.0.0:STMicroelectronics:USB::USB Host:CDC HS::1.0:USB_HOST_1_0_RESTRICTED_HS
2023-12-13 22:07:07,682 [WARN] ModelIntegratedComponent:182 - Modes not found for component STMicroelectronics:USB_HOST:1.0.0:STMicroelectronics:USB::USB Host:MSC HS::1.0:USB_HOST_1_0_RESTRICTED_HS
2023-12-13 22:07:07,682 [WARN] ModelIntegratedComponent:188 - Modes not found for component STMicroelectronics:USB_HOST:1.0.0:STMicroelectronics:USB::USB Host:MSC HS::1.0:USB_HOST_1_0_RESTRICTED_HS
2023-12-13 22:07:07,682 [WARN] ModelIntegratedComponent:182 - Modes not found for component STMicroelectronics:USB_HOST:1.0.0:STMicroelectronics:USB::USB Host:HID HS::1.0:USB_HOST_1_0_RESTRICTED_HS
2023-12-13 22:07:07,682 [WARN] ModelIntegratedComponent:188 - Modes not found for component STMicroelectronics:USB_HOST:1.0.0:STMicroelectronics:USB::USB Host:HID HS::1.0:USB_HOST_1_0_RESTRICTED_HS
2023-12-13 22:07:07,682 [WARN] ModelIntegratedComponent:182 - Modes not found for component STMicroelectronics:USB_HOST:1.0.0:STMicroelectronics:USB::USB Host:MTP HS::1.0:USB_HOST_1_0_RESTRICTED_HS
2023-12-13 22:07:07,682 [WARN] ModelIntegratedComponent:188 - Modes not found for component STMicroelectronics:USB_HOST:1.0.0:STMicroelectronics:USB::USB Host:MTP HS::1.0:USB_HOST_1_0_RESTRICTED_HS
2023-12-13 22:07:07,689 [WARN] ModelIntegratedComponent:63 - No mode defined for component null
2023-12-13 22:07:07,689 [WARN] ModelIntegratedComponent:63 - No mode defined for component null
2023-12-13 22:07:07,689 [WARN] ModelIntegratedComponent:63 - No mode defined for component null
2023-12-13 22:07:07,689 [WARN] ModelIntegratedComponent:63 - No mode defined for component null
2023-12-13 22:07:07,689 [WARN] ModelIntegratedComponent:63 - No mode defined for component null
2023-12-13 22:07:07,690 [WARN] ModelIntegratedComponent:63 - No mode defined for component null
2023-12-13 22:07:07,690 [WARN] ModelIntegratedComponent:63 - No mode defined for component null
2023-12-13 22:07:07,690 [WARN] ModelIntegratedComponent:63 - No mode defined for component null
2023-12-13 22:07:07,690 [WARN] ModelIntegratedComponent:63 - No mode defined for component null
2023-12-13 22:07:07,690 [WARN] ModelIntegratedComponent:63 - No mode defined for component null
2023-12-13 22:07:07,690 [WARN] ModelIntegratedComponent:63 - No mode defined for component null
2023-12-13 22:07:07,690 [WARN] ModelIntegratedComponent:63 - No mode defined for component null
2023-12-13 22:07:07,690 [WARN] ModelIntegratedComponent:63 - No mode defined for component null
2023-12-13 22:07:07,690 [WARN] ModelIntegratedComponent:63 - No mode defined for component null
2023-12-13 22:07:07,690 [WARN] ModelIntegratedComponent:63 - No mode defined for component null
2023-12-13 22:07:07,690 [WARN] ModelIntegratedComponent:63 - No mode defined for component null
2023-12-13 22:07:07,690 [WARN] ModelIntegratedComponent:63 - No mode defined for component null
2023-12-13 22:07:07,690 [WARN] ModelIntegratedComponent:63 - No mode defined for component null
2023-12-13 22:07:07,690 [WARN] ModelIntegratedComponent:63 - No mode defined for component null
2023-12-13 22:07:07,690 [WARN] ModelIntegratedComponent:63 - No mode defined for component null
2023-12-13 22:07:07,690 [WARN] ModelIntegratedComponent:63 - No mode defined for component null
2023-12-13 22:07:07,690 [WARN] ModelIntegratedComponent:63 - No mode defined for component null
2023-12-13 22:07:07,691 [WARN] ModelIntegratedComponent:63 - No mode defined for component null
2023-12-13 22:07:07,691 [WARN] ModelIntegratedComponent:63 - No mode defined for component null
2023-12-13 22:07:07,691 [WARN] ModelIntegratedComponent:63 - No mode defined for component null
2023-12-13 22:07:07,691 [WARN] ModelIntegratedComponent:63 - No mode defined for component null
2023-12-13 22:07:07,691 [WARN] ModelIntegratedComponent:63 - No mode defined for component null
2023-12-13 22:07:07,691 [WARN] ModelIntegratedComponent:63 - No mode defined for component null
2023-12-13 22:07:07,691 [WARN] ModelIntegratedComponent:63 - No mode defined for component null
2023-12-13 22:07:07,691 [WARN] ModelIntegratedComponent:63 - No mode defined for component null
2023-12-13 22:07:07,691 [WARN] ModelIntegratedComponent:63 - No mode defined for component null
2023-12-13 22:07:07,691 [WARN] ModelIntegratedComponent:63 - No mode defined for component null
2023-12-13 22:07:07,691 [WARN] ModelIntegratedComponent:63 - No mode defined for component null
2023-12-13 22:07:07,755 [WARN] ModelIntegratedComponent:182 - Modes not found for component STMicroelectronics:USB_DEVICE:1.0.0:STMicroelectronics:USB::USB Device:Audio HS::1.0:USB_DEVICE_1_0_RESTRICTED_HS
2023-12-13 22:07:07,755 [WARN] ModelIntegratedComponent:188 - Modes not found for component STMicroelectronics:USB_DEVICE:1.0.0:STMicroelectronics:USB::USB Device:Audio HS::1.0:USB_DEVICE_1_0_RESTRICTED_HS
2023-12-13 22:07:07,755 [WARN] ModelIntegratedComponent:182 - Modes not found for component STMicroelectronics:USB_DEVICE:1.0.0:STMicroelectronics:USB::USB Device:CDC HS::1.0:USB_DEVICE_1_0_RESTRICTED_HS
2023-12-13 22:07:07,755 [WARN] ModelIntegratedComponent:188 - Modes not found for component STMicroelectronics:USB_DEVICE:1.0.0:STMicroelectronics:USB::USB Device:CDC HS::1.0:USB_DEVICE_1_0_RESTRICTED_HS
2023-12-13 22:07:07,756 [WARN] ModelIntegratedComponent:182 - Modes not found for component STMicroelectronics:USB_DEVICE:1.0.0:STMicroelectronics:USB::USB Device:DFU HS::1.0:USB_DEVICE_1_0_RESTRICTED_HS
2023-12-13 22:07:07,756 [WARN] ModelIntegratedComponent:188 - Modes not found for component STMicroelectronics:USB_DEVICE:1.0.0:STMicroelectronics:USB::USB Device:DFU HS::1.0:USB_DEVICE_1_0_RESTRICTED_HS
2023-12-13 22:07:07,756 [WARN] ModelIntegratedComponent:182 - Modes not found for component STMicroelectronics:USB_DEVICE:1.0.0:STMicroelectronics:USB::USB Device:HID HS::1.0:USB_DEVICE_1_0_RESTRICTED_HS
2023-12-13 22:07:07,756 [WARN] ModelIntegratedComponent:188 - Modes not found for component STMicroelectronics:USB_DEVICE:1.0.0:STMicroelectronics:USB::USB Device:HID HS::1.0:USB_DEVICE_1_0_RESTRICTED_HS
2023-12-13 22:07:07,756 [WARN] ModelIntegratedComponent:182 - Modes not found for component STMicroelectronics:USB_DEVICE:1.0.0:STMicroelectronics:USB::USB Device:Custom HID HS::1.0:USB_DEVICE_1_0_RESTRICTED_HS
2023-12-13 22:07:07,756 [WARN] ModelIntegratedComponent:188 - Modes not found for component STMicroelectronics:USB_DEVICE:1.0.0:STMicroelectronics:USB::USB Device:Custom HID HS::1.0:USB_DEVICE_1_0_RESTRICTED_HS
2023-12-13 22:07:07,756 [WARN] ModelIntegratedComponent:182 - Modes not found for component STMicroelectronics:USB_DEVICE:1.0.0:STMicroelectronics:USB::USB Device:MSC HS::1.0:USB_DEVICE_1_0_RESTRICTED_HS
2023-12-13 22:07:07,756 [WARN] ModelIntegratedComponent:188 - Modes not found for component STMicroelectronics:USB_DEVICE:1.0.0:STMicroelectronics:USB::USB Device:MSC HS::1.0:USB_DEVICE_1_0_RESTRICTED_HS
2023-12-13 22:07:07,767 [INFO] ThirdPartyModel:298 - Start build external matchings
2023-12-13 22:07:08,308 [INFO] ThirdPartyModel:316 - End build external matchings
2023-12-13 22:07:08,532 [INFO] UtilMem:75 - End LoadConfig() Used Memory: 727102648 Bytes (1048576000)
2023-12-13 22:07:08,566 [WARN] ThirdParty:833 - waiting for thirdparty lock release [change project]
2023-12-13 22:07:08,566 [INFO] ThirdParty:835 - entering critical section [change project]
2023-12-13 22:07:08,566 [INFO] ThirdParty:1030 - CMSIS Pack Vendor :STMicroelectronics X-CUBE-ISPU 1.1.0
2023-12-13 22:07:08,566 [INFO] ThirdParty:1030 - CMSIS Pack Vendor :STMicroelectronics USBPD 4.1
2023-12-13 22:07:08,567 [INFO] ThirdParty:1030 - CMSIS Pack Vendor :STMicroelectronics X-CUBE-GNSS1 6.0.0
2023-12-13 22:07:08,567 [INFO] ThirdParty:1030 - CMSIS Pack Vendor :STMicroelectronics USB_HOST 2.0.0
2023-12-13 22:07:08,567 [INFO] ThirdParty:1030 - CMSIS Pack Vendor :STMicroelectronics X-CUBE-AZRTOS-F4 1.1.0
2023-12-13 22:07:08,567 [INFO] ThirdParty:1030 - CMSIS Pack Vendor :STMicroelectronics LIBJPEG 8.0.0
2023-12-13 22:07:08,567 [INFO] ThirdParty:1030 - CMSIS Pack Vendor :wolfSSL I-CUBE-wolfSSL 5.6.3
2023-12-13 22:07:08,567 [INFO] ThirdParty:1030 - CMSIS Pack Vendor :STMicroelectronics X-CUBE-SMBUS 2.1.0
2023-12-13 22:07:08,567 [INFO] ThirdParty:1030 - CMSIS Pack Vendor :STMicroelectronics USB_DEVICE 3.0.0
2023-12-13 22:07:08,567 [INFO] ThirdParty:1030 - CMSIS Pack Vendor :STMicroelectronics X-CUBE-AZRTOS-WB 2.0.0
2023-12-13 22:07:08,567 [INFO] ThirdParty:1030 - CMSIS Pack Vendor :STMicroelectronics X-CUBE-AZRTOS-F7 1.1.0
2023-12-13 22:07:08,567 [INFO] ThirdParty:1030 - CMSIS Pack Vendor :STMicroelectronics X-CUBE-AZRTOS-L5 2.0.0
2023-12-13 22:07:08,567 [INFO] ThirdParty:1030 - CMSIS Pack Vendor :STMicroelectronics USB_DEVICE 2.0.0
2023-12-13 22:07:08,567 [INFO] ThirdParty:1030 - CMSIS Pack Vendor :STMicroelectronics X-CUBE-MEMS1 9.6.0
2023-12-13 22:07:08,568 [INFO] ThirdParty:1030 - CMSIS Pack Vendor :STMicroelectronics X-CUBE-EEPRMA1 4.2.0
2023-12-13 22:07:08,568 [INFO] ThirdParty:1030 - CMSIS Pack Vendor :ITTIA_DB I-CUBE-ITTIADB 8.8.0
2023-12-13 22:07:08,568 [INFO] ThirdParty:1030 - CMSIS Pack Vendor :STMicroelectronics FP-SNS-MOTENV1 4.3.2
2023-12-13 22:07:08,568 [INFO] ThirdParty:1030 - CMSIS Pack Vendor :STMicroelectronics X-CUBE-ALGOBUILD 1.3.0
2023-12-13 22:07:08,568 [INFO] ThirdParty:1030 - CMSIS Pack Vendor :STMicroelectronics FreeRTOS 0.0.1
2023-12-13 22:07:08,568 [INFO] ThirdParty:1030 - CMSIS Pack Vendor :STMicroelectronics X-CUBE-AZRTOS-G0 1.1.0
2023-12-13 22:07:08,568 [INFO] ThirdParty:1030 - CMSIS Pack Vendor :STMicroelectronics X-CUBE-BLEMGR 2.0.0
2023-12-13 22:07:08,568 [INFO] ThirdParty:1030 - CMSIS Pack Vendor :STMicroelectronics X-CUBE-NFC4 3.0.0
2023-12-13 22:07:08,568 [INFO] ThirdParty:1030 - CMSIS Pack Vendor :STMicroelectronics X-CUBE-SUBG2 5.0.0
2023-12-13 22:07:08,568 [INFO] ThirdParty:1030 - CMSIS Pack Vendor :STMicroelectronics STM32_WPAN 1.0.0
2023-12-13 22:07:08,568 [INFO] ThirdParty:1030 - CMSIS Pack Vendor :STMicroelectronics lwIP 2.0.3
2023-12-13 22:07:08,568 [INFO] ThirdParty:1030 - CMSIS Pack Vendor :STMicroelectronics FP-SNS-FLIGHT1 5.0.2
2023-12-13 22:07:08,568 [INFO] ThirdParty:1030 - CMSIS Pack Vendor :STMicroelectronics USB_HOST 1.0.0
2023-12-13 22:07:08,569 [INFO] ThirdParty:1030 - CMSIS Pack Vendor :STMicroelectronics X-CUBE-TOF1 3.3.1
2023-12-13 22:07:08,569 [INFO] ThirdParty:1030 - CMSIS Pack Vendor :STMicroelectronics X-CUBE-AZRTOS-G4 2.0.0
2023-12-13 22:07:08,569 [INFO] ThirdParty:1030 - CMSIS Pack Vendor :STMicroelectronics PDM2PCM 3.1.0
2023-12-13 22:07:08,569 [INFO] ThirdParty:1030 - CMSIS Pack Vendor :STMicroelectronics X-CUBE-AZRTOS-H7 3.1.0
2023-12-13 22:07:08,569 [INFO] ThirdParty:1030 - CMSIS Pack Vendor :Infineon AIROC-Wi-Fi-Bluetooth-STM32 1.5.1
2023-12-13 22:07:08,569 [INFO] ThirdParty:1030 - CMSIS Pack Vendor :STMicroelectronics X-CUBE-BLEMGR 3.0.0
2023-12-13 22:07:08,569 [INFO] ThirdParty:1030 - CMSIS Pack Vendor :STMicroelectronics PDM2PCM 3.3.0
2023-12-13 22:07:08,569 [INFO] ThirdParty:1030 - CMSIS Pack Vendor :STMicroelectronics X-CUBE-DISPLAY 3.0.0
2023-12-13 22:07:08,569 [INFO] ThirdParty:1030 - CMSIS Pack Vendor :STMicroelectronics FP-SNS-MOTENVWB1 1.3.0
2023-12-13 22:07:08,569 [INFO] ThirdParty:1030 - CMSIS Pack Vendor :STMicroelectronics FP-SNS-MOTENVWB1 1.3.1
2023-12-13 22:07:08,569 [INFO] ThirdParty:1030 - CMSIS Pack Vendor :STMicroelectronics X-CUBE-BLE1 7.0.0
2023-12-13 22:07:08,569 [INFO] ThirdParty:1030 - CMSIS Pack Vendor :STMicroelectronics FP-ATR-SIGFOX1 3.2.0
2023-12-13 22:07:08,570 [INFO] ThirdParty:1030 - CMSIS Pack Vendor :STMicroelectronics X-CUBE-ISPU 2.0.0
2023-12-13 22:07:08,570 [INFO] ThirdParty:1030 - CMSIS Pack Vendor :STMicroelectronics HAL Drivers 0.0.0
2023-12-13 22:07:08,570 [INFO] ThirdParty:1030 - CMSIS Pack Vendor :STMicroelectronics MBEDTLS 2.16.2
2023-12-13 22:07:08,570 [INFO] ThirdParty:1030 - CMSIS Pack Vendor :emotas I-CUBE-CANOPEN 1.3.0
2023-12-13 22:07:08,570 [INFO] ThirdParty:1030 - CMSIS Pack Vendor :STMicroelectronics X-CUBE-MEMS1 10.0.0
2023-12-13 22:07:08,570 [INFO] ThirdParty:1030 - CMSIS Pack Vendor :STMicroelectronics X-CUBE-FREERTOS 1.1.0
2023-12-13 22:07:08,570 [INFO] ThirdParty:1030 - CMSIS Pack Vendor :STMicroelectronics X-CUBE-NFC7 1.0.1
2023-12-13 22:07:08,571 [INFO] ThirdParty:1030 - CMSIS Pack Vendor :STMicroelectronics MBEDTLS 2.14.1
2023-12-13 22:07:08,571 [INFO] ThirdParty:1030 - CMSIS Pack Vendor :STMicroelectronics X-CUBE-TOUCHGFX 4.22.1
2023-12-13 22:07:08,571 [INFO] ThirdParty:1030 - CMSIS Pack Vendor :STMicroelectronics X-CUBE-NFC6 3.0.0
2023-12-13 22:07:08,571 [INFO] ThirdParty:1030 - CMSIS Pack Vendor :STMicroelectronics X-CUBE-EEPRMA1 4.1.0
2023-12-13 22:07:08,571 [INFO] ThirdParty:1030 - CMSIS Pack Vendor :portGmbH I-Cube-SoM-uGOAL 1.1.0
2023-12-13 22:07:08,571 [INFO] ThirdParty:1030 - CMSIS Pack Vendor :STMicroelectronics X-CUBE-ALS 1.0.1
2023-12-13 22:07:08,571 [INFO] ThirdParty:1030 - CMSIS Pack Vendor :STMicroelectronics ThreadX 1.0.0
2023-12-13 22:07:08,571 [INFO] ThirdParty:1030 - CMSIS Pack Vendor :STMicroelectronics FP-SNS-SMARTAG2 1.2.0
2023-12-13 22:07:08,571 [INFO] ThirdParty:1030 - CMSIS Pack Vendor :STMicroelectronics X-CUBE-AZRTOS-WL 2.0.0
2023-12-13 22:07:08,571 [INFO] ThirdParty:1030 - CMSIS Pack Vendor :SEGGER I-CUBE-embOS 1.3.1
2023-12-13 22:07:08,571 [INFO] ThirdParty:1030 - CMSIS Pack Vendor :STMicroelectronics USB_DEVICE 1.0.0
2023-12-13 22:07:08,571 [INFO] ThirdParty:1030 - CMSIS Pack Vendor :STMicroelectronics X-CUBE-AI 8.1.0
2023-12-13 22:07:08,571 [INFO] ThirdParty:1030 - CMSIS Pack Vendor :STMicroelectronics X-CUBE-AZRTOS-L4 2.0.0
2023-12-13 22:07:08,571 [INFO] ThirdParty:1030 - CMSIS Pack Vendor :STMicroelectronics ThreadX 0.0.2
2023-12-13 22:07:08,571 [INFO] ThirdParty:1030 - CMSIS Pack Vendor :WES I-CUBE-Cesium 1.3.0
2023-12-13 22:07:08,571 [INFO] ThirdParty:1030 - CMSIS Pack Vendor :STMicroelectronics FP-ATR-ASTRA1 2.0.0
2023-12-13 22:07:08,571 [INFO] ThirdParty:1030 - CMSIS Pack Vendor :STMicroelectronics lwIP 2.1.2
2023-12-13 22:07:08,571 [INFO] ThirdParty:1030 - CMSIS Pack Vendor :STMicroelectronics X-CUBE-SFXS2LP1 4.0.0
2023-12-13 22:07:08,571 [INFO] ThirdParty:1030 - CMSIS Pack Vendor :STMicroelectronics X-CUBE-BLE2 3.3.0
2023-12-13 22:07:08,573 [INFO] ThirdParty:1030 - CMSIS Pack Vendor :STMicroelectronics X-CUBE-TOF1 3.4.0
2023-12-13 22:07:08,573 [INFO] ThirdParty:1030 - CMSIS Pack Vendor :STMicroelectronics X-CUBE-AZRTOS-H7 3.2.0
2023-12-13 22:07:08,573 [INFO] ThirdParty:1030 - CMSIS Pack Vendor :STMicroelectronics PDM2PCM 3.2.0
2023-12-13 22:07:08,573 [INFO] ThirdParty:841 - exiting critical section [change project]
2023-12-13 22:07:08,785 [INFO] PinOutPanel:1499 - setPackage(No Configuration,No Configuration)
2023-12-13 22:07:08,787 [INFO] PinOutPanel:1499 - setPackage(STM32F411VETx,LQFP100)
2023-12-13 22:07:09,133 [INFO] UtilMem:75 - Before build in PCC Used Memory: 491486048 Bytes (1048576000)
2023-12-13 22:07:09,964 [INFO] UtilMem:75 - After build in PCC Used Memory: 713261920 Bytes (1048576000)
2023-12-13 22:07:09,983 [INFO] IPUIPlugin:80 - create IPUIPlugin
2023-12-13 22:07:09,983 [INFO] IPUIPlugin:80 - create IPUIPlugin
2023-12-13 22:07:09,983 [INFO] IPUIPlugin:80 - create IPUIPlugin
2023-12-13 22:07:09,983 [INFO] IPUIPlugin:80 - create IPUIPlugin
2023-12-13 22:07:09,984 [INFO] IPUIPlugin:80 - create IPUIPlugin
2023-12-13 22:07:09,984 [INFO] IPUIPlugin:80 - create IPUIPlugin
2023-12-13 22:07:09,984 [INFO] IPUIPlugin:80 - create IPUIPlugin
2023-12-13 22:07:09,984 [INFO] IPUIPlugin:80 - create IPUIPlugin
2023-12-13 22:07:09,984 [INFO] IPUIPlugin:80 - create IPUIPlugin
2023-12-13 22:07:09,984 [INFO] IPUIPlugin:80 - create IPUIPlugin
2023-12-13 22:07:09,984 [INFO] IPUIPlugin:80 - create IPUIPlugin
2023-12-13 22:07:09,984 [INFO] IPUIPlugin:80 - create IPUIPlugin
2023-12-13 22:07:09,984 [INFO] IPUIPlugin:80 - create IPUIPlugin
2023-12-13 22:07:09,985 [INFO] IPUIPlugin:80 - create IPUIPlugin
2023-12-13 22:07:09,985 [INFO] IPUIPlugin:80 - create IPUIPlugin
2023-12-13 22:07:09,985 [INFO] IPUIPlugin:80 - create IPUIPlugin
2023-12-13 22:07:09,985 [INFO] IPUIPlugin:80 - create IPUIPlugin
2023-12-13 22:07:09,985 [INFO] IPUIPlugin:80 - create IPUIPlugin
2023-12-13 22:07:09,985 [INFO] IPUIPlugin:80 - create IPUIPlugin
2023-12-13 22:07:09,985 [INFO] IPUIPlugin:80 - create IPUIPlugin
2023-12-13 22:07:09,985 [INFO] IPUIPlugin:80 - create IPUIPlugin
2023-12-13 22:07:09,985 [INFO] IPUIPlugin:80 - create IPUIPlugin
2023-12-13 22:07:09,986 [INFO] IPUIPlugin:80 - create IPUIPlugin
2023-12-13 22:07:09,986 [INFO] IPUIPlugin:80 - create IPUIPlugin
2023-12-13 22:07:09,986 [INFO] IPUIPlugin:80 - create IPUIPlugin
2023-12-13 22:07:09,986 [INFO] IPUIPlugin:80 - create IPUIPlugin
2023-12-13 22:07:09,986 [INFO] IPUIPlugin:80 - create IPUIPlugin
2023-12-13 22:07:09,986 [INFO] IPUIPlugin:80 - create IPUIPlugin
2023-12-13 22:07:09,986 [INFO] IPUIPlugin:80 - create IPUIPlugin
2023-12-13 22:07:09,986 [INFO] IPUIPlugin:80 - create IPUIPlugin
2023-12-13 22:07:09,986 [INFO] IPUIPlugin:80 - create IPUIPlugin
2023-12-13 22:07:09,986 [INFO] IPUIPlugin:80 - create IPUIPlugin
2023-12-13 22:07:09,987 [INFO] IPUIPlugin:80 - create IPUIPlugin
2023-12-13 22:07:09,987 [INFO] IPUIPlugin:80 - create IPUIPlugin
2023-12-13 22:07:09,987 [INFO] IPUIPlugin:80 - create IPUIPlugin
2023-12-13 22:07:09,987 [INFO] IPUIPlugin:80 - create IPUIPlugin
2023-12-13 22:07:09,987 [INFO] IPUIPlugin:80 - create IPUIPlugin
2023-12-13 22:07:09,987 [INFO] IPUIPlugin:80 - create IPUIPlugin
2023-12-13 22:07:09,987 [INFO] IPUIPlugin:80 - create IPUIPlugin
2023-12-13 22:07:09,987 [INFO] IPUIPlugin:80 - create IPUIPlugin
2023-12-13 22:07:09,988 [INFO] IPUIPlugin:80 - create IPUIPlugin
2023-12-13 22:07:09,988 [INFO] IPUIPlugin:80 - create IPUIPlugin
2023-12-13 22:07:09,988 [INFO] IPUIPlugin:80 - create IPUIPlugin
2023-12-13 22:07:10,103 [INFO] ApiDbMcu:507 - Load IP Config File for PDM2PCM
2023-12-13 22:07:10,336 [INFO] CADModel:165 - CPN selected for project levelSTM32F411VET6
2023-12-13 22:07:10,336 [INFO] CADModel:114 - Register for checkConnection events
2023-12-13 22:07:10,377 [INFO] OpenFileManager:328 - Restore cursor
2023-12-13 22:07:10,966 [INFO] UtilMem:75 - End SaveConfig() Used Memory: 560156296 Bytes (1048576000)
2023-12-13 22:07:11,049 [INFO] UtilMem:75 - End SaveConfig() Used Memory: 583924224 Bytes (1048576000)
2023-12-13 22:07:11,333 [INFO] BlockDiagram:2759 - set Specific Code input for plugin: NVIC
2023-12-13 22:07:11,334 [INFO] BlockDiagram:2759 - set Specific Code input for plugin: RCC
2023-12-13 22:07:11,335 [INFO] CodeGenerator:799 - code generatio: config db path: D:\STM32CubeIDE_1.13.2\STM32CubeIDE\plugins\com.st.stm32cube.common.mx_6.9.2.202309101412\\db\
2023-12-13 22:07:11,592 [INFO] CodeEngine:255 - oldGeneratedFile, D:\Courses_TH\Nam_3\TH_HK_1\Thiet_ke_he_thong_nhung\STM32F411VET6\ALL_IN_ONE\ALL_IN_ONE\MXTmpFiles\license.tmp_save
2023-12-13 22:07:11,994 [INFO] CodeEngine:279 - Generated code: D:\Courses_TH\Nam_3\TH_HK_1\Thiet_ke_he_thong_nhung\STM32F411VET6\ALL_IN_ONE\ALL_IN_ONE\MXTmpFiles\license.tmp
2023-12-13 22:07:12,002 [INFO] CodeEngine:255 - oldGeneratedFile, D:\Courses_TH\Nam_3\TH_HK_1\Thiet_ke_he_thong_nhung\STM32F411VET6\ALL_IN_ONE\ALL_IN_ONE\Core\Src\stm32f4xx_it.c_save
2023-12-13 22:07:12,175 [INFO] CodeEngine:279 - Generated code: D:\Courses_TH\Nam_3\TH_HK_1\Thiet_ke_he_thong_nhung\STM32F411VET6\ALL_IN_ONE\ALL_IN_ONE\Core\Src\stm32f4xx_it.c
2023-12-13 22:07:12,180 [INFO] CodeEngine:255 - oldGeneratedFile, D:\Courses_TH\Nam_3\TH_HK_1\Thiet_ke_he_thong_nhung\STM32F411VET6\ALL_IN_ONE\ALL_IN_ONE\Core\Inc\stm32f4xx_it.h_save
2023-12-13 22:07:12,272 [INFO] CodeEngine:279 - Generated code: D:\Courses_TH\Nam_3\TH_HK_1\Thiet_ke_he_thong_nhung\STM32F411VET6\ALL_IN_ONE\ALL_IN_ONE\Core\Inc\stm32f4xx_it.h
2023-12-13 22:07:12,331 [INFO] CodeEngine:255 - oldGeneratedFile, D:\Courses_TH\Nam_3\TH_HK_1\Thiet_ke_he_thong_nhung\STM32F411VET6\ALL_IN_ONE\ALL_IN_ONE\Core\Src\stm32f4xx_hal_msp.c_save
2023-12-13 22:07:12,458 [INFO] CodeEngine:279 - Generated code: D:\Courses_TH\Nam_3\TH_HK_1\Thiet_ke_he_thong_nhung\STM32F411VET6\ALL_IN_ONE\ALL_IN_ONE\Core\Src\stm32f4xx_hal_msp.c
2023-12-13 22:07:12,461 [INFO] CodeEngine:255 - oldGeneratedFile, D:\Courses_TH\Nam_3\TH_HK_1\Thiet_ke_he_thong_nhung\STM32F411VET6\ALL_IN_ONE\ALL_IN_ONE\MXTmpFiles\system.tmp_save
2023-12-13 22:07:12,522 [INFO] CodeEngine:279 - Generated code: D:\Courses_TH\Nam_3\TH_HK_1\Thiet_ke_he_thong_nhung\STM32F411VET6\ALL_IN_ONE\ALL_IN_ONE\MXTmpFiles\system.tmp
2023-12-13 22:07:12,528 [INFO] CodeEngine:311 - oldGeneratedFile, D:\Courses_TH\Nam_3\TH_HK_1\Thiet_ke_he_thong_nhung\STM32F411VET6\ALL_IN_ONE\ALL_IN_ONE\Core\Inc\stm32f4xx_hal_conf.h_save
2023-12-13 22:07:12,717 [INFO] CodeEngine:335 - Generated code: D:\Courses_TH\Nam_3\TH_HK_1\Thiet_ke_he_thong_nhung\STM32F411VET6\ALL_IN_ONE\ALL_IN_ONE\Core\Inc\stm32f4xx_hal_conf.h
2023-12-13 22:07:12,768 [INFO] CodeEngine:255 - oldGeneratedFile, D:\Courses_TH\Nam_3\TH_HK_1\Thiet_ke_he_thong_nhung\STM32F411VET6\ALL_IN_ONE\ALL_IN_ONE\Core\Inc\main.h_save
2023-12-13 22:07:12,899 [INFO] CodeEngine:279 - Generated code: D:\Courses_TH\Nam_3\TH_HK_1\Thiet_ke_he_thong_nhung\STM32F411VET6\ALL_IN_ONE\ALL_IN_ONE\Core\Inc\main.h
2023-12-13 22:07:12,903 [INFO] CodeEngine:255 - oldGeneratedFile, D:\Courses_TH\Nam_3\TH_HK_1\Thiet_ke_he_thong_nhung\STM32F411VET6\ALL_IN_ONE\ALL_IN_ONE\Core\Src\main.c_save
2023-12-13 22:07:13,018 [INFO] CodeEngine:279 - Generated code: D:\Courses_TH\Nam_3\TH_HK_1\Thiet_ke_he_thong_nhung\STM32F411VET6\ALL_IN_ONE\ALL_IN_ONE\Core\Src\main.c
2023-12-13 22:07:13,499 [INFO] ProjectBuilder:3064 - Time for Copy HAL[2] : 0mS.
2023-12-13 22:07:13,509 [INFO] ProjectBuilder:4404 - Project Generator version: 4.1.0
2023-12-13 22:07:13,820 [INFO] ConfigFileManager:1457 - The Die is : DIE431
2023-12-13 22:07:13,843 [INFO] ApiDbMcu:507 - Load IP Config File for FATFS
2023-12-13 22:07:13,850 [INFO] ApiDbMcu:507 - Load IP Config File for FREERTOS
2023-12-13 22:07:13,854 [INFO] ApiDbMcu:507 - Load IP Config File for LIBJPEG
2023-12-13 22:07:13,867 [INFO] ApiDbMcu:507 - Load IP Config File for MBEDTLS
2023-12-13 22:07:13,879 [INFO] ApiDbMcu:507 - Load IP Config File for USB_DEVICE
2023-12-13 22:07:13,885 [INFO] ApiDbMcu:507 - Load IP Config File for USB_HOST
2023-12-13 22:07:14,610 [INFO] LogOutputStream:77 - [STDOUT_REDIRECT] 
2023-12-13 22:07:16,960 [INFO] ProjectBuilder:4626 - Time for Generating toolchain IDE Files: 3451mS.
2023-12-13 22:07:16,960 [INFO] ProjectBuilder:2935 - Time for Copy CMSIS : 0mS.
2023-12-13 22:07:16,961 [INFO] ProjectBuilder:2935 - Time for Copy CMSIS : 0mS.
2023-12-13 22:07:17,564 [INFO] McuFinderGlobals:76 - Set McuFinderConnectedMode to true
2023-12-13 22:07:17,568 [INFO] ApiDb:448 - Save user favorites file C:\Users\Toan/.stm32cubeide/favorites.mcus.txt: 0 item(s)
2023-12-13 22:07:17,568 [INFO] ApiDb:452 - User favorites MCUs=[]
2023-12-13 22:08:22,371 [INFO] Gpio:273 - dependency for GPIO []
2023-12-13 22:08:24,836 [INFO] Gpio:273 - dependency for GPIO []
2023-12-13 22:08:53,105 [INFO] Gpio:273 - dependency for GPIO []
2023-12-13 22:09:13,282 [WARN] IP:2114 - I2C_Coeff_DF not found: check if there is a RefParameter without a condition.
2023-12-13 22:09:13,282 [WARN] IP:2114 - Analog_Filter not found: check if there is a RefParameter without a condition.
2023-12-13 22:09:13,298 [WARN] IP:2114 - I2C_Coeff_DF not found: check if there is a RefParameter without a condition.
2023-12-13 22:09:13,298 [WARN] IP:2114 - Analog_Filter not found: check if there is a RefParameter without a condition.
2023-12-13 22:09:13,298 [WARN] IP:2114 - I2C_Coeff_DF not found: check if there is a RefParameter without a condition.
2023-12-13 22:09:13,298 [WARN] IP:2114 - Analog_Filter not found: check if there is a RefParameter without a condition.
2023-12-13 22:09:13,372 [WARN] IP:2114 - I2C_Coeff_DF not found: check if there is a RefParameter without a condition.
2023-12-13 22:09:13,372 [WARN] IP:2114 - Analog_Filter not found: check if there is a RefParameter without a condition.
2023-12-13 22:09:13,373 [WARN] IP:2114 - I2C_Coeff_DF not found: check if there is a RefParameter without a condition.
2023-12-13 22:09:13,373 [WARN] IP:2114 - Analog_Filter not found: check if there is a RefParameter without a condition.
2023-12-13 22:11:15,970 [INFO] NvicIntPanel:101 - NVIC parent = com.st.microxplorer.plugins.ip.nvic.MultiNvicIntPanel[,0,0,0x0,invalid,layout=javax.swing.BoxLayout,alignmentX=0.0,alignmentY=0.0,border=,flags=9,maximumSize=,minimumSize=,preferredSize=]
2023-12-13 22:12:38,523 [INFO] NvicIntPanel:101 - NVIC parent = com.st.microxplorer.plugins.ip.nvic.MultiNvicIntPanel[,0,0,0x0,invalid,layout=javax.swing.BoxLayout,alignmentX=0.0,alignmentY=0.0,border=,flags=9,maximumSize=,minimumSize=,preferredSize=]
2023-12-13 22:12:43,026 [INFO] NvicIntPanel:101 - NVIC parent = com.st.microxplorer.plugins.ip.nvic.MultiNvicIntPanel[,0,0,0x0,invalid,layout=javax.swing.BoxLayout,alignmentX=0.0,alignmentY=0.0,border=,flags=9,maximumSize=,minimumSize=,preferredSize=]
2023-12-13 22:12:43,088 [INFO] NvicIntPanel:101 - NVIC parent = com.st.microxplorer.plugins.ip.nvic.MultiNvicIntPanel[,0,0,0x0,invalid,layout=javax.swing.BoxLayout,alignmentX=0.0,alignmentY=0.0,border=,flags=9,maximumSize=,minimumSize=,preferredSize=]
2023-12-13 22:13:28,738 [WARN] IP:2114 - DEVICE_SERIAL0_CDC_FS not found: check if there is a RefParameter without a condition.
2023-12-13 22:13:28,738 [WARN] IP:2114 - DEVICE_SERIAL1_CDC_FS not found: check if there is a RefParameter without a condition.
2023-12-13 22:13:28,738 [WARN] IP:2114 - DEVICE_SERIAL2_CDC_FS not found: check if there is a RefParameter without a condition.
2023-12-13 22:13:28,739 [WARN] IP:2114 - DEVICE_SERIAL0_CDC_FS not found: check if there is a RefParameter without a condition.
2023-12-13 22:13:28,740 [WARN] IP:2114 - DEVICE_SERIAL1_CDC_FS not found: check if there is a RefParameter without a condition.
2023-12-13 22:13:28,740 [WARN] IP:2114 - DEVICE_SERIAL2_CDC_FS not found: check if there is a RefParameter without a condition.
2023-12-13 22:13:28,769 [WARN] IP:2114 - DEVICE_SERIAL0_CDC_FS not found: check if there is a RefParameter without a condition.
2023-12-13 22:13:28,769 [WARN] IP:2114 - DEVICE_SERIAL1_CDC_FS not found: check if there is a RefParameter without a condition.
2023-12-13 22:13:28,769 [WARN] IP:2114 - DEVICE_SERIAL2_CDC_FS not found: check if there is a RefParameter without a condition.
2023-12-13 22:13:53,464 [WARN] IP:2114 - DEVICE_SERIAL0_CDC_FS not found: check if there is a RefParameter without a condition.
2023-12-13 22:13:53,464 [WARN] IP:2114 - DEVICE_SERIAL1_CDC_FS not found: check if there is a RefParameter without a condition.
2023-12-13 22:13:53,464 [WARN] IP:2114 - DEVICE_SERIAL2_CDC_FS not found: check if there is a RefParameter without a condition.
2023-12-13 22:13:53,464 [WARN] IP:2114 - DEVICE_SERIAL0_CDC_FS not found: check if there is a RefParameter without a condition.
2023-12-13 22:13:53,464 [WARN] IP:2114 - DEVICE_SERIAL1_CDC_FS not found: check if there is a RefParameter without a condition.
2023-12-13 22:13:53,464 [WARN] IP:2114 - DEVICE_SERIAL2_CDC_FS not found: check if there is a RefParameter without a condition.
2023-12-13 22:13:53,475 [WARN] IP:2114 - I2C_Coeff_DF not found: check if there is a RefParameter without a condition.
2023-12-13 22:13:53,475 [WARN] IP:2114 - Analog_Filter not found: check if there is a RefParameter without a condition.
2023-12-13 22:13:53,475 [WARN] IP:2114 - I2C_Coeff_DF not found: check if there is a RefParameter without a condition.
2023-12-13 22:13:53,475 [WARN] IP:2114 - Analog_Filter not found: check if there is a RefParameter without a condition.
2023-12-13 22:13:54,755 [WARN] IP:2114 - DEVICE_SERIAL0_CDC_FS not found: check if there is a RefParameter without a condition.
2023-12-13 22:13:54,755 [WARN] IP:2114 - DEVICE_SERIAL1_CDC_FS not found: check if there is a RefParameter without a condition.
2023-12-13 22:13:54,755 [WARN] IP:2114 - DEVICE_SERIAL2_CDC_FS not found: check if there is a RefParameter without a condition.
2023-12-13 22:13:54,755 [WARN] IP:2114 - DEVICE_SERIAL0_CDC_FS not found: check if there is a RefParameter without a condition.
2023-12-13 22:13:54,755 [WARN] IP:2114 - DEVICE_SERIAL1_CDC_FS not found: check if there is a RefParameter without a condition.
2023-12-13 22:13:54,755 [WARN] IP:2114 - DEVICE_SERIAL2_CDC_FS not found: check if there is a RefParameter without a condition.
2023-12-13 22:13:54,770 [WARN] IP:2114 - I2C_Coeff_DF not found: check if there is a RefParameter without a condition.
2023-12-13 22:13:54,770 [WARN] IP:2114 - Analog_Filter not found: check if there is a RefParameter without a condition.
2023-12-13 22:13:54,770 [WARN] IP:2114 - I2C_Coeff_DF not found: check if there is a RefParameter without a condition.
2023-12-13 22:13:54,770 [WARN] IP:2114 - Analog_Filter not found: check if there is a RefParameter without a condition.
2023-12-13 22:15:19,596 [WARN] IP:2114 - DEVICE_SERIAL0_CDC_FS not found: check if there is a RefParameter without a condition.
2023-12-13 22:15:19,596 [WARN] IP:2114 - DEVICE_SERIAL1_CDC_FS not found: check if there is a RefParameter without a condition.
2023-12-13 22:15:19,596 [WARN] IP:2114 - DEVICE_SERIAL2_CDC_FS not found: check if there is a RefParameter without a condition.
2023-12-13 22:15:19,597 [WARN] IP:2114 - DEVICE_SERIAL0_CDC_FS not found: check if there is a RefParameter without a condition.
2023-12-13 22:15:19,597 [WARN] IP:2114 - DEVICE_SERIAL1_CDC_FS not found: check if there is a RefParameter without a condition.
2023-12-13 22:15:19,597 [WARN] IP:2114 - DEVICE_SERIAL2_CDC_FS not found: check if there is a RefParameter without a condition.
2023-12-13 22:15:19,606 [WARN] IP:2114 - I2C_Coeff_DF not found: check if there is a RefParameter without a condition.
2023-12-13 22:15:19,606 [WARN] IP:2114 - Analog_Filter not found: check if there is a RefParameter without a condition.
2023-12-13 22:15:19,606 [WARN] IP:2114 - I2C_Coeff_DF not found: check if there is a RefParameter without a condition.
2023-12-13 22:15:19,606 [WARN] IP:2114 - Analog_Filter not found: check if there is a RefParameter without a condition.
2023-12-13 22:15:41,011 [WARN] IP:2114 - DEVICE_SERIAL0_CDC_FS not found: check if there is a RefParameter without a condition.
2023-12-13 22:15:41,011 [WARN] IP:2114 - DEVICE_SERIAL1_CDC_FS not found: check if there is a RefParameter without a condition.
2023-12-13 22:15:41,011 [WARN] IP:2114 - DEVICE_SERIAL2_CDC_FS not found: check if there is a RefParameter without a condition.
2023-12-13 22:15:41,012 [WARN] IP:2114 - DEVICE_SERIAL0_CDC_FS not found: check if there is a RefParameter without a condition.
2023-12-13 22:15:41,012 [WARN] IP:2114 - DEVICE_SERIAL1_CDC_FS not found: check if there is a RefParameter without a condition.
2023-12-13 22:15:41,012 [WARN] IP:2114 - DEVICE_SERIAL2_CDC_FS not found: check if there is a RefParameter without a condition.
2023-12-13 22:15:41,021 [WARN] IP:2114 - I2C_Coeff_DF not found: check if there is a RefParameter without a condition.
2023-12-13 22:15:41,021 [WARN] IP:2114 - Analog_Filter not found: check if there is a RefParameter without a condition.
2023-12-13 22:15:41,021 [WARN] IP:2114 - I2C_Coeff_DF not found: check if there is a RefParameter without a condition.
2023-12-13 22:15:41,021 [WARN] IP:2114 - Analog_Filter not found: check if there is a RefParameter without a condition.
2023-12-13 22:15:43,465 [WARN] IP:2114 - DEVICE_SERIAL0_CDC_FS not found: check if there is a RefParameter without a condition.
2023-12-13 22:15:43,465 [WARN] IP:2114 - DEVICE_SERIAL1_CDC_FS not found: check if there is a RefParameter without a condition.
2023-12-13 22:15:43,465 [WARN] IP:2114 - DEVICE_SERIAL2_CDC_FS not found: check if there is a RefParameter without a condition.
2023-12-13 22:15:43,465 [WARN] IP:2114 - DEVICE_SERIAL0_CDC_FS not found: check if there is a RefParameter without a condition.
2023-12-13 22:15:43,465 [WARN] IP:2114 - DEVICE_SERIAL1_CDC_FS not found: check if there is a RefParameter without a condition.
2023-12-13 22:15:43,465 [WARN] IP:2114 - DEVICE_SERIAL2_CDC_FS not found: check if there is a RefParameter without a condition.
2023-12-13 22:15:43,474 [WARN] IP:2114 - I2C_Coeff_DF not found: check if there is a RefParameter without a condition.
2023-12-13 22:15:43,474 [WARN] IP:2114 - Analog_Filter not found: check if there is a RefParameter without a condition.
2023-12-13 22:15:43,474 [WARN] IP:2114 - I2C_Coeff_DF not found: check if there is a RefParameter without a condition.
2023-12-13 22:15:43,474 [WARN] IP:2114 - Analog_Filter not found: check if there is a RefParameter without a condition.
2023-12-13 22:15:45,123 [WARN] IP:2114 - DEVICE_SERIAL0_CDC_FS not found: check if there is a RefParameter without a condition.
2023-12-13 22:15:45,123 [WARN] IP:2114 - DEVICE_SERIAL1_CDC_FS not found: check if there is a RefParameter without a condition.
2023-12-13 22:15:45,123 [WARN] IP:2114 - DEVICE_SERIAL2_CDC_FS not found: check if there is a RefParameter without a condition.
2023-12-13 22:15:45,125 [WARN] IP:2114 - DEVICE_SERIAL0_CDC_FS not found: check if there is a RefParameter without a condition.
2023-12-13 22:15:45,125 [WARN] IP:2114 - DEVICE_SERIAL1_CDC_FS not found: check if there is a RefParameter without a condition.
2023-12-13 22:15:45,125 [WARN] IP:2114 - DEVICE_SERIAL2_CDC_FS not found: check if there is a RefParameter without a condition.
2023-12-13 22:15:45,136 [WARN] IP:2114 - I2C_Coeff_DF not found: check if there is a RefParameter without a condition.
2023-12-13 22:15:45,137 [WARN] IP:2114 - Analog_Filter not found: check if there is a RefParameter without a condition.
2023-12-13 22:15:45,137 [WARN] IP:2114 - I2C_Coeff_DF not found: check if there is a RefParameter without a condition.
2023-12-13 22:15:45,137 [WARN] IP:2114 - Analog_Filter not found: check if there is a RefParameter without a condition.
2023-12-13 22:16:00,108 [WARN] IP:2114 - DEVICE_SERIAL0_CDC_FS not found: check if there is a RefParameter without a condition.
2023-12-13 22:16:00,108 [WARN] IP:2114 - DEVICE_SERIAL1_CDC_FS not found: check if there is a RefParameter without a condition.
2023-12-13 22:16:00,108 [WARN] IP:2114 - DEVICE_SERIAL2_CDC_FS not found: check if there is a RefParameter without a condition.
2023-12-13 22:16:00,108 [WARN] IP:2114 - DEVICE_SERIAL0_CDC_FS not found: check if there is a RefParameter without a condition.
2023-12-13 22:16:00,108 [WARN] IP:2114 - DEVICE_SERIAL1_CDC_FS not found: check if there is a RefParameter without a condition.
2023-12-13 22:16:00,108 [WARN] IP:2114 - DEVICE_SERIAL2_CDC_FS not found: check if there is a RefParameter without a condition.
2023-12-13 22:16:00,116 [WARN] IP:2114 - I2C_Coeff_DF not found: check if there is a RefParameter without a condition.
2023-12-13 22:16:00,116 [WARN] IP:2114 - Analog_Filter not found: check if there is a RefParameter without a condition.
2023-12-13 22:16:00,116 [WARN] IP:2114 - I2C_Coeff_DF not found: check if there is a RefParameter without a condition.
2023-12-13 22:16:00,117 [WARN] IP:2114 - Analog_Filter not found: check if there is a RefParameter without a condition.
2023-12-13 22:16:01,880 [WARN] IP:2114 - DEVICE_SERIAL0_CDC_FS not found: check if there is a RefParameter without a condition.
2023-12-13 22:16:01,880 [WARN] IP:2114 - DEVICE_SERIAL1_CDC_FS not found: check if there is a RefParameter without a condition.
2023-12-13 22:16:01,880 [WARN] IP:2114 - DEVICE_SERIAL2_CDC_FS not found: check if there is a RefParameter without a condition.
2023-12-13 22:16:01,880 [WARN] IP:2114 - DEVICE_SERIAL0_CDC_FS not found: check if there is a RefParameter without a condition.
2023-12-13 22:16:01,880 [WARN] IP:2114 - DEVICE_SERIAL1_CDC_FS not found: check if there is a RefParameter without a condition.
2023-12-13 22:16:01,881 [WARN] IP:2114 - DEVICE_SERIAL2_CDC_FS not found: check if there is a RefParameter without a condition.
2023-12-13 22:16:01,888 [WARN] IP:2114 - I2C_Coeff_DF not found: check if there is a RefParameter without a condition.
2023-12-13 22:16:01,888 [WARN] IP:2114 - Analog_Filter not found: check if there is a RefParameter without a condition.
2023-12-13 22:16:01,889 [WARN] IP:2114 - I2C_Coeff_DF not found: check if there is a RefParameter without a condition.
2023-12-13 22:16:01,889 [WARN] IP:2114 - Analog_Filter not found: check if there is a RefParameter without a condition.
2023-12-13 22:18:30,886 [INFO] NvicIntPanel:101 - NVIC parent = com.st.microxplorer.plugins.ip.nvic.MultiNvicIntPanel[,0,0,0x0,invalid,layout=javax.swing.BoxLayout,alignmentX=0.0,alignmentY=0.0,border=,flags=9,maximumSize=,minimumSize=,preferredSize=]
2023-12-13 22:18:37,554 [INFO] UtilMem:75 - End SaveConfig() Used Memory: 669399952 Bytes (1073741824)
2023-12-13 22:18:39,089 [INFO] UtilMem:75 - End SaveConfig() Used Memory: 669046760 Bytes (1073741824)
2023-12-13 22:18:41,641 [INFO] UtilMem:75 - End SaveConfig() Used Memory: 658838336 Bytes (1073741824)
2023-12-13 22:18:41,964 [INFO] BlockDiagram:2759 - set Specific Code input for plugin: USB_OTG_FS
2023-12-13 22:18:41,964 [INFO] BlockDiagram:2759 - set Specific Code input for plugin: NVIC
2023-12-13 22:18:41,964 [INFO] BlockDiagram:2759 - set Specific Code input for plugin: TIM1_8
2023-12-13 22:18:41,965 [INFO] BlockDiagram:2759 - set Specific Code input for plugin: USB_DEVICE
2023-12-13 22:18:41,965 [INFO] BlockDiagram:2759 - set Specific Code input for plugin: SYS
2023-12-13 22:18:41,965 [INFO] BlockDiagram:2759 - set Specific Code input for plugin: GPIO
2023-12-13 22:18:41,965 [INFO] BlockDiagram:2759 - set Specific Code input for plugin: RCC
2023-12-13 22:18:41,965 [INFO] BlockDiagram:2759 - set Specific Code input for plugin: I2C
2023-12-13 22:18:41,966 [INFO] CodeGenerator:799 - code generatio: config db path: D:\STM32CubeIDE_1.13.2\STM32CubeIDE\plugins\com.st.stm32cube.common.mx_6.9.2.202309101412\\db\
2023-12-13 22:18:41,968 [WARN] IP:2114 - I2C_Coeff_DF not found: check if there is a RefParameter without a condition.
2023-12-13 22:18:41,968 [WARN] IP:2114 - Analog_Filter not found: check if there is a RefParameter without a condition.
2023-12-13 22:18:41,977 [WARN] IP:2114 - DEVICE_SERIAL0_CDC_FS not found: check if there is a RefParameter without a condition.
2023-12-13 22:18:41,978 [WARN] IP:2114 - DEVICE_SERIAL1_CDC_FS not found: check if there is a RefParameter without a condition.
2023-12-13 22:18:41,978 [WARN] IP:2114 - DEVICE_SERIAL2_CDC_FS not found: check if there is a RefParameter without a condition.
2023-12-13 22:18:42,040 [INFO] CodeEngine:255 - oldGeneratedFile, D:\Courses_TH\Nam_3\TH_HK_1\Thiet_ke_he_thong_nhung\STM32F411VET6\ALL_IN_ONE\ALL_IN_ONE\MXTmpFiles\license.tmp_save
2023-12-13 22:18:42,122 [INFO] CodeEngine:279 - Generated code: D:\Courses_TH\Nam_3\TH_HK_1\Thiet_ke_he_thong_nhung\STM32F411VET6\ALL_IN_ONE\ALL_IN_ONE\MXTmpFiles\license.tmp
2023-12-13 22:18:42,147 [INFO] CodeEngine:255 - oldGeneratedFile, D:\Courses_TH\Nam_3\TH_HK_1\Thiet_ke_he_thong_nhung\STM32F411VET6\ALL_IN_ONE\ALL_IN_ONE\MXTmpFiles\gpio.tmp_save
2023-12-13 22:18:42,256 [INFO] CodeEngine:279 - Generated code: D:\Courses_TH\Nam_3\TH_HK_1\Thiet_ke_he_thong_nhung\STM32F411VET6\ALL_IN_ONE\ALL_IN_ONE\MXTmpFiles\gpio.tmp
2023-12-13 22:18:42,288 [WARN] IPConfigManager:2937 - Warning: the RefConfig PWREx_EnableUSBVoltageDetector is not available in your config.xml file
2023-12-13 22:18:42,302 [INFO] CodeEngine:255 - oldGeneratedFile, D:\Courses_TH\Nam_3\TH_HK_1\Thiet_ke_he_thong_nhung\STM32F411VET6\ALL_IN_ONE\ALL_IN_ONE\MXTmpFiles\usb_otg_fs_vars.tmp_save
2023-12-13 22:18:42,393 [INFO] CodeEngine:279 - Generated code: D:\Courses_TH\Nam_3\TH_HK_1\Thiet_ke_he_thong_nhung\STM32F411VET6\ALL_IN_ONE\ALL_IN_ONE\MXTmpFiles\usb_otg_fs_vars.tmp
2023-12-13 22:18:42,403 [INFO] CodeEngine:255 - oldGeneratedFile, D:\Courses_TH\Nam_3\TH_HK_1\Thiet_ke_he_thong_nhung\STM32F411VET6\ALL_IN_ONE\ALL_IN_ONE\MXTmpFiles\usb_otg_fs_inc.tmp_save
2023-12-13 22:18:42,453 [INFO] CodeEngine:279 - Generated code: D:\Courses_TH\Nam_3\TH_HK_1\Thiet_ke_he_thong_nhung\STM32F411VET6\ALL_IN_ONE\ALL_IN_ONE\MXTmpFiles\usb_otg_fs_inc.tmp
2023-12-13 22:18:42,466 [INFO] CodeEngine:255 - oldGeneratedFile, D:\Courses_TH\Nam_3\TH_HK_1\Thiet_ke_he_thong_nhung\STM32F411VET6\ALL_IN_ONE\ALL_IN_ONE\MXTmpFiles\usb_otg_fs_HalInit.tmp_save
2023-12-13 22:18:42,549 [INFO] CodeEngine:279 - Generated code: D:\Courses_TH\Nam_3\TH_HK_1\Thiet_ke_he_thong_nhung\STM32F411VET6\ALL_IN_ONE\ALL_IN_ONE\MXTmpFiles\usb_otg_fs_HalInit.tmp
2023-12-13 22:18:42,561 [INFO] CodeEngine:255 - oldGeneratedFile, D:\Courses_TH\Nam_3\TH_HK_1\Thiet_ke_he_thong_nhung\STM32F411VET6\ALL_IN_ONE\ALL_IN_ONE\MXTmpFiles\usb_otg_fs_Msp.tmp_save
2023-12-13 22:18:42,634 [INFO] CodeEngine:279 - Generated code: D:\Courses_TH\Nam_3\TH_HK_1\Thiet_ke_he_thong_nhung\STM32F411VET6\ALL_IN_ONE\ALL_IN_ONE\MXTmpFiles\usb_otg_fs_Msp.tmp
2023-12-13 22:18:42,785 [INFO] Middleware:1439 - No code input for Bsp Dependency
2023-12-13 22:18:42,795 [INFO] Middleware:1439 - No code input for Bsp Dependency
2023-12-13 22:18:42,806 [INFO] CodeEngine:255 - oldGeneratedFile, D:\Courses_TH\Nam_3\TH_HK_1\Thiet_ke_he_thong_nhung\STM32F411VET6\ALL_IN_ONE\ALL_IN_ONE\USB_DEVICE\App\usb_device.c_save
2023-12-13 22:18:42,920 [INFO] CodeEngine:279 - Generated code: D:\Courses_TH\Nam_3\TH_HK_1\Thiet_ke_he_thong_nhung\STM32F411VET6\ALL_IN_ONE\ALL_IN_ONE\USB_DEVICE\App\usb_device.c
2023-12-13 22:18:42,929 [INFO] CodeEngine:255 - oldGeneratedFile, D:\Courses_TH\Nam_3\TH_HK_1\Thiet_ke_he_thong_nhung\STM32F411VET6\ALL_IN_ONE\ALL_IN_ONE\USB_DEVICE\App\usb_device.h_save
2023-12-13 22:18:43,001 [INFO] CodeEngine:279 - Generated code: D:\Courses_TH\Nam_3\TH_HK_1\Thiet_ke_he_thong_nhung\STM32F411VET6\ALL_IN_ONE\ALL_IN_ONE\USB_DEVICE\App\usb_device.h
2023-12-13 22:18:43,012 [INFO] CodeEngine:255 - oldGeneratedFile, D:\Courses_TH\Nam_3\TH_HK_1\Thiet_ke_he_thong_nhung\STM32F411VET6\ALL_IN_ONE\ALL_IN_ONE\USB_DEVICE\Target\usbd_conf.h_save
2023-12-13 22:18:43,083 [INFO] CodeEngine:279 - Generated code: D:\Courses_TH\Nam_3\TH_HK_1\Thiet_ke_he_thong_nhung\STM32F411VET6\ALL_IN_ONE\ALL_IN_ONE\USB_DEVICE\Target\usbd_conf.h
2023-12-13 22:18:43,094 [INFO] CodeEngine:255 - oldGeneratedFile, D:\Courses_TH\Nam_3\TH_HK_1\Thiet_ke_he_thong_nhung\STM32F411VET6\ALL_IN_ONE\ALL_IN_ONE\USB_DEVICE\Target\usbd_conf.c_save
2023-12-13 22:18:43,187 [INFO] CodeEngine:279 - Generated code: D:\Courses_TH\Nam_3\TH_HK_1\Thiet_ke_he_thong_nhung\STM32F411VET6\ALL_IN_ONE\ALL_IN_ONE\USB_DEVICE\Target\usbd_conf.c
2023-12-13 22:18:43,214 [INFO] CodeEngine:255 - oldGeneratedFile, D:\Courses_TH\Nam_3\TH_HK_1\Thiet_ke_he_thong_nhung\STM32F411VET6\ALL_IN_ONE\ALL_IN_ONE\USB_DEVICE\App\usbd_desc.h_save
2023-12-13 22:18:43,300 [INFO] CodeEngine:279 - Generated code: D:\Courses_TH\Nam_3\TH_HK_1\Thiet_ke_he_thong_nhung\STM32F411VET6\ALL_IN_ONE\ALL_IN_ONE\USB_DEVICE\App\usbd_desc.h
2023-12-13 22:18:43,313 [INFO] CodeEngine:255 - oldGeneratedFile, D:\Courses_TH\Nam_3\TH_HK_1\Thiet_ke_he_thong_nhung\STM32F411VET6\ALL_IN_ONE\ALL_IN_ONE\USB_DEVICE\App\usbd_desc.c_save
2023-12-13 22:18:43,399 [INFO] CodeEngine:279 - Generated code: D:\Courses_TH\Nam_3\TH_HK_1\Thiet_ke_he_thong_nhung\STM32F411VET6\ALL_IN_ONE\ALL_IN_ONE\USB_DEVICE\App\usbd_desc.c
2023-12-13 22:18:43,423 [INFO] CodeEngine:255 - oldGeneratedFile, D:\Courses_TH\Nam_3\TH_HK_1\Thiet_ke_he_thong_nhung\STM32F411VET6\ALL_IN_ONE\ALL_IN_ONE\USB_DEVICE\App\usbd_cdc_if.h_save
2023-12-13 22:18:43,514 [INFO] CodeEngine:279 - Generated code: D:\Courses_TH\Nam_3\TH_HK_1\Thiet_ke_he_thong_nhung\STM32F411VET6\ALL_IN_ONE\ALL_IN_ONE\USB_DEVICE\App\usbd_cdc_if.h
2023-12-13 22:18:43,527 [INFO] CodeEngine:255 - oldGeneratedFile, D:\Courses_TH\Nam_3\TH_HK_1\Thiet_ke_he_thong_nhung\STM32F411VET6\ALL_IN_ONE\ALL_IN_ONE\USB_DEVICE\App\usbd_cdc_if.c_save
2023-12-13 22:18:43,646 [INFO] CodeEngine:279 - Generated code: D:\Courses_TH\Nam_3\TH_HK_1\Thiet_ke_he_thong_nhung\STM32F411VET6\ALL_IN_ONE\ALL_IN_ONE\USB_DEVICE\App\usbd_cdc_if.c
2023-12-13 22:18:43,683 [INFO] CodeEngine:255 - oldGeneratedFile, D:\Courses_TH\Nam_3\TH_HK_1\Thiet_ke_he_thong_nhung\STM32F411VET6\ALL_IN_ONE\ALL_IN_ONE\Core\Src\stm32f4xx_it.c_save
2023-12-13 22:18:43,851 [INFO] CodeEngine:279 - Generated code: D:\Courses_TH\Nam_3\TH_HK_1\Thiet_ke_he_thong_nhung\STM32F411VET6\ALL_IN_ONE\ALL_IN_ONE\Core\Src\stm32f4xx_it.c
2023-12-13 22:18:43,855 [INFO] CodeEngine:255 - oldGeneratedFile, D:\Courses_TH\Nam_3\TH_HK_1\Thiet_ke_he_thong_nhung\STM32F411VET6\ALL_IN_ONE\ALL_IN_ONE\Core\Inc\stm32f4xx_it.h_save
2023-12-13 22:18:43,924 [INFO] CodeEngine:279 - Generated code: D:\Courses_TH\Nam_3\TH_HK_1\Thiet_ke_he_thong_nhung\STM32F411VET6\ALL_IN_ONE\ALL_IN_ONE\Core\Inc\stm32f4xx_it.h
2023-12-13 22:18:43,943 [INFO] CodeEngine:255 - oldGeneratedFile, D:\Courses_TH\Nam_3\TH_HK_1\Thiet_ke_he_thong_nhung\STM32F411VET6\ALL_IN_ONE\ALL_IN_ONE\Core\Src\stm32f4xx_hal_msp.c_save
2023-12-13 22:18:44,050 [INFO] CodeEngine:279 - Generated code: D:\Courses_TH\Nam_3\TH_HK_1\Thiet_ke_he_thong_nhung\STM32F411VET6\ALL_IN_ONE\ALL_IN_ONE\Core\Src\stm32f4xx_hal_msp.c
2023-12-13 22:18:44,052 [INFO] CodeEngine:255 - oldGeneratedFile, D:\Courses_TH\Nam_3\TH_HK_1\Thiet_ke_he_thong_nhung\STM32F411VET6\ALL_IN_ONE\ALL_IN_ONE\MXTmpFiles\system.tmp_save
2023-12-13 22:18:44,082 [INFO] CodeEngine:279 - Generated code: D:\Courses_TH\Nam_3\TH_HK_1\Thiet_ke_he_thong_nhung\STM32F411VET6\ALL_IN_ONE\ALL_IN_ONE\MXTmpFiles\system.tmp
2023-12-13 22:18:44,104 [INFO] CodeEngine:311 - oldGeneratedFile, D:\Courses_TH\Nam_3\TH_HK_1\Thiet_ke_he_thong_nhung\STM32F411VET6\ALL_IN_ONE\ALL_IN_ONE\Core\Inc\stm32f4xx_hal_conf.h_save
2023-12-13 22:18:44,212 [INFO] CodeEngine:335 - Generated code: D:\Courses_TH\Nam_3\TH_HK_1\Thiet_ke_he_thong_nhung\STM32F411VET6\ALL_IN_ONE\ALL_IN_ONE\Core\Inc\stm32f4xx_hal_conf.h
2023-12-13 22:18:44,256 [WARN] IPConfigManager:3431 - IP not found : TIM
2023-12-13 22:18:44,256 [WARN] CodeGenerator:3764 - IP not found : null
2023-12-13 22:18:44,274 [INFO] CodeEngine:255 - oldGeneratedFile, D:\Courses_TH\Nam_3\TH_HK_1\Thiet_ke_he_thong_nhung\STM32F411VET6\ALL_IN_ONE\ALL_IN_ONE\Core\Inc\main.h_save
2023-12-13 22:18:44,396 [INFO] CodeEngine:279 - Generated code: D:\Courses_TH\Nam_3\TH_HK_1\Thiet_ke_he_thong_nhung\STM32F411VET6\ALL_IN_ONE\ALL_IN_ONE\Core\Inc\main.h
2023-12-13 22:18:44,411 [INFO] CodeEngine:255 - oldGeneratedFile, D:\Courses_TH\Nam_3\TH_HK_1\Thiet_ke_he_thong_nhung\STM32F411VET6\ALL_IN_ONE\ALL_IN_ONE\Core\Src\main.c_save
2023-12-13 22:18:44,494 [INFO] CodeEngine:279 - Generated code: D:\Courses_TH\Nam_3\TH_HK_1\Thiet_ke_he_thong_nhung\STM32F411VET6\ALL_IN_ONE\ALL_IN_ONE\Core\Src\main.c
2023-12-13 22:18:44,777 [INFO] ProjectBuilder:3064 - Time for Copy HAL[2] : 0mS.
2023-12-13 22:18:44,787 [INFO] ProjectBuilder:4404 - Project Generator version: 4.1.0
2023-12-13 22:18:44,911 [INFO] ConfigFileManager:1457 - The Die is : DIE431
2023-12-13 22:18:46,245 [INFO] ProjectBuilder:4626 - Time for Generating toolchain IDE Files: 1459mS.
2023-12-13 22:18:46,246 [INFO] ProjectBuilder:2935 - Time for Copy CMSIS : 0mS.
2023-12-13 22:18:46,248 [INFO] ProjectBuilder:2935 - Time for Copy CMSIS : 0mS.
2023-12-13 22:31:43,855 [ERROR] ConfigurationRetriever:142 - IOException on connection: Read timed out
2023-12-13 23:15:02,137 [ERROR] ConfigurationRetriever:142 - IOException on connection: Read timed out
2023-12-13 23:15:04,181 [ERROR] ConfigurationRetriever:142 - IOException on connection: Read timed out
2023-12-13 23:15:06,201 [ERROR] ConfigurationRetriever:142 - IOException on connection: Read timed out
2023-12-13 23:15:08,233 [ERROR] ConfigurationRetriever:142 - IOException on connection: Read timed out
